Case 1: ac,bd
Case 2: ac,ad
Case 3: impossible
Case 4: ac,ad
Case 5: impossible
Case 6: impossible
Case 7: impossible
Case 8: ac,cd,da,cd,bc,ca
Case 9: ac,ad
Case 10: impossible
Case 11: ac,cd
Case 12: ac,ad
Case 13: ac,cd,da,cd,da,cd,ac,cd,da,bd,da,cd,da,cd,da
Case 14: ac,ad,ca,bc,ca,bc,ca,db,cd,ac
Case 15: impossible
Case 16: ad,ac,da,bd,bc
Case 17: ac,ad
Case 18: ac,ad,bd,ca,da,ac
Case 19: impossible
Case 20: ac,cd,ac,cd,ac,cd,ac
Case 21: ad,dc,ca,dc,ad,dc,ca,dc,ca,dc,ad,dc,ca,dc,ad,dc,ca,dc,ca,dc,ad
Case 22: ad,dc,ad
Case 23: ac,cd,da,cd,ac,bc,ca,bc,cd,db,cd,bc
Case 24: ad,dc,ca,dc,ad,dc
Case 25: ac,cd,da,cd,da,cd,ac,cd,da,cd,da,cd,ac,cd,da,bd,da,bd,da
Case 26: impossible
Case 27: ac,cd,ac,cd,da,cd,ac,cd
Case 28: impossible
Case 29: ad,dc,ad
Case 30: ad,dc,ad,dc,ca,dc,ad,dc,ca,dc,ad,dc,ca,dc,bd,dc,bd,dc,cb,dc,bd,da
Case 31: impossible
Case 32: ac,ad
Case 33: ac,bd,cb,ac,cb,ac,da,bd,cb,ac,cb,ac,da,bd,cb,ac,cb,ac,cb,ac,da,cd,bc,cd,bc,cd,da
Case 34: impossible
Case 35: ac,cd,ac,cd,da,cd,bc,ca
Case 36: ac,ad
Case 37: ac,bd,cb,ac,da,bd,cb,ac,da,bd,cb,dc,cb,dc,bd,da
Case 38: impossible
Case 39: ac,ad,bd,da,cd,bc,ca
Case 40: ad,dc,ad,dc,ca,dc,ad,dc,ca,dc,ad,dc,ca,dc,ad,dc,ad,dc,ca,dc,ad,dc,ca,dc,ad,dc,ca,dc,ad,dc,ca,dc,bd,dc,bd,dc,cb,dc,bd,dc,cb,dc,bd,da
Case 41: ac,cd
Case 42: ac,cd,da,cd,da,cd,da,cd,ac,cd,da,bd,da,bd,da,bd,da,bd,da
Case 43: ac,cd
Case 44: ac,cd,da,cd,ac,cd
Case 45: impossible
Case 46: impossible
Case 47: ac,cd,da,cd,ac,cd,da,cd,bc,cd,da
Case 48: ac,ad
Case 49: ac,bd,cb,ac,cb,ac,da,cd,ac,cd,ac,cd,da,cd,ac,cb
Case 50: ad,ac,da,bd,da,bd,da,ac,cb,dc,bd,dc,bd,dc,cb,dc,ad,db
Case 51: impossible
Case 52: ac,cd,ac,cd,ac,cd,ac,cd,ac,cd,ac,cd,ac,cd,ac
Case 53: ac,bd,da,bd,cb,ac,da,bd,cb,ac,da,bd,cb,ac,da,cd,da,cd,ac,cd,da,cd,ac,cd,da,cd,ac,cd,da,cd,da
Case 54: impossible
Case 55: ac,ad,ca,bc,ca,db,cd,ac,cd,da,cd,ac,cd,da,cd,ac,cd,da,cd,ac,cd,da,cd,ac
Case 56: ad,dc,ad,dc,ad,dc,ad
Case 57: ac,bd
Case 58: ad,dc,ad,dc,ad,dc,ad,dc,ad,dc,ad,dc
Case 59: ad,ac,da,bd,da,bd,cb,dc,bd,dc,cb,dc,bd,da
Case 60: ac,bd,cb,ac,da,bd,cb,ac,cb,dc,cb
Case 61: ac,ad
Case 62: ac,bd,cb,ac,da,bd,cb,ac,cb,ac,da,bd,cb,dc,cb,dc,bd,dc,cb,dc,cb,dc,bd,dc,cb,dc,ca
Case 63: impossible
Case 64: impossible
Case 65: ac,ad
Case 66: ac,bd
Case 67: impossible
Case 68: ac,bd,da,bd,cb,ac,cb
Case 69: ad,dc,ca,dc
Case 70: ad,dc,ad,dc,ca,dc,ad,dc,ad,dc,ca,dc,ad,dc,ca,dc,ad,dc,ad,dc,ca,dc,bd,dc,bd,da
Case 71: ac,ad
Case 72: impossible
Case 73: ac,cd,da,cd,bc,cd,db,cd,ac,cb
Case 74: ac,bd,cb,ac,da,cd,ac,cd,da
Case 75: impossible
Case 76: ac,cd
Case 77: impossible
Case 78: ad,dc,ca,dc,ca,dc,ca,dc
Case 79: impossible
Case 80: ac,cd,da,cd,bc,cd,db,cd,ac,cb
Case 81: ad,dc,ad
Case 82: ac,bd,cb,ac,cb,dc,cb,dc,cb
Case 83: impossible
Case 84: impossible
Case 85: ad,ac,da,bd,cb,dc,ca
Case 86: ad,dc
Case 87: impossible
Case 88: ad,dc,ad,dc,ad,dc,ca,dc,ad,dc,ad,dc
Case 89: ac,cd,ac,cd,ac,cd,ac,cd,ac
Case 90: impossible
Case 91: ac,ad,ca,bc,ca,ad,db,cd,ac,cb
Case 92: ac,cd,da,cd,da,cd,da,cd,da,cd,da,cd,da,cd,da,cd
Case 93: impossible
Case 94: impossible
Case 95: ac,cd,da,cd,da,cd,da,cd,bc,ca
Case 96: ac,ad
Case 97: ac,ad,bd,da,bd,ca,dc,ad
Case 98: ad,dc,ad,dc,ad,dc,ad,dc,ca,dc,ad,dc,ad,dc,ad,dc
Case 99: ac,bd,cb,ac,da,bd,cb,ac,cb,ac,da,cd,ac,cd,db
Case 100: impossible
Case 101: ac,bd,cb,ac,da,bd,cb,ac,da,cd,ac,cd,da,cd,ac,cd,da
Case 102: impossible
Case 103: ac,ad,ca,dc,ca,dc,ca,dc,ca,dc,ca,dc,bd,da
Case 104: ad,dc,bd,dc
Case 105: ac,cd,ac,cd,ac,cd,ac,cd,ac,cd,ac,cd,ac,cd,da,cd,bc,cd,bc,cd,bc,cd,bc,ca
Case 106: ac,ad,bd,da,cd,db
Case 107: ad,dc,ad,dc,ad,dc,ad
Case 108: ad,dc,ad,dc,ad,dc,ad,dc,ad,dc,ad
Case 109: impossible
Case 110: ac,cd,da,cd,da,cd
Case 111: impossible
Case 112: impossible
Case 113: impossible
Case 114: impossible
Case 115: ac,bd,da,cd,cb,ac,da,cd,da
Case 116: ad,dc,ca,dc,ad,dc,ca,dc,ad,dc,ca,dc,ca,dc,ad,dc,ca,dc,ad,dc,ca,dc,ad,dc,ca,dc,ca,dc,bd,dc,cb,dc,bd,dc,cb,dc,bd,da
Case 117: ad,ac,da,cd
Case 118: ac,bd,cb,ac,da,bd,cb,dc,cb,dc,bd,dc,cb,dc,cb,dc,bd,dc,cb,dc,cb,dc,bd,dc,cb,ac,cb,dc,cb
Case 119: impossible
Case 120: impossible
Case 121: impossible
Case 122: ac,cd,ac
Case 123: ac,ad,bd,da,cd,ac,cb
Case 124: ad,dc,ad,dc,ad,dc,ad,dc,ad
Case 125: impossible
Case 126: ac,bd,da,bd,cd
Case 127: impossible
Case 128: ad,dc,ad,bd,da,ca,ad,db
Case 129: ac,ad,ca,bc,bd
Case 130: ac,bd,da,bd,cb,ac,da,bd,da,bd,cb,ac,da,bd,cb,ac,da,bd,da,bd,cb,dc,bd,dc,cb,dc,ad,db
Case 131: ac,cd,da,cd,da,cd,da,cd,bc,cd,db,cd,db,cd,da
Case 132: impossible
Case 133: impossible
Case 134: ad,ac
Case 135: ad,ac,da,cd
Case 136: impossible
Case 137: ac,bd,cb,ac,da,bd,cb,ac,da,bd,cb,dc,cb,dc,ad,dc,cb
Case 138: ac,cd,ac,cd,ac,cd,ac,cd,ac,cd,ac,cd,ac,cd,ac,cd,ac
Case 139: ac,ad
Case 140: ac,cd,da,cd,bc,ca
Case 141: impossible
Case 142: ad,dc,ca,dc,ad,dc,ca,dc,ca,dc,ad,dc,ca,dc,ca,dc,bd,dc,cb,dc,ca
Case 143: impossible
Case 144: impossible
Case 145: ad,dc
Case 146: ac,cd
Case 147: ad,dc,ad,dc,ad,dc,ad
Case 148: ac,cd,da,cd,da,cd,ac,cd,da,cd,da,cd,da,cd,ac,cd,da,cd,da,cd,da,cd,bc,cd,db,cd,db,cd,bc,cd,db,cd,db,cd,db,cd,ac,cd,da,cd,da,cd,db
Case 149: impossible
Case 150: ac,ad
Case 151: ad,ac,da,cd,ac,cd,da,cd,ac,cd,da,cd,bc,cd,bc,cd,db,cd,bc,cd,db,cd,bc,ca
Case 152: ad,dc,ad,dc,ca,dc,ad,dc
Case 153: impossible
Case 154: ad,ac,da,bd,bc,da
Case 155: ac,bd,cb,ac,da,cd,ac,cb
Case 156: ad,dc,ad,dc,ad,dc,ad,dc,ad,dc,ad,dc,ad
Case 157: ac,cd,ac,cd,ac,cd,ac,cd,ac
Case 158: ac,bd,cb,ac,cb,ac,da,bd,cb,dc,ca
Case 159: impossible
Case 160: ac,cd,ac,cd,ac
Case 161: ac,cd,da,cd,da,cd,bc,cd,db,cd,da
Case 162: impossible
Case 163: impossible
Case 164: ac,bd,cb,ac,da,bd,cb,dc,cb,dc,bd,dc,cb,ac,cb,ac,cb
Case 165: impossible
Case 166: ac,bd,cb,ac,da,bd,cb,ac,da,bd,cb,dc,cb
Case 167: impossible
Case 168: impossible
Case 169: ad,dc,ca,dc,ca,dc,ad,dc,ca,dc
Case 170: ac,cd,ac,cd,ac,cd,ac
Case 171: ad,dc,ca,dc,ca,dc,ca,dc,bd,dc,cb,dc,cb,dc,cb,dc,ad,db
Case 172: ac,cd,da,cd,da,cd,da,cd,da,cd
Case 173: impossible
Case 174: ad,ac,da,bd,da,bd,cb,da,dc,ad,dc,ad,ab,da,bd,da,bd,da
Case 175: ac,ad
Case 176: ac,ad
Case 177: ac,cd,ac,cd,ac,cd,ac,cd,da,bd,da
Case 178: ac,cd,da,cd,ac,cd,da,cd,bc,cd,da
Case 179: ac,ad
Case 180: ac,cd,ac,cd,ac
Case 181: ac,cd,ac,cd,da,cd,bc,cd,bc,ca
Case 182: impossible
Case 183: ac,cd,da,cd,ac,cd
Case 184: impossible
Case 185: ac,cd,ac,cd,ac,cd,ac,cd,ac
Case 186: ac,cd,ac
Case 187: ac,cd
Case 188: ac,ad,ca,dc
Case 189: impossible
Case 190: ac,cd,ac
Case 191: impossible
Case 192: impossible
Case 193: ac,bd,da,bd,da,bd,cb,ac,da,cd,da,cd,db
Case 194: ac,bd,da,cd,da,cd,da,cd,da,cd,da
Case 195: ad,dc,ca,dc,bd,da
Case 196: impossible
Case 197: ac,cd,ac,cd,ac,cd,ac
Case 198: ad,dc,ad,dc,ca,dc,ad,dc,ca,dc,ad,dc,ca,dc,ad,dc,ca,dc,ad,dc,ca,dc,bd,dc,bd,dc,cb,dc,bd,dc,cb,dc,bd,dc,cb,dc,bd,dc,cb,dc,ad,dc,ca
Case 199: ac,cd,da,cd,ac,cd,da,cd,ac,cd,da,cd,ac,cd,da,cd,ac,cd,da,cd,ac,cd,da,cd,ac,cd,da,cd,bc,cd,db,cd,ac,cb
Case 200: ac,bd,da,bd,da,bd,cb,dc,ad,db
Case 201: ad,dc,ad,bd,da,ac,cd,da
Case 202: ad,ac,da,cd,ac,cd,da,cd,bc,ca
Case 203: impossible
Case 204: ac,cd,ac
Case 205: ac,cd,da,cd,da,cd,ac,cd,da,cd,da,cd,ac,cd,da,cd,da,cd,bc,cd,db,cd,db,cd,ac,cb
Case 206: ac,bd
Case 207: ac,cd,da,cd,ac,cd,da,cd,ac,cd,da,cd,ac,cd
Case 208: ac,cd,da,cd,da,cd,ac,cd,da,bd,da,cd,da
Case 209: ac,bd,cb,ac,da,bd,cb,ac,da,bd,cb,ac,cb,ac,da,cd,ac,cd,da,cd,bc,cd,da
Case 210: ac,bd
Case 211: ac,ad,ca,bc,bd,cb,dc,ad,db,bc,ca,bc,db,ad,dc,cb
Case 212: ac,ad
Case 213: ad,dc,ca,dc,ca,dc,ad,dc,ca,dc,ca,dc,ca,dc,bd,dc,cb,dc,ca
Case 214: ad,dc,ad,dc
Case 215: impossible
Case 216: impossible
Case 217: ac,bd,da,bd,da,bd,cb,ac,da,bd,da,bd,da,bd,cb,dc,ad,dc,ad,db
Case 218: impossible
Case 219: impossible
Case 220: ad,ac,da,cd,da,cd
Case 221: ad,dc
Case 222: ac,cd,ac
Case 223: ac,bd,da,bd,cb,ac,da,cd,db
Case 224: ac,cd,da,cd,da,cd,da,cd,da,cd
Case 225: ad,ac,da,bd,cb,ac,da,cd,ac,cd,da,bd
Case 226: ac,bd,cb,dc,da,bd,cb,dc,da,cd,ac,cd,db
Case 227: ac,cd
Case 228: ad,dc,ca,dc,ca,dc,ca,dc
Case 229: ad,dc,ad,bd,da,ac,bd,da,bd,cd,da,db,ad,ac,da,ab,bd,da,bd,cd
Case 230: ac,bd,da,bd,cb,ac,da,bd,cb,dc,bd,dc,cb,dc,bd,dc,cb,dc,bd,dc,cb,dc,bd,da
Case 231: ac,ad,ca,bc,db,cd,db,cd,db
Case 232: ac,cd
Case 233: ac,cd,da,cd
Case 234: impossible
Case 235: impossible
Case 236: ac,cd
Case 237: ad,ac,da,bd,dc,ca
Case 238: impossible
Case 239: ad,dc
Case 240: ac,ad
Case 241: impossible
Case 242: ac,cd
Case 243: ad,dc,ad
Case 244: impossible
Case 245: impossible
Case 246: impossible
Case 247: impossible
Case 248: ac,cd,da,cd,da,cd,ac,cd,da,cd,da,cd,ac,cd,da,cd,da,cd,bc,cd,db,cd,da
Case 249: impossible
Case 250: ad,dc,ad,dc,ad,dc,ad,dc,ad,dc,ad,dc,ad,dc,ad
Case 251: ac,cd,ac,cd,da,cd,ac,cd,da,cd,ac
Case 252: ac,ad
Case 253: ac,bd,da,bd,cb,ac,da,cd,db
Case 254: ad,dc,ad,dc,ad,dc,ad,dc,ad,dc,ad,dc,ad,dc,ad
Case 255: ac,cd,ac,cd,da,cd,bc,cd,bc,ca
Case 256: ac,cd,ac,cd,da,cd,ac
Case 257: impossible
Case 258: ac,bd,cb,ac,cb,ac,da,bd,cb,ac,cb,ac,cb,ac,da,bd,cb,ac,cb,ac,cb,ac,da,bd,cb,dc,cb,dc,ca
Case 259: impossible
Case 260: ac,ad,ca,bc,cd,da
Case 261: impossible
Case 262: impossible
Case 263: ac,bd,da,bd,cb,ac,da,bd,cb,ac,da,cd,da
Case 264: ac,ad
Case 265: impossible
Case 266: impossible
Case 267: ad,dc
Case 268: ac,bd,cb,ac,da,bd,cb,ac,da,cd,ac,cd,da,cd,ac,cd,da
Case 269: ac,cd,ac,cd,da,cd,ac,cd,ac,cd,da,cd,bc,cd,bc,cd,da
Case 270: impossible
Case 271: ad,dc,ad
Case 272: ad,dc
Case 273: impossible
Case 274: ac,cd
Case 275: ac,bd,da,bd,cb,ac,da,bd,cb,ac,da,bd,cb,dc,bd,dc,cb,dc,bd,dc,cb,dc,bd,dc,cb,dc,bd,dc,cb,dc,bd,dc,cb,dc,bd,dc,cb
Case 276: ac,bd,cb,ac,da,bd,cb,ac,cb,ac,da,bd,cb,dc,cb,dc,bd,dc,cb,ac,cb
Case 277: ad,dc,ad,dc,ca,dc,ad,dc
Case 278: ad,dc,ca,dc,bd,da
Case 279: impossible
Case 280: impossible
Case 281: ad,dc,ad
Case 282: ac,bd,da,cd,cb,ac,da,bd,da
Case 283: ad,dc,ad,dc,ad
Case 284: ac,ad
Case 285: ac,bd,da,bd,da,bd,da,cd,da,cd,da
Case 286: ac,bd,cb,ac,da,bd,cb,ac,cb,ac,da,cd,bc,ca
Case 287: ac,cd,da,cd,ac,cd,da,cd,ac,cd,da,cd
Case 288: ad,dc,ad,dc,ad,dc,ad,dc,ad,dc,ad,dc,ad,dc,ad,dc
Case 289: impossible
Case 290: ad,dc,ad,dc,ad,dc,ad,dc,ad
Case 291: ac,ad,bd,ca,dc,bd,da
Case 292: impossible
Case 293: ad,dc,ad,dc,ca,dc,bd,dc,bd,dc,cb,dc,ad,db
Case 294: impossible
Case 295: impossible
Case 296: ac,cd,da,cd,ac,cd,da,cd,ac,cd
Case 297: impossible
Case 298: ac,bd,da,bd,da,bd,cb,ac,da,cd,da,cd,da
Case 299: ac,cd,ac,cd,ac,cd,da,cd,ac,cd,ac,cd,da,cd,bc,cd,bc,ca
Case 300: ac,bd,cb,ac,da,bd,cb,ac,da,bd,cb,ac,da,bd,cb,ac,da,bd,cb,ac,da,bd,cb,dc,cb,dc,ad,dc,ca,dc,bd,dc,cb,dc,ad,db
Case 301: ac,bd,da,bd,da,bd,cb,ac,da,bd,da,bd,cb,ac,da,cd,da,cd,db
Case 302: ac,ad,ca,dc,bd,da
Case 303: impossible
Case 304: ac,cd,ac,bc,ca,ad,bc,dc,ca,cb,ac,ad,ca,ab,bc,ca,bc,dc,ca,cb,ac,ad,ca,ab,bc,bd,cb,ac
Case 305: impossible
Case 306: ad,dc,ad,dc,ca,dc,ad
Case 307: ac,ad,ca,bc,bd,ca,cb,ac,cb,da,bd,da,bd,cb,dc,ad,db
Case 308: ad,ac,da,bd,bc,db,cd,ac,cd,ac,cb
Case 309: ac,ad
Case 310: impossible
Case 311: ac,bd,cb,ac,cb,ac,da,cd,bc,ca
Case 312: impossible
Case 313: impossible
Case 314: ac,ad
Case 315: impossible
Case 316: ad,dc,ad,dc,ad,dc,ad
Case 317: ad,dc,ad,bd,da,bd,ca
Case 318: ac,ad
Case 319: ac,bd,cb,ac,da,bd,cb,dc,cb,dc,bd,dc,cb,dc,cb,dc,bd,dc,cb,ac,cb,dc,cb
Case 320: ac,bd,da,bd,da,bd,cb,dc,ad,db
Case 321: ac,bd,da,cd,da
Case 322: impossible
Case 323: impossible
Case 324: impossible
Case 325: ac,bd,da,cd,da
Case 326: ac,ad,ca,bc,bd,ca,ad,cb,ac,cb,ac,da,bd,dc,cb,ac,cb
Case 327: impossible
Case 328: ad,dc,ca,dc,ca,dc,ad
Case 329: ac,bd
Case 330: impossible
Case 331: ac,bd,da,cd,cb,ac,da,bd,da
Case 332: ad,ac
Case 333: ad,dc,ad
Case 334: ac,bd
Case 335: ac,cd,ac,cd,ac,cd,ac,cd,ac,cd,ac,cd,ac
Case 336: ac,bd,cb,ac,cb,ac,cb,ac,cb,ac,da,cd,bc,cd,bc,ca
Case 337: ad,dc,ad,dc,ad,dc,ad,dc,ad,dc,ad,dc,ad,dc,ad
Case 338: impossible
Case 339: impossible
Case 340: ac,ad,ca,bc,db,ad,ca,bc,db,ad,ca,dc,bc,cd,db,cd,bc,cd,db,ad,db
Case 341: impossible
Case 342: ac,cd,da,cd,da,cd,ac,cd,da,cd,da,cd
Case 343: ac,cd,da,cd,da,cd
Case 344: ad,dc,ad,dc,ad,dc,ad
Case 345: ac,ad,bd,ca,bc,da
Case 346: impossible
Case 347: ac,bd,cb,ac,da,bd,cb,ac,da,cd,ac,cd,da,cd,ac,cd,da
Case 348: ac,cd,da,cd
Case 349: ac,cd
Case 350: ac,cd,da,cd,ac,cd,da,cd,da,cd,ac,cd,da,cd,ac,cd,da,cd,da,cd,ac,cd,da,cd
Case 351: ac,cd,ac,cd,ac,cd,da,cd,ac,cd,bc,cd,da
Case 352: ac,cd,da,cd,bc,ca
Case 353: impossible
Case 354: ac,cd,ac,cd,ac,cd,ac
Case 355: ac,ad
Case 356: ac,bd,da,bd,da,bd,cb,dc,bd,dc,bd,da
Case 357: ac,ad
Case 358: impossible
Case 359: ad,dc,ad
Case 360: impossible
Case 361: ac,cd
Case 362: ad,ac,da,bd,bc
Case 363: impossible
Case 364: ad,dc,ca,dc
Case 365: impossible
Case 366: ac,bd,da,bd,da,bd,cb,ac,da,bd,da,bd,cb,dc,ad,db
Case 367: impossible
Case 368: ac,bd
Case 369: impossible
Case 370: ac,cd,ac,cd,da,bd,da
Case 371: ac,ad,bd,da,bd,da
Case 372: ad,dc,ad
Case 373: ac,cd,ac,cd,ac,cd,da,cd,ac,cd,ac,cd
Case 374: impossible
Case 375: impossible
Case 376: impossible
Case 377: ad,dc,ad,dc,ad,dc,ad,dc,ad,dc,ad
Case 378: ac,cd
Case 379: ac,ad
Case 380: ad,dc,ad,dc,ad,dc,ca,dc,bd,da
Case 381: ac,cd,da,cd
Case 382: ac,ad
Case 383: impossible
Case 384: ad,dc,ca,dc,ad,dc
Case 385: impossible
Case 386: ac,cd,ac,cd,ac,cd,ac,cd,ac,cd,ac,cd,ac,cd,ac
Case 387: ac,ad,bd,ca,dc,bd
Case 388: impossible
Case 389: ad,dc,ad
Case 390: ac,bd,da,bd,cb,ac,da,bd,cb,ac,da,bd,cb,ac,da,bd,da,bd,cb,dc,ad,db
Case 391: ac,cd,da,cd,da,cd,da,cd,da,cd,da,cd,ac,cd,da,cd
Case 392: impossible
Case 393: ac,bd
Case 394: ad,dc,ad,dc,ad,dc,ad,dc,ad,dc,ad,dc,ca,dc,ad
Case 395: ac,cd,ac,cd,ac,cd,ac
Case 396: ac,bd,cb,ac,da,bd,cb,ac,cb,ac,da,bd,cb,dc,ca
Case 397: impossible
Case 398: ac,ad,ca,bc,bd,cb,dc,ad,db
Case 399: ac,cd,ac,cd,ac,cd,ac,cd,da,bd,da
Case 400: ad,dc
Case 401: impossible
Case 402: ad,dc,ad,bd,dc,ca,bc
Case 403: impossible
Case 404: impossible
Case 405: ac,bd,cb,ac,cb,ac,cb,ac,cb,dc,cb
Case 406: impossible
Case 407: ad,dc,ca,dc,ad,bd,da,ac,cd,ac,cb
Case 408: ad,dc,ad,dc
Case 409: ad,dc,ad,dc,ad,dc,ad,dc,ca,dc,bd,dc,bd,dc,bd,dc,bd,da
Case 410: ac,ad,ca,bc,bd,cb,dc,ad,db,bc,ca
Case 411: impossible
Case 412: ac,ad
Case 413: ac,cd,ac
Case 414: ac,ad,ca,dc,bd,da
Case 415: ad,dc,ad
Case 416: ac,cd,da,cd,da,cd,ac
Case 417: impossible
Case 418: ac,bd,cb,ac,da,bd,cb,ac,da,bd,cb,dc,cb,dc,bd,dc,cb,dc,bd,dc,cb,dc,cb
Case 419: ad,dc,ad,dc
Case 420: ad,dc,ca,dc,ad,dc,ca,dc,ad,dc,ca,dc,ca,dc,ad,dc,ca,dc,ad,dc
Case 421: ac,cd,da,cd,da,cd,da,cd,da,cd
Case 422: ac,bd,da,bd,cb,ac,da,cd,da,cd,ac,cb
Case 423: impossible
Case 424: ac,ad
Case 425: ad,dc,ad,dc,ca,dc,ad,dc,ad,dc
Case 426: ac,cd,ac,cd,da,bd,da
Case 427: ad,dc,ca,dc,ca,dc,ca,dc,ca,dc,ca,dc
Case 428: impossible
Case 429: ad,dc,ca,dc,ca,dc
Case 430: impossible
Case 431: ad,dc,ad
Case 432: ac,bd,da,bd,da,bd,da,bd,da,bd,cb,dc,bd,dc,bd,dc,bd,dc,bd,da
Case 433: ac,ad
Case 434: ac,cd,ac,cd,ac,cd,da,cd,bc,cd,bc,cd,bc,cd,db,cd,ac,cd,ac,cd,ac,cb
Case 435: ad,dc,ad,bd,da,ca,ad,db
Case 436: ad,dc,ad
Case 437: ac,cd,da,cd,bc,cd,da
Case 438: impossible
Case 439: ad,dc,ad,dc,ad,dc,ad
Case 440: ad,dc,ca,dc,ca,dc,bd,da
Case 441: ad,dc,ad,dc,ad,dc,ad,dc,ad,dc,ad,dc,ad
Case 442: impossible
Case 443: ac,cd,ac,cd,da,bd,da
Case 444: ac,ad
Case 445: impossible
Case 446: impossible
Case 447: ac,cd,da,cd,ac,cd,da,cd,bc,cd,da
Case 448: impossible
Case 449: impossible
Case 450: ac,bd,da,bd,da,bd,da,bd,cb,dc,bd,dc,bd,dc,bd,dc,cb
Case 451: impossible
Case 452: ac,cd
Case 453: impossible
Case 454: ac,bd,cb,ac,cb,ac,da,bd,cb,ac,cb,ac,cb,ac,da,cd,ac,cd,ac,cd,da,bd,da
Case 455: ac,cd,ac,cd,da,cd,ac,cd,da,cd,ac
Case 456: impossible
Case 457: ac,ad
Case 458: impossible
Case 459: ac,cd,ac,cd
Case 460: ac,cd,ac
Case 461: impossible
Case 462: ad,dc,ca,dc,bd,da
Case 463: ac,cd,ac
Case 464: ad,dc,ad
Case 465: impossible
Case 466: ad,dc
Case 467: impossible
Case 468: impossible
Case 469: impossible
Case 470: ac,ad
Case 471: ac,ad
Case 472: ac,ad
Case 473: ac,bd,da,bd,da,bd,cb,ac,da,cd,da,cd,da
Case 474: ad,ac,da,bd,da,bd,dc,cb,dc,bd,dc,ca
Case 475: ac,ad,ca,bc,ca,dc,ca
Case 476: ac,cd,da,cd,da,cd
Case 477: ac,ad
Case 478: impossible
Case 479: ac,cd,da,cd
Case 480: impossible
Case 481: impossible
Case 482: ad,dc,ca,dc
Case 483: ac,cd,da,cd,da,cd,da,cd,da,cd,bc,cd,db,cd,da
Case 484: ac,bd,da,bd,cb,ac,da,bd,cb,ac,da,bd,da,bd,cb,dc,bd,da
Case 485: ad,dc,ad
Case 486: ac,bd,cb,dc,da,bd,cb,dc,cb,bd,dc,cb,ac
Case 487: ac,cd,ac
Case 488: ad,dc,ca,dc,ca,dc,ca,dc
Case 489: ac,bd,cb,ac,cb,ac,cb,ac,cb,dc,cb,dc,cb
Case 490: ac,ad
Case 491: ac,cd,ac
Case 492: ac,bd,cb,ac,da,bd,cb,ac,da,cd,ac,cd,da,cd,ac,cd,da,cd,ac,cd,da,cd,ac,cd,da,cd,ac,cd,da,cd,ac,cd,da
Case 493: impossible
Case 494: ac,ad,ca,bc,ca,bc,bd,cb,dc,ca,ad,db
Case 495: ac,bd,cb,ac,cb,ac,da,bd,cb,ac,cb,dc,cb
Case 496: ac,ad
Case 497: ac,ad,bd,da,cd,da
Case 498: impossible
Case 499: impossible
Case 500: ac,ad,ca,bc,bd,ca,cb,ac,cd,da,cd,db
Case 501: impossible
Case 502: ac,bd,cb,ac,cb,ac,da,bd,cb,ac,cb,ac,da,bd,cb,dc,cb,dc,cb,dc,bd,dc,ca
Case 503: impossible
Case 504: impossible
Case 505: ac,ad
Case 506: ac,bd,da,bd,cb,ac,da,bd,cb,dc,bd,dc,cb
Case 507: ad,dc
Case 508: ac,bd,da,bd,cb,dc,bd,da
Case 509: ac,cd,da,cd,da,cd,ac,cd,da,bd,da,bd,da
Case 510: impossible
Case 511: ad,dc,ca,dc,ad,dc,ca,dc,bd,da
Case 512: impossible
Case 513: ac,cd,ac,cd,ac,cd,da,cd,ac,cd,ac,cd,da,cd,ac,cd,ac,cd
Case 514: ac,bd,cb,ac,da,bd,cb,ac,da,bd,cb,ac,cb,ac,da,cd,bc,cd,da
Case 515: impossible
Case 516: impossible
Case 517: ac,bd,da,bd,da,bd,cb,ac,da,bd,da,bd,da,bd,cb,dc,ad,dc,bd,dc,ca
Case 518: impossible
Case 519: ac,ad,bd,da,bd,ca,dc,ad,ab,da,bd,da,bd,cb,dc,bd,da
Case 520: impossible
Case 521: ac,bd,cb,ac,da,bd,cb,ac,cb,ac,da,bd,cb,ac,da,bd,cb,ac,cb,ac,da,cd,bc,cd,da
Case 522: impossible
Case 523: impossible
Case 524: ac,cd,ac,cd,da,cd,ac,cd,da,cd,bc,cd,bc,cd,da
Case 525: ac,cd,ac,cd,da,cd,bc,cd,bc,cd,db,cd,ac,cd,ac,cb
Case 526: ac,bd,cb,ac,cb,ac,da,cd,ac,cb
Case 527: impossible
Case 528: impossible
Case 529: ad,dc
Case 530: ac,cd,da,cd
Case 531: ac,cd,da,cd,ac,cd,da,cd,da,cd,ac,cd,da,cd,ac,cd,da,cd,da,cd,bc,cd,da
Case 532: ad,dc,ad
Case 533: ac,ad
Case 534: impossible
Case 535: impossible
Case 536: ad,dc,ca,dc,ca,dc,ca,dc,ca,dc,ad,dc,ca,dc
Case 537: ac,ad,ca,bc,bd,ca,cb,ac,cb
Case 538: ac,bd,cb,ac,da,bd,cb,ac,da,bd,cb,ac,cb,ac,da,bd,cb,ac,da,cd,ac,cb
Case 539: ac,ad,bd,da,cd,ac,cd,ac,cb
Case 540: ad,dc,ca,dc,ad,dc,ca,dc,bd,dc,cb,dc,ad,db
Case 541: ac,bd,da,bd,da,bd,da,bd,cb,dc,bd,dc,bd,dc,bd,da
Case 542: ac,cd,ac,cd,ac,cd,ac,cd,da,cd,ac,cd,ac,cd,ac,cd,ac
Case 543: ac,bd,da,bd
Case 544: ac,bd
Case 545: ac,cd,ac,cd,da,bd,da
Case 546: ad,dc,ca,dc,ca,dc,ca,dc,bd,dc,cb,dc,ca
Case 547: impossible
Case 548: impossible
Case 549: ac,ad
Case 550: impossible
Case 551: ad,ac,da,bd,dc,cb,dc,ca
Case 552: ac,cd,ac,cd,ac
Case 553: ac,bd
Case 554: ac,cd,ac,cd,ac
Case 555: impossible
Case 556: ac,ad
Case 557: impossible
Case 558: ac,bd
Case 559: ac,ad
Case 560: ac,ad,bd,ca,dc,ad,dc,ad,dc,ca,dc,ad,db
Case 561: impossible
Case 562: ac,bd,da,bd,da,bd,cb,ac,da,bd,da,bd,cb,dc,bd,dc,bd,dc,cb,dc,ad,db
Case 563: ad,dc,ad
Case 564: ac,bd,da,bd,da,bd,cb,ac,da,bd,da,bd,cb,dc,bd,dc,bd,da
Case 565: ad,dc,ad,dc,ad,dc,ad
Case 566: impossible
Case 567: impossible
Case 568: ac,cd,da,cd
Case 569: impossible
Case 570: ad,dc,ca,dc,ad,dc,ca,dc,ad,dc,ca,dc,ca,dc,bd,dc,cb,dc,bd,dc,cb,dc,ca
Case 571: ad,dc
Case 572: impossible
Case 573: ac,cd,ac
Case 574: ac,cd,da,cd
Case 575: ad,dc,ca,dc,bd,da
Case 576: ac,cd,ac,cd,da,cd,ac,cd,ac,cd,da,cd,ac,cd,ac,cd
Case 577: ac,bd,da,bd,cb,ac,da,cd,da,cd,ac,cb
Case 578: ac,bd,da,cd,da,cd,da
Case 579: ac,bd,da,bd,da,bd,cb,dc,bd,dc,bd,da
Case 580: impossible
Case 581: ad,dc
Case 582: ad,dc,ad,dc,ad,dc,ad,dc,ad
Case 583: ac,cd,ac,cd,ac,cd,ac,cd,ac,cd,da,cd,ac,cd,ac
Case 584: ac,cd,ac
Case 585: ac,bd,da,bd,cb,ac,da,bd,da,bd,cb,ac,da,bd,da,bd,cb,dc,bd,dc,cb
Case 586: impossible
Case 587: ad,dc,ca,dc,bd
Case 588: impossible
Case 589: impossible
Case 590: ad,dc,ad,dc,ca,dc,ad,dc,ad,dc,ca,dc,ad,dc,ad,dc,ca,dc,ad,dc,ad,dc,ca,dc,bd,dc,bd,da
Case 591: ad,dc,ad,dc,ad
Case 592: ad,dc,ca,dc,ca,dc,ca,dc,ad,dc,ca,dc,ca,dc,ca,dc,bd,da
Case 593: impossible
Case 594: ac,cd,da,cd
Case 595: ad,dc,ca,dc,ad,dc
Case 596: impossible
Case 597: ad,dc
Case 598: impossible
Case 599: ac,cd,ac,cd,ac,cd
Case 600: ac,cd
Case 601: ad,ac,da,bd,da,ac
Case 602: ac,ad
Case 603: ac,cd,da,cd
Case 604: impossible
Case 605: impossible
Case 606: ac,bd,da,bd,cb,ac,da,bd,cb,ac,da,cd,db
Case 607: impossible
Case 608: ad,dc,ad,dc,ad,dc,ca,dc,bd,dc,bd,da
Case 609: ac,ad
Case 610: ac,cd,ac,cd,da,cd,ac,cd,da,cd,bc,ca
Case 611: impossible
Case 612: impossible
Case 613: ac,cd,ac,cd,ac
Case 614: impossible
Case 615: ac,bd,da,cd,cb,ac,da,bd,cb,ac,da,bd,dc,ca
Case 616: ad,dc,ad,bd,da,ac,bd,cd,da,db,ad,db,ad,cd,da,ab,bd,bc,da,db,ad,db,ad,cd,da,ab,bd,bc,db,ad
Case 617: impossible
Case 618: ac,cd,ac,cd,ac,cd,ac,cd,ac,cd,ac,cd,ac
Case 619: ac,ad,bd,da,bd,ca,cb,ac,cb
Case 620: ac,cd,ac,cd,ac,cd,ac,cd,ac,cd,ac,cd,ac,cd,ac,cd,ac,cd,ac
Case 621: ac,ad,ca,bc,db,cd,da
Case 622: impossible
Case 623: impossible
Case 624: ac,cd
Case 625: impossible
Case 626: impossible
Case 627: ac,bd
Case 628: impossible
Case 629: impossible
Case 630: impossible
Case 631: ad,dc,ca,dc,ca,dc,ca,dc,ca,dc
Case 632: impossible
Case 633: ac,cd,ac,cd,da,cd,ac,cd,ac,cd,da,cd,ac,cd,da,cd,bc,cd,bc,cd,db,cd,bc,cd,bc,cd,db,cd,bc,cd,db,cd,ac,cb
Case 634: ac,ad,ca,bc,cd,db,cd,db,cd,da
Case 635: ac,cd
Case 636: ac,cd,ac,cd,ac
Case 637: ac,cd,ac,cd,ac,cd,ac,cd,ac
Case 638: impossible
Case 639: impossible
Case 640: ac,cd,da,cd,da,cd,ac,cd,da,cd,da,cd,ac,cd,da,bd,da,bd,da
Case 641: impossible
Case 642: impossible
Case 643: impossible
Case 644: impossible
Case 645: ad,dc,ca,dc
Case 646: impossible
Case 647: ac,cd,da,cd,ac,cd,da,cd,ac,cd,da,cd,da,cd,ac,cd
Case 648: impossible
Case 649: ad,dc,ca,dc,ca,dc
Case 650: ac,ad
Case 651: impossible
Case 652: ac,cd,ac,cd,da,cd,ac,cd,ac,cd,da,cd,ac,cd,ac,cd,da,cd,bc,ca
Case 653: ac,bd,da,bd,da,bd,cb,ac,da,bd,da,bd,da,bd,cb,dc,ad,db
Case 654: impossible
Case 655: ac,ad,ca,bc,ca
Case 656: ac,ad,bd,ca,bc,da,ac,cb,ac
Case 657: impossible
Case 658: ad,dc
Case 659: impossible
Case 660: impossible
Case 661: impossible
Case 662: ac,bd,cb,ac,da,bd,cb,dc,ca
Case 663: ac,bd,da,bd,cb,dc,bd,da
Case 664: ac,ad,bd,da,bd,ca,ad,cb,ac,cb,ac,da,cd,ac,cd,db
Case 665: ac,ad
Case 666: impossible
Case 667: ac,bd
Case 668: impossible
Case 669: impossible
Case 670: impossible
Case 671: ac,ad,ca,bc,db,cd,da
Case 672: ad,ac,da,bd,cb,da,dc,ad
Case 673: ac,bd,da,bd,cb,ac,cd,da,cd,ac,da,bd,dc,cb,ac
Case 674: ac,bd,da,bd,cb,ac,da,bd,da,bd,cb,dc,bd,da
Case 675: ad,dc,ca,dc,ca,dc,ca,dc,ca,dc,ca,dc,ca,dc,ca,dc
Case 676: ad,dc,ad,dc,ad
Case 677: ac,cd
Case 678: ad,dc,ca,dc,ad,dc,ca,dc,ad,dc,ca,dc,ad,dc,ca,dc,ad,dc,ca,dc,ca,dc,bd,dc,cb,dc,bd,dc,cb,dc,bd,dc,cb,dc,bd,da
Case 679: ad,dc,ca,dc,ad
Case 680: ac,ad,ca,bc,ca
Case 681: ac,cd,bc
Case 682: impossible
Case 683: ac,bd,da,bd,cb,ac,da,bd,cb,dc,bd,dc,cb,dc,bd,dc,cb,dc,bd,da
Case 684: ac,ad
Case 685: impossible
Case 686: ac,cd
Case 687: ac,bd,cb,ac,cb,ac,cb,ac,cb,ac,cb,ac,da,cd,bc,cd,bc,ca
Case 688: ac,cd,ac,cd,ac
Case 689: ac,cd,da,cd,da,cd
Case 690: ac,bd,da,bd,cb,ac,da,bd,cb,dc,bd,dc,cb,dc,bd,dc,cb,ac,cb
Case 691: impossible
Case 692: ad,ac,da,cd
Case 693: impossible
Case 694: ad,dc,ca,dc,ad,dc,ca,dc,ca,dc,ad,dc,ca,dc,ad,dc,ca,dc,ca,dc,bd,dc,cb,dc,bd,da
Case 695: ac,ad,bd,da,cd,da,cd,ac,cd,da,cd,ac,cb,bd,da,cd,db
Case 696: impossible
Case 697: impossible
Case 698: ac,cd,da,cd,da,cd
Case 699: impossible
Case 700: impossible
Case 701: ac,cd
Case 702: ad,dc,ca,dc,ca,dc,ca,dc
Case 703: impossible
Case 704: ad,ac,da,bd,dc,ca
Case 705: ad,ac,da,bd,bc,da,ac,db,cd,ac
Case 706: impossible
Case 707: ac,cd,da,cd,ac,cd,da,cd,ac,cd,da,cd,ac,cd,da,cd,bc,cd,db,cd,bc,ca
Case 708: impossible
Case 709: impossible
Case 710: ad,dc,ad,dc,ad,dc,ad,dc,ad,dc,ad,dc,ca,dc,bd,dc,bd,dc,bd,dc,bd,da
Case 711: ac,cd,ac,cd,da,cd,ac,cd,da,cd,ac,cd,da,cd,ac,cd,da,cd,ac,cd,da,cd,bc,cd,bc,cd,db,cd,bc,cd,db,cd,bc,cd,db,cd,bc,cd,db,cd,bc,cd,db,cd,ac,cb
Case 712: ad,dc
Case 713: ac,bd,cb,ac,cb,ac,da,bd,cb,ac,cb,ac,cb,ac,da,cd,ac,cd,bc,cd,db
Case 714: ac,ad,bd,ca,dc,ca,dc,bd,da
Case 715: impossible
Case 716: ac,cd,ac,bc,ca,ad,dc,ca,dc,ad,dc,ca,bc,ca
Case 717: ad,dc,ca,dc,ad,dc,ca,dc,ad,dc,ca,dc,ca,dc,ad,dc,ca,dc,ad,dc,ca,dc,ad,dc,ca,dc
Case 718: ac,ad
Case 719: ac,bd,da,bd,cb,ac,da,bd,cb,ac,da,cd,da,cd,ac,cd,da,cd,ac,cd,da,cd,da
Case 720: ac,ad,ca,dc,ad
Case 721: impossible
Case 722: impossible
Case 723: ac,bd,cb,ac,cb,ac,da,cd,ac,cd,ac,cd,da,cd,ac,cb
Case 724: ac,bd,da,bd,da,bd,cb,ac,da,bd,da,bd,da,bd,cb,dc,ad,dc,bd,dc,cb
Case 725: impossible
Case 726: impossible
Case 727: ac,bd,da,bd,cb,ac,da,bd,cb,ac,da,bd,da,bd,cb,dc,bd,dc,cb,ac,cb
Case 728: ac,cd,da,cd,bc,cd,da
Case 729: impossible
Case 730: impossible
Case 731: ac,cd,ac,cd,ac
Case 732: ac,bd,da,bd,cb,ac,da,bd,cb,ac,da,bd,cb,dc,bd,dc,cb,dc,bd,da
Case 733: ac,ad,ca,dc
Case 734: ac,ad
Case 735: ad,dc
Case 736: ac,bd,da,bd,da,bd,da,cd,cb,dc,bd,da
Case 737: ad,dc,ad,dc,ad
Case 738: impossible
Case 739: impossible
Case 740: ac,bd,cb,ac,dc,ca,ab,dc,ca,dc,bd,dc,cb,dc,bd,dc,cb,dc,ca
Case 741: ac,cd,da,cd,ac,cd,da,cd,ac,cd,da,cd,da,cd,ac,cd,da,cd,ac,cd,da,cd,ac,cd,da,cd,da,cd,bc,ca
Case 742: ac,bd,cb,ac,da,bd,cb,ac,da,bd,cb,ac,da,cd,ac,cd,da,cd,ac,cb
Case 743: impossible
Case 744: impossible
Case 745: ad,dc,ad,dc,ad,dc,ca,dc,ad,dc,ad
Case 746: ac,cd,da,cd,da,cd,ac
Case 747: ac,cd
Case 748: ac,ad
Case 749: impossible
Case 750: ac,cd
Case 751: ac,cd,da,cd,da,cd,da,cd,da,cd,da,cd,da,cd
Case 752: ad,dc,ca,dc,bd,da
Case 753: ac,cd,ac,cd,ac,cd,da,cd,bc,cd,bc,ca
Case 754: impossible
Case 755: ad,dc,ca,dc
Case 756: ad,dc,ca,dc,ad,dc,ca,dc,ad,dc
Case 757: impossible
Case 758: ac,ad
Case 759: ad,dc,ca,dc
Case 760: impossible
Case 761: ac,cd,ac,cd,ac,cd
Case 762: ac,ad,ca,bc,ca,db,cd,ac,cd,da,cd,ac,cd,db
Case 763: ad,dc,ca,dc,ad,dc,ca,dc,bd,da
Case 764: ac,cd,da,cd
Case 765: ad,dc,ca,dc,ad,dc,ca,dc,ca,dc,ad,dc
Case 766: ac,bd,cb,ac,da,bd,cb,ac,cb,ac,da,bd,cb,ac,cb,ac,da,cd,ac,cd,da,cd,ac,cd,ac,cd,da,cd,ac,cd,ac,cd,da,cd,bc,cd,db
Case 767: impossible
Case 768: impossible
Case 769: ac,cd,ac,cd,da,cd,ac,cd,da,cd,bc,cd,bc,cd,db,cd,bc,cd,db,cd,ac,cb
Case 770: impossible
Case 771: impossible
Case 772: ac,cd,da,cd,bc,cd,da
Case 773: ac,bd,da,bd,da,bd,cb,ac,da,cd,da,cd,da
Case 774: ac,cd
Case 775: impossible
Case 776: impossible
Case 777: ac,cd,ac,cd
Case 778: impossible
Case 779: ad,dc,ca,dc,ca,dc,bd,dc,cb,dc,ca
Case 780: ad,dc,ca,dc,ad
Case 781: ad,dc,ca,dc,ca,dc,ca,dc
Case 782: ad,dc,ca,dc,ca,dc
Case 783: impossible
Case 784: impossible
Case 785: ad,dc,ca,dc,ca,dc,bd,dc,cb,dc,ca
Case 786: impossible
Case 787: ac,ad,ca,bc,ca
Case 788: ad,dc,ad,bd,da,ca,ad,dc,ad,ca,dc,bd,da
Case 789: ac,bd,da,bd,da,bd,cb,dc,bd,dc,bd,dc,cb
Case 790: impossible
Case 791: impossible
Case 792: ac,ad,bd,da,bd,ca
Case 793: ac,cd,da,cd,da,cd
Case 794: ac,ad,bd,da,cd,ac,cd,ac,cb
Case 795: ac,ad,bd,ca,bc,da,ac,cb,ac,cb
Case 796: ac,bd,da,bd,cb,ac,da,bd,cb,ac,da,bd,da,bd,cb,ac,da,bd,cb,ac,da,bd,cb,ac,da,cd,da,cd,bc,cd,db,cd,bc,cd,db,ad,db
Case 797: ad,dc,ad
Case 798: ad,dc,ca,dc,ca,dc,bd,da
Case 799: ac,cd,da,cd,ac,cd,da,cd,ac,cd,da,cd,da,cd,bc,ca
Case 800: ad,dc,ca,dc,ca,dc,ca,dc,ad,dc,ca,dc
Case 801: ac,cd
Case 802: ad,ac,da,bd,cb,ac,da,bd,cd,da,db,ad,ca,bc,db,ad,cd,da,cd,ac,cb,bd,da,bd,da
Case 803: ad,dc,ad,bd,da,ca,ad,db
Case 804: ac,cd,ac,cd
Case 805: ac,cd,ac,cd,da,cd,ac,cd,da,bd,da
Case 806: impossible
Case 807: ac,bd,cb,ac,cb,ac,da,cd,ac,cb
Case 808: ac,cd,da,cd,da,cd,da,cd,da,cd,da,cd
Case 809: ac,bd,da,bd,da,bd,da,bd,da,bd,da,bd,da,bd,da,cd,da
Case 810: ac,cd,ac,cd
Case 811: impossible
Case 812: ad,dc,ad,dc,ad,dc,ad,dc,ad
Case 813: ad,dc,ad,dc,bd,dc,ad
Case 814: ad,dc,ad,dc,ad,dc,ad,dc,ad,dc,ad,dc,ca,dc,bd,dc,bd,da
Case 815: ad,dc,ca,dc,ad,dc
Case 816: impossible
Case 817: ac,ad,bd,ca,bc,ca,bc,da
Case 818: ad,dc,ca,dc,ca,dc,bd,da
Case 819: ac,ad,bd,ca,dc,cb
Case 820: ac,bd,da,bd,cb,dc,bd,dc,cb,dc,bd,dc,cb,dc,bd,da
Case 821: ad,dc,ad,dc,ca,dc,ad
Case 822: ac,cd,ac,bc,ca,da,ac,cb
Case 823: ac,bd,da,bd,da,bd,da,bd,cb,ac,da,cd,da,cd,da,cd,da,cd,ac,cd,da,bd,da,cd,da,cd,da,cd,da
Case 824: ac,bd,da,bd,cb,ac,da,bd,cb,ac,da,bd,cb,ac,da,bd,cb,ac,da,bd,cb,dc,bd,dc,cb,dc,bd,dc,cb,dc,bd,dc,cb,ac,cb
Case 825: ad,dc,ad,dc,ad,dc,ad,dc,ad,dc,ad,dc,ad,dc,ad
Case 826: impossible
Case 827: impossible
Case 828: ac,cd
Case 829: ad,ac,da,bd,da,bd,dc,ca
Case 830: impossible
Case 831: ad,ac,da,bd,dc,ca
Case 832: ac,cd
Case 833: impossible
Case 834: ac,cd
Case 835: ac,cd,ac,cd,ac,cd,da,cd,bc,cd,bc,cd,da
Case 836: ac,bd
Case 837: impossible
Case 838: ad,ac,da,bd,cb,da,dc,ad,db
Case 839: ac,bd,da,bd,cb,ac,da,bd,da,bd,cb,ac,da,bd,da,bd,cb,ac,da,bd,cb,ac,da,bd,da,cd,da
Case 840: ac,bd,cb,ac,da,bd,cb,ac,cb,ac,da,cd,ac,cd,db
Case 841: ac,bd,da,bd,da,bd,cb,ac,da,bd,da,bd,da,bd,cb,ac,da,bd,da,bd,cb,ac,da,cd,da,cd,da,cd,ac,cd,da,cd,da,cd,da
Case 842: ac,cd,da,cd,da,cd
Case 843: impossible
Case 844: impossible
Case 845: impossible
Case 846: ac,cd,ac,cd,ac,cd,ac,cd,ac
Case 847: ac,bd,da,cd,da
Case 848: ad,ac,da,bd,cb,ac,da,bd,cd,da,db,cd,bc,cd,db,ad,db
Case 849: impossible
Case 850: impossible
Case 851: impossible
Case 852: ac,bd,cb,ac,cb,ac,cb,dc,cb
Case 853: ac,cd,ac,bc,ca,ad,dc,db,cd,bc
Case 854: ac,ad
Case 855: impossible
Case 856: impossible
Case 857: ad,dc,ad,dc,ad,dc,ad,dc,ad,dc,ad
Case 858: impossible
Case 859: ac,cd,da,cd
Case 860: impossible
Case 861: impossible
Case 862: ad,dc,ad,dc,ad
Case 863: ad,ac,da,cd,ac,cd,da,cd,bc,cd,da
Case 864: impossible
Case 865: impossible
Case 866: impossible
Case 867: impossible
Case 868: ac,ad,bd,ca,bc,da,ac,cb,ac
Case 869: ad,ac,da,bd,cb,da,dc,ad,dc,ca,dc,ad,dc,ca,dc,ad,dc,ca,dc,bd,da
Case 870: ac,bd
Case 871: impossible
Case 872: ac,bd
Case 873: ac,bd,da,bd,cb,ac,da,bd,cb,ac,da,bd,cb,ac,da,bd,cb,dc,bd,dc,cb,dc,bd,da
Case 874: impossible
Case 875: ac,ad,ca,bc,bd,cb,dc,ad,db
Case 876: ac,ad
Case 877: impossible
Case 878: ac,bd,cb,ac,cb,ac,da,bd,cb,ac,cb,ac,cb,dc,cb
Case 879: ac,cd,da,cd
Case 880: ac,bd,da,bd,cb,ac,da,cd,da,cd,ac,cd,da,cd,da,cd,ac,cd,da,cd,db
Case 881: ad,dc,ad
Case 882: ac,bd,da,bd,cb,dc,bd,dc,cb,ac,cb
Case 883: ad,dc,ca,dc
Case 884: ad,dc,ad
Case 885: ac,cd
Case 886: ac,cd,ac,cd,da,cd,bc,cd,da
Case 887: ac,cd,ac,cd,ac,cd,da,bd,da
Case 888: ac,ad,bd,da,bd,ca,ad,db,ad
Case 889: ac,ad,bd,ca,dc,ad,db
Case 890: ac,bd,cb,ac,cb,ac,da,bd,cb,ac,cb,ac,cb,ac,da,cd,ac,cd,bc,cd,da
Case 891: ac,bd,da,bd,da,bd,da,bd,da,bd,da,bd,da,bd,cb,dc,ad,dc,ad,dc,ad,db
Case 892: ac,ad
Case 893: ad,dc
Case 894: impossible
Case 895: ac,ad,bd,da,bd,ca
Case 896: ac,bd,da,cd,da,cd,da
Case 897: ac,ad
Case 898: impossible
Case 899: ac,bd,cb,ac,da,bd,cb,ac,cb,ac,da,bd,cb,ac,da,bd,cb,ac,cb,ac,da,cd,ac,cd,da,cd,ac,cd,ac,cd,da,cd,ac,cd,da,cd,ac,cb
Case 900: ad,dc
Case 901: impossible
Case 902: ac,bd,da,bd,da,bd,cb,ac,da,bd,da,bd,da,bd,cb,dc,ad,db,bc,ca
Case 903: impossible
Case 904: ad,dc
Case 905: ac,ad,bd,ca,bc
Case 906: ac,bd,cb,ac
Case 907: ac,bd,da,bd,cb,dc,bd,dc,cb,dc,bd,dc,cb,dc,bd,dc,cb,ac,cb
Case 908: impossible
Case 909: impossible
Case 910: ac,ad
Case 911: ad,dc
Case 912: ad,dc,ad
Case 913: impossible
Case 914: ac,bd,cb,ac,da,bd,cb,dc,cb,dc,bd,dc,cb,dc,ca
Case 915: ac,bd,da,bd
Case 916: impossible
Case 917: impossible
Case 918: ac,ad
Case 919: ac,ad
Case 920: impossible
Case 921: ac,ad,ca,bc,bd
Case 922: ac,ad
Case 923: impossible
Case 924: ac,bd,cb,dc,da,cd,ac,cd,da,cd,ac,cb
Case 925: ac,ad
Case 926: ac,bd,da,bd,cd
Case 927: impossible
Case 928: impossible
Case 929: ac,cd
Case 930: ad,dc,ad,dc,ad
Case 931: impossible
Case 932: ac,ad,ca,bc,ca,bc,ca,bc,ca,bc,bd
Case 933: impossible
Case 934: impossible
Case 935: ac,bd,cb,ac,da,bd,cb,ac,cb,ac,da,bd,cb,dc,cb,dc,bd,dc,cb,ac,cb,dc,cb
Case 936: ac,cd,ac,cd,da,cd,ac,cd,da,cd,ac,cd,ac,cd,da,cd,ac,cd,da,cd,ac,cd,bc,cd,da
Case 937: ad,dc
Case 938: ac,bd,da,bd,cb,dc,bd,da
Case 939: ad,dc
Case 940: ac,ad,bd,da,bd,ca,ad,db,ad,ca,bc,ca,bc,cd,da
Case 941: ad,dc,ca,dc,ad,dc,ca,dc,ad,dc,ca,dc,ad,dc,ca,dc,bd,dc,cb,dc,bd,dc,cb,dc,bd,da
Case 942: ac,ad,bd,ca,dc,bd,da,ac,cb,ac,da,cd,db
Case 943: ad,dc,ad,dc,ca,dc,ad,dc,ad,dc,ca,dc,ad,dc,ca,dc,bd,dc,bd,dc,cb,dc,bd,da
Case 944: ac,bd,da,bd,cb,ac,cd,da,cd,ac,cd,da,bd,da
Case 945: ac,bd,cb,ac,cb,ac,cb,ac,cb,ac,cb,ac,cb,ac,cb,dc,cb,dc,cb,dc,cb
Case 946: ac,cd,ac,cd,da,cd,bc,ca
Case 947: ac,bd,cb,dc,da,bd,cb,ac,dc,cb
Case 948: ac,cd,da,cd,ac,cd,da,cd,ac,cd,da,bd,da
Case 949: ac,bd,cb,ac,da,bd,cb,ac,da,bd,cb,dc,cb,dc,ad,dc,cb
Case 950: impossible
Case 951: ad,ac
Case 952: impossible
Case 953: ac,cd,ac,cd,ac,cd
Case 954: impossible
Case 955: ac,cd,ac,cd,da,cd,ac,cd,ac,bc,ca,bc,cd,da
Case 956: ad,ac,da,bd,cb,dc,cb,dc,cb
Case 957: ac,cd,da,cd,ac,cd
Case 958: ac,bd,cb,ac,cb,ac,cb,ac,cb,ac,da,bd,cb,dc,ca
Case 959: ac,ad,ca,bc,db,ad,ca,bc,db,ad,ca,dc,ad,dc,ca,dc,ad,db
Case 960: ad,dc,ca,dc,ad,dc,ca,dc,ad
Case 961: ac,cd
Case 962: ac,ad,bd,ca,dc,cb
Case 963: ac,cd
Case 964: ad,dc,ad,bd,da,ac,bd,da,bd,cb,dc,ad,dc,ca
Case 965: ac,ad
Case 966: ad,dc,ad,dc,ad,dc,ad,dc,ca,dc,ad,dc,ad,dc,ad,dc,ad,dc,ca,dc,ad
Case 967: ac,bd,da,bd,da,cd,da
Case 968: ac,cd,ac,cd,da,cd,ac,cd,ac,cd,da,cd,ac,cd,ac,cd,da,cd,bc,cd,bc,cd,db,cd,bc,cd,bc,cd,db,cd,bc,cd,bc,cd,db,cd,ac,cb
Case 969: impossible
Case 970: ac,bd
Case 971: impossible
Case 972: ac,cd,da,cd
Case 973: ad,dc,ad
Case 974: impossible
Case 975: ac,cd,da,cd,ac
Case 976: impossible
Case 977: ac,cd,ac,cd,da,cd,ac,cd,da,cd,bc,cd,bc,cd,db,cd,bc,cd,db,cd,ac,cb
Case 978: impossible
Case 979: impossible
Case 980: impossible
Case 981: ac,cd,ac,cd,da,cd,bc,ca
Case 982: impossible
Case 983: ac,ad,ca,bc,cd,da
Case 984: ac,ad,bd,ca,dc,ad,db,bc,ca
Case 985: ac,bd,da,cd,da
Case 986: impossible
Case 987: ac,ad,bd,da,cd,ac,cb,bd,da
Case 988: impossible
Case 989: ac,cd,ac,cd,ac,cd,ac,cd,da,cd,ac,cd,ac
Case 990: impossible
Case 991: ac,ad
Case 992: ad,dc,ca,dc,ca,dc
Case 993: ac,bd,da,bd,cb,ac,da,bd,da,bd,cb,ac,da,bd,cb,ac,da,cd,da,cd,bc,cd,db,cd,db
Case 994: ad,dc,ad,dc,ad
Case 995: ad,dc,ca,dc,ca,dc,ca,dc
Case 996: impossible
Case 997: ac,ad,ca,bc,ca
Case 998: impossible
Case 999: impossible
Case 1000: ac,ad,ca,dc,ca,dc,bd,dc,cb,dc,ca
