Case 1: 7 28
Case 2: 0 0
Case 3: 1 63
Case 4: 1 809
Case 5: 35 6641
Case 6: 11 892
Case 7: 11 472
Case 8: 5 1011
Case 9: 23 2668
Case 10: 28 2557
Case 11: 6 155
Case 12: 20 2623
Case 13: 17 1945
Case 14: 18 1111
Case 15: 9 604
Case 16: 9 3957
Case 17: 15 1456
Case 18: 18 1725
Case 19: 20 2693
Case 20: 13 3146
Case 21: 23 1921
Case 22: 24 1713
Case 23: 13 856
Case 24: 17 2354
Case 25: 14 913
Case 26: 16 2896
Case 27: 11 2425
Case 28: 8 3480
Case 29: 12 1204
Case 30: 20 2307
Case 31: 3 1646
Case 32: 15 2184
Case 33: 1 10
Case 34: 2 2962
Case 35: 2 162
Case 36: 24 2752
Case 37: 24 1813
Case 38: 8 1757
Case 39: 11 418
Case 40: 25 2491
Case 41: 25 3257
Case 42: 33 2459
Case 43: 0 0
Case 44: 6 434
Case 45: 12 817
Case 46: 16 2607
Case 47: 9 3031
Case 48: 7 3341
Case 49: 7 1524
Case 50: 26 1431
