Case 1:
* Query 1
A B (1)
* Query 2
B A (1)
Case 2:
* Query 1
one two (2)
two three (3)
three four (5)
four five (7)
* Query 2
five four (7)
four three (5)
three two (3)
two one (2)
* Query 3
two three (3)
three four (5)
* Query 4
three two (3)
two one (2)
Case 3:
* Query 1
Abc Xyz (100)
* Query 2
Xyz Abc (100)
Case 4:
* Query 1
OPzDTOdHRG LwLACmXkcd (18713)
LwLACmXkcd rCcOToMAhy (14219)
rCcOToMAhy sDmHHjsosI (7286)
sDmHHjsosI XuyoxBhBGP (378)
XuyoxBhBGP HbtttuMiXY (218)
HbtttuMiXY YtivOcjBfa (338)
YtivOcjBfa ezaDMhUTtv (4448)
ezaDMhUTtv NDCBEnUArX (2527)
NDCBEnUArX wYuGEjYTLD (4102)
wYuGEjYTLD AfkEcmcsRE (1759)
AfkEcmcsRE KTeOOvFVWC (561)
KTeOOvFVWC MlMgEPImFJ (4600)
MlMgEPImFJ PjqBtgGXui (2985)
* Query 2
wMCPvtVUwJ AfkEcmcsRE (8192)
AfkEcmcsRE bSXMWdUTHQ (1571)
bSXMWdUTHQ SzoSblgMVy (1662)
SzoSblgMVy ITgKuzSGlM (3519)
ITgKuzSGlM tDOdKaNXtb (1973)
tDOdKaNXtb pmsKtGxvYh (3451)
pmsKtGxvYh HjjzgYIgVW (6649)
HjjzgYIgVW mUlyzhToBi (9917)
* Query 3
UpjMpTQMqJ WBrfFmzTZc (7725)
WBrfFmzTZc NDCBEnUArX (556)
NDCBEnUArX wYuGEjYTLD (4102)
wYuGEjYTLD vDRUiMAoyS (12787)
vDRUiMAoyS WLfKBBCCLA (9211)
WLfKBBCCLA nYUatFqJPV (6201)
nYUatFqJPV mMiLFHCZMu (10273)
* Query 4
iwBhBiSjvC SzoSblgMVy (1595)
SzoSblgMVy ITgKuzSGlM (3519)
ITgKuzSGlM qaCohNimYc (783)
qaCohNimYc NAWeFokVAv (6223)
NAWeFokVAv GAEwqLwnKE (7568)
GAEwqLwnKE MrOAeUWFui (5026)
MrOAeUWFui MXtiJmYsDf (9743)
* Query 5
AHRjQHtbfM sDmHHjsosI (6537)
sDmHHjsosI XuyoxBhBGP (378)
XuyoxBhBGP HbtttuMiXY (218)
HbtttuMiXY YtivOcjBfa (338)
YtivOcjBfa ezaDMhUTtv (4448)
ezaDMhUTtv NDCBEnUArX (2527)
NDCBEnUArX wYuGEjYTLD (4102)
wYuGEjYTLD vDRUiMAoyS (12787)
vDRUiMAoyS WLfKBBCCLA (9211)
WLfKBBCCLA KkzFvXCwqd (2113)
* Query 6
iwBhBiSjvC SzoSblgMVy (1595)
SzoSblgMVy bSXMWdUTHQ (1662)
bSXMWdUTHQ AfkEcmcsRE (1571)
AfkEcmcsRE KTeOOvFVWC (561)
KTeOOvFVWC MlMgEPImFJ (4600)
MlMgEPImFJ PjqBtgGXui (2985)
* Query 7
DpKGsrrpAj eFLexupTjR (2114)
eFLexupTjR sDmHHjsosI (4700)
sDmHHjsosI XuyoxBhBGP (378)
XuyoxBhBGP HbtttuMiXY (218)
HbtttuMiXY YtivOcjBfa (338)
YtivOcjBfa ezaDMhUTtv (4448)
ezaDMhUTtv NDCBEnUArX (2527)
NDCBEnUArX wYuGEjYTLD (4102)
wYuGEjYTLD AfkEcmcsRE (1759)
AfkEcmcsRE wMCPvtVUwJ (8192)
wMCPvtVUwJ rZHuigjsGp (3165)
rZHuigjsGp cXnldidozW (7060)
* Query 8
rCcOToMAhy LwLACmXkcd (14219)
LwLACmXkcd OPzDTOdHRG (18713)
OPzDTOdHRG DANpQmatsx (19534)
* Query 9
NDCBEnUArX ezaDMhUTtv (2527)
ezaDMhUTtv YtivOcjBfa (4448)
YtivOcjBfa HbtttuMiXY (338)
HbtttuMiXY XuyoxBhBGP (218)
XuyoxBhBGP sDmHHjsosI (378)
sDmHHjsosI MBUsvvJoYx (150)
MBUsvvJoYx YScqkZyQAx (5147)
YScqkZyQAx QAOWiBrQaZ (856)
QAOWiBrQaZ qpfvoQPnzV (129)
qpfvoQPnzV PuumpDNHFD (5032)
PuumpDNHFD xQqxQNCrIt (12032)
* Query 10
WBrfFmzTZc NDCBEnUArX (556)
NDCBEnUArX wYuGEjYTLD (4102)
wYuGEjYTLD vDRUiMAoyS (12787)
vDRUiMAoyS WLfKBBCCLA (9211)
* Query 11
vDRUiMAoyS wYuGEjYTLD (12787)
wYuGEjYTLD AfkEcmcsRE (1759)
AfkEcmcsRE wMCPvtVUwJ (8192)
wMCPvtVUwJ xsFInLzGuu (8757)
xsFInLzGuu FsjKpGpidC (13199)
* Query 12
SmhZkVbnzI cXnldidozW (11848)
cXnldidozW rZHuigjsGp (7060)
rZHuigjsGp wMCPvtVUwJ (3165)
wMCPvtVUwJ AfkEcmcsRE (8192)
AfkEcmcsRE wYuGEjYTLD (1759)
wYuGEjYTLD NDCBEnUArX (4102)
NDCBEnUArX ezaDMhUTtv (2527)
ezaDMhUTtv YtivOcjBfa (4448)
YtivOcjBfa HbtttuMiXY (338)
HbtttuMiXY XuyoxBhBGP (218)
XuyoxBhBGP sDmHHjsosI (378)
sDmHHjsosI AHRjQHtbfM (6537)
AHRjQHtbfM nbZivMrHqA (443)
nbZivMrHqA AerclLOKvC (11661)
* Query 13
fONLcPkYFt FxBfKWeRpN (9604)
FxBfKWeRpN lhDtxkQxRI (9006)
lhDtxkQxRI kHDvsOLnSe (10409)
kHDvsOLnSe nbZivMrHqA (2790)
nbZivMrHqA AHRjQHtbfM (443)
AHRjQHtbfM sDmHHjsosI (6537)
sDmHHjsosI XuyoxBhBGP (378)
XuyoxBhBGP HbtttuMiXY (218)
HbtttuMiXY YtivOcjBfa (338)
YtivOcjBfa ezaDMhUTtv (4448)
ezaDMhUTtv NDCBEnUArX (2527)
NDCBEnUArX wYuGEjYTLD (4102)
wYuGEjYTLD AfkEcmcsRE (1759)
AfkEcmcsRE wMCPvtVUwJ (8192)
wMCPvtVUwJ rZHuigjsGp (3165)
* Query 14
mFVgEPcnQj zRykSXVZSd (4908)
zRykSXVZSd HbtttuMiXY (3147)
HbtttuMiXY XuyoxBhBGP (218)
XuyoxBhBGP sDmHHjsosI (378)
sDmHHjsosI AHRjQHtbfM (6537)
AHRjQHtbfM nbZivMrHqA (443)
nbZivMrHqA kHDvsOLnSe (2790)
kHDvsOLnSe lhDtxkQxRI (10409)
lhDtxkQxRI FxBfKWeRpN (9006)
FxBfKWeRpN fONLcPkYFt (9604)
* Query 15
JTsuWAkNXh iwBhBiSjvC (14663)
iwBhBiSjvC SzoSblgMVy (1595)
SzoSblgMVy bSXMWdUTHQ (1662)
bSXMWdUTHQ AfkEcmcsRE (1571)
AfkEcmcsRE wYuGEjYTLD (1759)
wYuGEjYTLD vDRUiMAoyS (12787)
vDRUiMAoyS WLfKBBCCLA (9211)
WLfKBBCCLA KkzFvXCwqd (2113)
* Query 16
FYZisXioKy EXmNfXGtAT (4720)
EXmNfXGtAT PAkBkNQiHp (14080)
PAkBkNQiHp SzoSblgMVy (6792)
SzoSblgMVy ITgKuzSGlM (3519)
ITgKuzSGlM qaCohNimYc (783)
qaCohNimYc NAWeFokVAv (6223)
NAWeFokVAv GAEwqLwnKE (7568)
GAEwqLwnKE MrOAeUWFui (5026)
* Query 17
vDRUiMAoyS wYuGEjYTLD (12787)
wYuGEjYTLD AfkEcmcsRE (1759)
AfkEcmcsRE bSXMWdUTHQ (1571)
bSXMWdUTHQ SzoSblgMVy (1662)
SzoSblgMVy iwBhBiSjvC (1595)
iwBhBiSjvC JTsuWAkNXh (14663)
* Query 18
FDGUfngswe SzoSblgMVy (5088)
SzoSblgMVy bSXMWdUTHQ (1662)
bSXMWdUTHQ AfkEcmcsRE (1571)
AfkEcmcsRE wYuGEjYTLD (1759)
wYuGEjYTLD NDCBEnUArX (4102)
NDCBEnUArX ezaDMhUTtv (2527)
ezaDMhUTtv YtivOcjBfa (4448)
YtivOcjBfa HbtttuMiXY (338)
HbtttuMiXY XuyoxBhBGP (218)
XuyoxBhBGP sDmHHjsosI (378)
sDmHHjsosI rCcOToMAhy (7286)
rCcOToMAhy RYlKiyqTZF (4645)
RYlKiyqTZF FWuekbbIaI (1778)
* Query 19
mFVgEPcnQj zRykSXVZSd (4908)
zRykSXVZSd HbtttuMiXY (3147)
HbtttuMiXY YtivOcjBfa (338)
YtivOcjBfa ezaDMhUTtv (4448)
* Query 20
cXnldidozW rZHuigjsGp (7060)
rZHuigjsGp wMCPvtVUwJ (3165)
wMCPvtVUwJ AfkEcmcsRE (8192)
AfkEcmcsRE bSXMWdUTHQ (1571)
Case 5:
* Query 1
sJ yDnVZZAGF (2823)
yDnVZZAGF enMsUGw (3249)
enMsUGw bmHdQ (522)
bmHdQ uwgR (1771)
uwgR UwPkz (232)
* Query 2
YL lYlZu (5490)
lYlZu yWmKYzGn (4794)
yWmKYzGn zGevsKa (473)
zGevsKa mF (2916)
mF uwgR (2897)
uwgR UwPkz (232)
UwPkz ZWeNA (28)
ZWeNA tguG (1456)
tguG AIU (2560)
AIU GbIJnIDcA (1621)
GbIJnIDcA caSctB (274)
caSctB YOdXWE (5617)
YOdXWE SFIzjcSja (4510)
SFIzjcSja KYfPEUFFp (12993)
* Query 3
urOsk YNSvWkMu (897)
YNSvWkMu BBKfuHyf (317)
BBKfuHyf KQeKYK (235)
KQeKYK uwgR (2293)
uwgR mF (2897)
mF GDE (2896)
GDE TeQJ (3081)
* Query 4
mI UwPkz (7605)
UwPkz uwgR (232)
uwgR bmHdQ (1771)
bmHdQ enMsUGw (522)
enMsUGw yDnVZZAGF (3249)
yDnVZZAGF LjmrpTrEGg (754)
LjmrpTrEGg vaLFclfKWQ (7778)
* Query 5
KYfPEUFFp SFIzjcSja (12993)
SFIzjcSja YOdXWE (4510)
YOdXWE caSctB (5617)
caSctB GbIJnIDcA (274)
GbIJnIDcA AIU (1621)
AIU tguG (2560)
tguG ZWeNA (1456)
ZWeNA UwPkz (28)
UwPkz uwgR (232)
uwgR bmHdQ (1771)
* Query 6
guJCjzk L (16624)
L ZGzoKrAW (8460)
ZGzoKrAW GDE (2851)
GDE mF (2896)
mF uwgR (2897)
uwgR UwPkz (232)
UwPkz ZWeNA (28)
ZWeNA tguG (1456)
tguG NRwUK (5083)
NRwUK YrHFaUxLQU (1492)
YrHFaUxLQU NIOVIphs (2255)
* Query 7
mF GDE (2896)
GDE ZGzoKrAW (2851)
ZGzoKrAW L (8460)
L guJCjzk (16624)
* Query 8
caSctB GbIJnIDcA (274)
GbIJnIDcA AIU (1621)
AIU tguG (2560)
tguG ZWeNA (1456)
ZWeNA UwPkz (28)
UwPkz uwgR (232)
uwgR KQeKYK (2293)
KQeKYK gLqky (5221)
* Query 9
sJ yDnVZZAGF (2823)
yDnVZZAGF enMsUGw (3249)
enMsUGw bmHdQ (522)
bmHdQ uwgR (1771)
uwgR mF (2897)
mF GDE (2896)
GDE TeQJ (3081)
TeQJ CnKX (2334)
CnKX ZbWMV (3906)
* Query 10
NTdacBQJt yQeQGaKrV (9619)
yQeQGaKrV NIOVIphs (2602)
NIOVIphs YrHFaUxLQU (2255)
YrHFaUxLQU NRwUK (1492)
NRwUK tguG (5083)
tguG ZWeNA (1456)
ZWeNA UwPkz (28)
UwPkz uwgR (232)
uwgR mF (2897)
mF GDE (2896)
* Query 11
urOsk YNSvWkMu (897)
YNSvWkMu BBKfuHyf (317)
BBKfuHyf KQeKYK (235)
KQeKYK uwgR (2293)
uwgR UwPkz (232)
* Query 12
sJ yDnVZZAGF (2823)
* Query 13
UwPkz ZWeNA (28)
ZWeNA tguG (1456)
tguG NRwUK (5083)
NRwUK YrHFaUxLQU (1492)
YrHFaUxLQU NIOVIphs (2255)
NIOVIphs yQeQGaKrV (2602)
yQeQGaKrV NTdacBQJt (9619)
* Query 14
tguG ZWeNA (1456)
ZWeNA UwPkz (28)
UwPkz uwgR (232)
uwgR mF (2897)
mF zGevsKa (2916)
zGevsKa yWmKYzGn (473)
yWmKYzGn lYlZu (4794)
lYlZu exSyGiiaF (7983)
* Query 15
tf NIOVIphs (3467)
NIOVIphs YrHFaUxLQU (2255)
YrHFaUxLQU NRwUK (1492)
NRwUK tguG (5083)
tguG ZWeNA (1456)
ZWeNA UwPkz (28)
UwPkz uwgR (232)
uwgR KQeKYK (2293)
* Query 16
MiWxKhH YrHFaUxLQU (13532)
YrHFaUxLQU NIOVIphs (2255)
* Query 17
OeuZrzYqu G (3552)
G YNSvWkMu (9374)
YNSvWkMu BBKfuHyf (317)
BBKfuHyf KQeKYK (235)
Case 6:
* Query 1
tOTbrXWEXm bYdalqetk (7086)
bYdalqetk JZE (7314)
JZE EP (867)
EP ZYVqrO (6037)
* Query 2
iHHM ku (19863)
ku GjHrYldKU (776)
GjHrYldKU wfEUwqJ (1794)
wfEUwqJ zHXpVJ (3614)
zHXpVJ bK (293)
bK b (5580)
b Pv (5720)
Pv LavnWSgXC (7858)
LavnWSgXC MHc (4766)
MHc XFI (1201)
XFI DpYCCh (1594)
* Query 3
PTlAvYHcs ZYVqrO (12336)
ZYVqrO Pn (5265)
Pn XFI (4586)
XFI MHc (1201)
MHc LavnWSgXC (4766)
LavnWSgXC Pv (7858)
* Query 4
JHFZytg ZYVqrO (5705)
ZYVqrO Pn (5265)
Pn XFI (4586)
XFI MHc (1201)
MHc LavnWSgXC (4766)
LavnWSgXC Pv (7858)
Pv b (5720)
b bK (5580)
bK zHXpVJ (293)
zHXpVJ wfEUwqJ (3614)
wfEUwqJ GjHrYldKU (1794)
GjHrYldKU aEXfcYz (2352)
aEXfcYz fmR (1126)
fmR yKDRxYPEF (6395)
yKDRxYPEF sa (12735)
* Query 5
RhoIVQbvqx GjHrYldKU (8326)
GjHrYldKU wfEUwqJ (1794)
wfEUwqJ zHXpVJ (3614)
zHXpVJ bK (293)
bK b (5580)
b Pv (5720)
Pv LavnWSgXC (7858)
LavnWSgXC MHc (4766)
MHc XFI (1201)
XFI Pn (4586)
Pn ZYVqrO (5265)
ZYVqrO PTlAvYHcs (12336)
* Query 6
JZE EP (867)
EP ZYVqrO (6037)
ZYVqrO Pn (5265)
Pn XFI (4586)
XFI MHc (1201)
MHc LavnWSgXC (4766)
LavnWSgXC Pv (7858)
Case 7:
* Query 1
wIDpkpUa uBCvkXdGZ (18721)
uBCvkXdGZ KmOKbojQ (4637)
KmOKbojQ vkyM (33)
vkyM saMLStLd (2198)
saMLStLd Ijtdr (4310)
* Query 2
LpuRGqoM NrZqMPZBKK (3038)
NrZqMPZBKK PXMsW (3883)
PXMsW Ijtdr (3914)
Ijtdr saMLStLd (4310)
saMLStLd tacVumS (3457)
tacVumS NUJlQv (2917)
NUJlQv qMpd (5594)
* Query 3
AIJIUd vkyM (4439)
vkyM saMLStLd (2198)
saMLStLd Ijtdr (4310)
Ijtdr PXMsW (3914)
PXMsW NrZqMPZBKK (3883)
NrZqMPZBKK oH (1289)
* Query 4
QXF wcyyHd (2969)
wcyyHd KmOKbojQ (4192)
KmOKbojQ vkyM (33)
vkyM saMLStLd (2198)
saMLStLd tacVumS (3457)
tacVumS cSos (1785)
cSos weTQp (7035)
* Query 5
vkyM saMLStLd (2198)
saMLStLd Ijtdr (4310)
Ijtdr PXMsW (3914)
PXMsW NrZqMPZBKK (3883)
NrZqMPZBKK LpuRGqoM (3038)
* Query 6
KmOKbojQ uBCvkXdGZ (4637)
uBCvkXdGZ wIDpkpUa (18721)
Case 8:
* Query 1
EGTGDy w (6823)
w zUiSO (9643)
zUiSO VQckcSpV (10040)
VQckcSpV sbywVjO (19313)
sbywVjO kSJCIjjyyV (20184)
kSJCIjjyyV aZ (34995)
aZ lvuVUCP (31853)
* Query 2
HOY oTu (12159)
oTu w (1681)
w zUiSO (9643)
zUiSO pb (13419)
pb NRYO (16233)
NRYO eS (403)
eS COX (10718)
COX MO (6876)
MO nXRN (11372)
* Query 3
rFljpcIm gKAVWtzqQl (11543)
gKAVWtzqQl FzDduJe (34686)
FzDduJe BEp (5225)
BEp mVVre (15925)
mVVre B (21858)
B iOyrRRgY (3268)
iOyrRRgY jCCZjc (7011)
jCCZjc fVpvjj (12487)
fVpvjj ne (18882)
ne tdWekIQSiv (4480)
tdWekIQSiv ObBoZ (9096)
ObBoZ gpcs (1515)
gpcs NfhdjKqcx (434)
NfhdjKqcx X (6272)
X MO (19187)
MO COX (6876)
COX eS (10718)
eS NRYO (403)
NRYO pb (16233)
pb zUiSO (13419)
zUiSO VQckcSpV (10040)
VQckcSpV UuXgHY (18980)
* Query 4
QCXfMoZ FzDduJe (21910)
FzDduJe BEp (5225)
BEp mVVre (15925)
mVVre B (21858)
B iOyrRRgY (3268)
iOyrRRgY jCCZjc (7011)
jCCZjc fVpvjj (12487)
fVpvjj ne (18882)
ne tdWekIQSiv (4480)
tdWekIQSiv ObBoZ (9096)
ObBoZ gpcs (1515)
gpcs NfhdjKqcx (434)
NfhdjKqcx X (6272)
X MO (19187)
MO COX (6876)
* Query 5
sRNMipAl mVVre (33890)
mVVre B (21858)
B iOyrRRgY (3268)
iOyrRRgY jCCZjc (7011)
jCCZjc fVpvjj (12487)
fVpvjj ne (18882)
ne tdWekIQSiv (4480)
tdWekIQSiv ObBoZ (9096)
ObBoZ gpcs (1515)
gpcs NfhdjKqcx (434)
NfhdjKqcx X (6272)
X MO (19187)
MO COX (6876)
COX eS (10718)
eS NRYO (403)
NRYO pb (16233)
pb zUiSO (13419)
zUiSO VQckcSpV (10040)
VQckcSpV sbywVjO (19313)
sbywVjO kSJCIjjyyV (20184)
* Query 6
HOY oTu (12159)
oTu w (1681)
w zUiSO (9643)
zUiSO VQckcSpV (10040)
VQckcSpV sbywVjO (19313)
sbywVjO kSJCIjjyyV (20184)
kSJCIjjyyV aZ (34995)
aZ lvuVUCP (31853)
* Query 7
jCCZjc fVpvjj (12487)
fVpvjj ne (18882)
ne tdWekIQSiv (4480)
tdWekIQSiv ObBoZ (9096)
ObBoZ gpcs (1515)
gpcs qsEtfTTn (4798)
qsEtfTTn t (8245)
t iWq (6420)
iWq L (9930)
* Query 8
VDvTPSa rrVnnZyRm (12290)
rrVnnZyRm oTu (9884)
oTu w (1681)
w zUiSO (9643)
zUiSO pb (13419)
pb NRYO (16233)
NRYO eS (403)
eS COX (10718)
COX MO (6876)
MO X (19187)
X NfhdjKqcx (6272)
NfhdjKqcx gpcs (434)
gpcs qsEtfTTn (4798)
qsEtfTTn xfD (2396)
xfD rUy (2525)
rUy vWNNJlCk (31585)
* Query 9
InFgz ne (7351)
ne tdWekIQSiv (4480)
tdWekIQSiv ObBoZ (9096)
ObBoZ gpcs (1515)
gpcs NfhdjKqcx (434)
NfhdjKqcx X (6272)
X MO (19187)
MO COX (6876)
COX eS (10718)
* Query 10
rFljpcIm gKAVWtzqQl (11543)
gKAVWtzqQl FzDduJe (34686)
FzDduJe BEp (5225)
BEp mVVre (15925)
mVVre B (21858)
B iOyrRRgY (3268)
iOyrRRgY jCCZjc (7011)
jCCZjc H (15258)
* Query 11
wxR VDvTPSa (1205)
VDvTPSa rrVnnZyRm (12290)
rrVnnZyRm oTu (9884)
oTu w (1681)
w zUiSO (9643)
zUiSO pb (13419)
pb NRYO (16233)
NRYO eS (403)
eS COX (10718)
COX MO (6876)
MO X (19187)
X NfhdjKqcx (6272)
NfhdjKqcx gpcs (434)
gpcs qsEtfTTn (4798)
qsEtfTTn xWW (41031)
* Query 12
iOyrRRgY jCCZjc (7011)
jCCZjc fVpvjj (12487)
fVpvjj ne (18882)
ne tdWekIQSiv (4480)
tdWekIQSiv ObBoZ (9096)
ObBoZ gpcs (1515)
gpcs NfhdjKqcx (434)
NfhdjKqcx X (6272)
X MO (19187)
MO COX (6876)
COX eS (10718)
eS NRYO (403)
NRYO pb (16233)
pb zUiSO (13419)
zUiSO VQckcSpV (10040)
VQckcSpV sbywVjO (19313)
sbywVjO mWDT (8879)
* Query 13
UuXgHY VQckcSpV (18980)
VQckcSpV zUiSO (10040)
zUiSO pb (13419)
pb NRYO (16233)
NRYO eS (403)
eS COX (10718)
COX MO (6876)
MO X (19187)
X NfhdjKqcx (6272)
NfhdjKqcx gpcs (434)
* Query 14
lvuVUCP aZ (31853)
aZ kSJCIjjyyV (34995)
kSJCIjjyyV sbywVjO (20184)
sbywVjO VQckcSpV (19313)
VQckcSpV zUiSO (10040)
zUiSO pb (13419)
pb NRYO (16233)
NRYO eS (403)
eS COX (10718)
COX MO (6876)
MO IlRBg (9582)
* Query 15
MXWcDnh NfhdjKqcx (57970)
NfhdjKqcx X (6272)
X MO (19187)
MO COX (6876)
COX eS (10718)
eS NRYO (403)
NRYO pb (16233)
pb zUiSO (13419)
zUiSO w (9643)
w oTu (1681)
oTu rrVnnZyRm (9884)
rrVnnZyRm VDvTPSa (12290)
* Query 16
FzDduJe BEp (5225)
BEp mVVre (15925)
mVVre B (21858)
B iOyrRRgY (3268)
iOyrRRgY jCCZjc (7011)
jCCZjc fVpvjj (12487)
fVpvjj ne (18882)
ne tdWekIQSiv (4480)
tdWekIQSiv ObBoZ (9096)
ObBoZ gpcs (1515)
gpcs NfhdjKqcx (434)
NfhdjKqcx X (6272)
X MO (19187)
MO COX (6876)
COX eS (10718)
eS NRYO (403)
NRYO pb (16233)
pb zUiSO (13419)
zUiSO i (28373)
* Query 17
zUiSO pb (13419)
pb NRYO (16233)
NRYO eS (403)
eS COX (10718)
COX MO (6876)
MO X (19187)
X NfhdjKqcx (6272)
NfhdjKqcx gpcs (434)
gpcs ObBoZ (1515)
ObBoZ tdWekIQSiv (9096)
tdWekIQSiv ne (4480)
ne fVpvjj (18882)
fVpvjj jCCZjc (12487)
jCCZjc iOyrRRgY (7011)
iOyrRRgY B (3268)
B mVVre (21858)
mVVre BEp (15925)
BEp FzDduJe (5225)
FzDduJe YoZB (3496)
Case 9:
* Query 1
JdHrIfvPVj Q (7683)
Q rzFyfqU (5684)
rzFyfqU iqarTCuAaL (4356)
* Query 2
KmOD TfLrwzZGH (8590)
* Query 3
GW qztYtZeFrW (15252)
qztYtZeFrW JdHrIfvPVj (6801)
JdHrIfvPVj Q (7683)
Q rzFyfqU (5684)
rzFyfqU iqarTCuAaL (4356)
iqarTCuAaL DxiKujRT (9720)
DxiKujRT ywtozT (6892)
ywtozT sS (12666)
sS TfLrwzZGH (10126)
TfLrwzZGH vXUY (9794)
vXUY CDGIEOm (2364)
CDGIEOm paRVzshM (9993)
* Query 4
I sCvuXaz (14117)
sCvuXaz K (1212)
K sS (6589)
sS ywtozT (12666)
ywtozT DxiKujRT (6892)
DxiKujRT iqarTCuAaL (9720)
iqarTCuAaL azdxAVFOn (10569)
azdxAVFOn rd (5377)
* Query 5
kjKGTAO GZHIqihU (7535)
GZHIqihU ZniG (7930)
ZniG JYpIBH (2928)
JYpIBH BdeIOO (2276)
BdeIOO ECjQX (8681)
ECjQX rPaLHiENl (4710)
rPaLHiENl qztYtZeFrW (2637)
qztYtZeFrW JdHrIfvPVj (6801)
JdHrIfvPVj Q (7683)
Q rzFyfqU (5684)
rzFyfqU iqarTCuAaL (4356)
iqarTCuAaL DxiKujRT (9720)
DxiKujRT ywtozT (6892)
ywtozT sS (12666)
sS TfLrwzZGH (10126)
TfLrwzZGH vXUY (9794)
vXUY CDGIEOm (2364)
* Query 6
VHkRO DgF (25468)
DgF IRDgoR (4563)
IRDgoR sCvuXaz (18149)
sCvuXaz K (1212)
K sS (6589)
sS ywtozT (12666)
ywtozT DxiKujRT (6892)
* Query 7
DCfzOe RrLzxRpe (3431)
RrLzxRpe VHkRO (17317)
VHkRO DgF (25468)
DgF IRDgoR (4563)
IRDgoR sCvuXaz (18149)
sCvuXaz K (1212)
K sS (6589)
sS ywtozT (12666)
ywtozT DxiKujRT (6892)
DxiKujRT iqarTCuAaL (9720)
iqarTCuAaL rzFyfqU (4356)
rzFyfqU Q (5684)
Q JdHrIfvPVj (7683)
JdHrIfvPVj qztYtZeFrW (6801)
qztYtZeFrW rPaLHiENl (2637)
rPaLHiENl ECjQX (4710)
ECjQX BdeIOO (8681)
BdeIOO JYpIBH (2276)
* Query 8
zR rzFyfqU (7382)
rzFyfqU iqarTCuAaL (4356)
iqarTCuAaL DxiKujRT (9720)
DxiKujRT ywtozT (6892)
ywtozT sS (12666)
sS K (6589)
K sCvuXaz (1212)
sCvuXaz IRDgoR (18149)
IRDgoR Dr (48392)
* Query 9
aalMPqirVj ZniG (5724)
ZniG JYpIBH (2928)
JYpIBH BdeIOO (2276)
BdeIOO ECjQX (8681)
ECjQX rPaLHiENl (4710)
rPaLHiENl qztYtZeFrW (2637)
qztYtZeFrW JdHrIfvPVj (6801)
JdHrIfvPVj Q (7683)
Q rzFyfqU (5684)
rzFyfqU iqarTCuAaL (4356)
iqarTCuAaL azdxAVFOn (10569)
azdxAVFOn rd (5377)
* Query 10
cuUkU ywtozT (13484)
ywtozT sS (12666)
sS TfLrwzZGH (10126)
TfLrwzZGH XQ (5640)
XQ c (4042)
* Query 11
rPaLHiENl qztYtZeFrW (2637)
qztYtZeFrW JdHrIfvPVj (6801)
* Query 12
DgF IRDgoR (4563)
IRDgoR sCvuXaz (18149)
sCvuXaz K (1212)
K sS (6589)
sS TfLrwzZGH (10126)
TfLrwzZGH vXUY (9794)
vXUY CDGIEOm (2364)
CDGIEOm paRVzshM (9993)
paRVzshM Ggi (27899)
Case 10:
* Query 1
Vq H (3100)
H ezNmtijjJ (1621)
ezNmtijjJ xmx (3058)
xmx V (516)
V zYbmWvX (3360)
zYbmWvX pHSMMDBl (3703)
pHSMMDBl PiRvOwxUB (2001)
PiRvOwxUB aYorjrg (957)
aYorjrg Lzw (543)
Lzw zKksNYDba (129)
zKksNYDba JKjRr (2825)
JKjRr o (1700)
o jCRXVsWh (723)
jCRXVsWh rgTgfnAc (2857)
rgTgfnAc T (4286)
T fpYGMO (3231)
* Query 2
londEoIz zYbmWvX (3914)
zYbmWvX pHSMMDBl (3703)
pHSMMDBl PiRvOwxUB (2001)
PiRvOwxUB aYorjrg (957)
aYorjrg Lzw (543)
Lzw zKksNYDba (129)
zKksNYDba JKjRr (2825)
JKjRr o (1700)
o jCRXVsWh (723)
jCRXVsWh wJJv (3654)
* Query 3
H ezNmtijjJ (1621)
ezNmtijjJ xmx (3058)
xmx V (516)
V zYbmWvX (3360)
zYbmWvX pHSMMDBl (3703)
pHSMMDBl PiRvOwxUB (2001)
PiRvOwxUB aYorjrg (957)
aYorjrg Lzw (543)
Lzw zKksNYDba (129)
zKksNYDba JKjRr (2825)
JKjRr o (1700)
o jCRXVsWh (723)
jCRXVsWh wJJv (3654)
wJJv Lh (2713)
Lh ekFp (1912)
ekFp kVKSDInkI (1764)
* Query 4
o jCRXVsWh (723)
jCRXVsWh rgTgfnAc (2857)
rgTgfnAc T (4286)
T gkglrf (2799)
gkglrf HPXiTrqwZe (2545)
* Query 5
Lzw zKksNYDba (129)
zKksNYDba JKjRr (2825)
JKjRr o (1700)
o jCRXVsWh (723)
jCRXVsWh wJJv (3654)
wJJv Lh (2713)
Lh ekFp (1912)
ekFp kVKSDInkI (1764)
kVKSDInkI n (348)
* Query 6
HpvyIwR londEoIz (17626)
londEoIz zYbmWvX (3914)
zYbmWvX pHSMMDBl (3703)
pHSMMDBl PiRvOwxUB (2001)
PiRvOwxUB aYorjrg (957)
aYorjrg Lzw (543)
Lzw bFzF (2057)
bFzF bgJjf (3080)
* Query 7
AG londEoIz (11942)
londEoIz zYbmWvX (3914)
zYbmWvX pHSMMDBl (3703)
pHSMMDBl PiRvOwxUB (2001)
PiRvOwxUB aYorjrg (957)
aYorjrg Lzw (543)
Lzw zKksNYDba (129)
zKksNYDba JKjRr (2825)
JKjRr o (1700)
o jCRXVsWh (723)
jCRXVsWh wJJv (3654)
wJJv Lh (2713)
Lh ekFp (1912)
ekFp jlnTb (3443)
Case 11:
* Query 1
rLqp zKIKXMD (17336)
zKIKXMD MIOOpxjK (8856)
MIOOpxjK ueIqwja (2863)
ueIqwja ivfFTH (1565)
ivfFTH VTrpTJ (2136)
VTrpTJ DkjgRIwcxq (7994)
DkjgRIwcxq gKIZCDrGx (3660)
gKIZCDrGx bDiLlCen (664)
bDiLlCen cwkKt (5369)
cwkKt TtHqiPf (658)
TtHqiPf XBOhAhlcZO (5129)
XBOhAhlcZO vrBcFX (5961)
* Query 2
Fmezc nDFhIsoLX (15313)
nDFhIsoLX twzkPDPvbO (420)
twzkPDPvbO BZmZn (13251)
BZmZn TUWP (10813)
* Query 3
ITLaDZxsW Fmezc (10168)
Fmezc nDFhIsoLX (15313)
nDFhIsoLX twzkPDPvbO (420)
twzkPDPvbO BZmZn (13251)
BZmZn KECKXt (16648)
KECKXt jVocoXIsL (9692)
* Query 4
HID XdKHoeDR (8582)
XdKHoeDR BZmZn (2617)
BZmZn WDTigVeB (9633)
WDTigVeB ujDDW (396)
ujDDW xTvoBmWfIZ (1930)
xTvoBmWfIZ ivfFTH (2672)
ivfFTH VTrpTJ (2136)
VTrpTJ DkjgRIwcxq (7994)
DkjgRIwcxq SAC (5715)
* Query 5
WNxAo jMA (5827)
jMA kZTJawqiO (8682)
kZTJawqiO xTvoBmWfIZ (10418)
xTvoBmWfIZ ivfFTH (2672)
ivfFTH VTrpTJ (2136)
VTrpTJ DkjgRIwcxq (7994)
DkjgRIwcxq gKIZCDrGx (3660)
gKIZCDrGx bDiLlCen (664)
bDiLlCen cwkKt (5369)
* Query 6
SRMNhHNID gKIZCDrGx (13273)
gKIZCDrGx DkjgRIwcxq (3660)
DkjgRIwcxq VTrpTJ (7994)
VTrpTJ ivfFTH (2136)
ivfFTH xTvoBmWfIZ (2672)
xTvoBmWfIZ ujDDW (1930)
ujDDW WDTigVeB (396)
WDTigVeB BZmZn (9633)
BZmZn NNyi (23417)
* Query 7
ybKgJx lxuSX (21663)
lxuSX GHMwAaHFV (8819)
GHMwAaHFV xTvoBmWfIZ (7060)
xTvoBmWfIZ ujDDW (1930)
ujDDW WDTigVeB (396)
WDTigVeB BZmZn (9633)
BZmZn twzkPDPvbO (13251)
twzkPDPvbO nDFhIsoLX (420)
nDFhIsoLX Fmezc (15313)
* Query 8
WNxAo jMA (5827)
jMA kZTJawqiO (8682)
kZTJawqiO xTvoBmWfIZ (10418)
xTvoBmWfIZ ivfFTH (2672)
ivfFTH VTrpTJ (2136)
VTrpTJ DkjgRIwcxq (7994)
DkjgRIwcxq gKIZCDrGx (3660)
gKIZCDrGx bDiLlCen (664)
bDiLlCen cwkKt (5369)
cwkKt NlmvqhPw (7717)
NlmvqhPw eM (10219)
eM TgifarpjYO (12552)
TgifarpjYO WuWxIIvYqz (30739)
WuWxIIvYqz QTFqBbEI (23468)
QTFqBbEI KiyTxhMx (38388)
* Query 9
DkjgRIwcxq VTrpTJ (7994)
VTrpTJ ivfFTH (2136)
ivfFTH xTvoBmWfIZ (2672)
xTvoBmWfIZ ujDDW (1930)
ujDDW WDTigVeB (396)
WDTigVeB BZmZn (9633)
BZmZn KECKXt (16648)
KECKXt jVocoXIsL (9692)
* Query 10
WuWxIIvYqz TgifarpjYO (30739)
TgifarpjYO eM (12552)
eM NlmvqhPw (10219)
NlmvqhPw cwkKt (7717)
cwkKt sK (5818)
* Query 11
NNyi BZmZn (23417)
BZmZn WDTigVeB (9633)
WDTigVeB ujDDW (396)
ujDDW xTvoBmWfIZ (1930)
xTvoBmWfIZ ivfFTH (2672)
ivfFTH ueIqwja (1565)
ueIqwja MIOOpxjK (2863)
MIOOpxjK zKIKXMD (8856)
zKIKXMD Z (5007)
* Query 12
BZmZn WDTigVeB (9633)
WDTigVeB ujDDW (396)
ujDDW xTvoBmWfIZ (1930)
xTvoBmWfIZ GHMwAaHFV (7060)
GHMwAaHFV lxuSX (8819)
* Query 13
D OfoX (25130)
OfoX gKIZCDrGx (2009)
gKIZCDrGx bDiLlCen (664)
bDiLlCen cwkKt (5369)
cwkKt TtHqiPf (658)
* Query 14
k jVocoXIsL (32856)
jVocoXIsL KECKXt (9692)
KECKXt BZmZn (16648)
BZmZn WDTigVeB (9633)
WDTigVeB ujDDW (396)
ujDDW xTvoBmWfIZ (1930)
xTvoBmWfIZ ivfFTH (2672)
ivfFTH VTrpTJ (2136)
VTrpTJ DkjgRIwcxq (7994)
DkjgRIwcxq gKIZCDrGx (3660)
gKIZCDrGx bDiLlCen (664)
bDiLlCen cwkKt (5369)
cwkKt NlmvqhPw (7717)
NlmvqhPw eM (10219)
eM YQU (20769)
Case 12:
* Query 1
TKSvmSO LDkF (6054)
LDkF Al (2280)
Al WBZH (2135)
WBZH WwLcWW (1305)
WwLcWW ZEJGxdXCz (24180)
* Query 2
RmxjsIfJfi dxTM (7395)
dxTM HsmEOttb (5136)
HsmEOttb QBws (10346)
QBws Qq (6374)
Qq V (9414)
V LJlIDcl (1734)
LJlIDcl AVYlh (7393)
AVYlh mWLCLXfJj (2808)
mWLCLXfJj WwLcWW (7153)
WwLcWW WBZH (1305)
WBZH Al (2135)
Al LDkF (2280)
LDkF Aywon (149)
Aywon Hh (11231)
Hh olXloqUUQ (13423)
olXloqUUQ fQErYHE (2676)
* Query 3
OHuIfXpKlX Hr (10433)
Hr EaAEzWLd (18180)
EaAEzWLd zDjrpiNQ (12066)
zDjrpiNQ dxTM (7091)
dxTM HsmEOttb (5136)
HsmEOttb QBws (10346)
QBws Qq (6374)
Qq V (9414)
V LJlIDcl (1734)
LJlIDcl AVYlh (7393)
AVYlh mWLCLXfJj (2808)
mWLCLXfJj WwLcWW (7153)
WwLcWW WBZH (1305)
WBZH Al (2135)
Al HUz (6097)
HUz Wt (1249)
* Query 4
EaAEzWLd zDjrpiNQ (12066)
zDjrpiNQ dxTM (7091)
dxTM HsmEOttb (5136)
HsmEOttb QBws (10346)
QBws Qq (6374)
Qq V (9414)
V LJlIDcl (1734)
LJlIDcl AVYlh (7393)
AVYlh mWLCLXfJj (2808)
mWLCLXfJj WwLcWW (7153)
WwLcWW WBZH (1305)
WBZH Al (2135)
Al LDkF (2280)
LDkF pgAYJ (9117)
pgAYJ Eg (8741)
Eg Ok (3381)
Ok XrmxfvNf (5863)
XrmxfvNf CVp (2748)
CVp dSVppnBc (515)
* Query 5
lSlBDK jgu (19052)
jgu MepD (1808)
MepD v (3138)
v AWlrbWzl (7099)
* Query 6
pTOHlzt Egh (3591)
Egh Eg (134)
Eg pgAYJ (8741)
pgAYJ LDkF (9117)
LDkF Al (2280)
Al HUz (6097)
HUz Wt (1249)
* Query 7
WwLcWW mWLCLXfJj (7153)
mWLCLXfJj AVYlh (2808)
AVYlh LJlIDcl (7393)
LJlIDcl V (1734)
V Qq (9414)
Qq QBws (6374)
QBws HsmEOttb (10346)
HsmEOttb dxTM (5136)
dxTM RmxjsIfJfi (7395)
RmxjsIfJfi SNo (4817)
SNo UjMl (5869)
UjMl dnqW (5378)
* Query 8
pTOHlzt Egh (3591)
Egh Eg (134)
Eg pgAYJ (8741)
pgAYJ LDkF (9117)
LDkF Aywon (149)
Aywon Hh (11231)
Hh olXloqUUQ (13423)
olXloqUUQ fQErYHE (2676)
* Query 9
t jgu (668)
jgu MepD (1808)
MepD v (3138)
v AWlrbWzl (7099)
AWlrbWzl EMqKa (73)
EMqKa zDjrpiNQ (10416)
zDjrpiNQ dxTM (7091)
dxTM HsmEOttb (5136)
HsmEOttb QBws (10346)
QBws Qq (6374)
Qq V (9414)
V LJlIDcl (1734)
LJlIDcl AVYlh (7393)
AVYlh mWLCLXfJj (2808)
mWLCLXfJj WwLcWW (7153)
WwLcWW WBZH (1305)
WBZH Al (2135)
Al LrYxdEY (17949)
* Query 10
HUz Al (6097)
Al WBZH (2135)
WBZH WwLcWW (1305)
WwLcWW mWLCLXfJj (7153)
mWLCLXfJj AVYlh (2808)
AVYlh LJlIDcl (7393)
LJlIDcl V (1734)
V Qq (9414)
Qq QBws (6374)
QBws HsmEOttb (10346)
HsmEOttb dxTM (5136)
dxTM RmxjsIfJfi (7395)
RmxjsIfJfi SNo (4817)
SNo hY (9859)
* Query 11
TYDlvzow MepD (34392)
MepD v (3138)
v AWlrbWzl (7099)
AWlrbWzl EMqKa (73)
EMqKa zDjrpiNQ (10416)
zDjrpiNQ dxTM (7091)
dxTM HsmEOttb (5136)
HsmEOttb QBws (10346)
QBws Qq (6374)
Qq V (9414)
V LJlIDcl (1734)
LJlIDcl AVYlh (7393)
AVYlh mWLCLXfJj (2808)
mWLCLXfJj WwLcWW (7153)
WwLcWW WBZH (1305)
WBZH Al (2135)
Al LDkF (2280)
LDkF pgAYJ (9117)
pgAYJ Eg (8741)
Eg Ok (3381)
Ok XrmxfvNf (5863)
XrmxfvNf CVp (2748)
CVp zcufRN (11960)
* Query 12
ft HUz (11741)
HUz Al (6097)
Al WBZH (2135)
WBZH WwLcWW (1305)
WwLcWW mWLCLXfJj (7153)
mWLCLXfJj AVYlh (2808)
AVYlh LJlIDcl (7393)
LJlIDcl qgBarkq (1340)
* Query 13
hY SNo (9859)
SNo RmxjsIfJfi (4817)
RmxjsIfJfi dxTM (7395)
dxTM HsmEOttb (5136)
HsmEOttb QBws (10346)
QBws Qq (6374)
Qq V (9414)
V LJlIDcl (1734)
LJlIDcl AVYlh (7393)
AVYlh mWLCLXfJj (2808)
mWLCLXfJj WwLcWW (7153)
WwLcWW WBZH (1305)
WBZH Al (2135)
Al LDkF (2280)
LDkF Aywon (149)
Aywon rkUd (34340)
* Query 14
twejm QBws (7926)
QBws Qq (6374)
Qq V (9414)
V LJlIDcl (1734)
LJlIDcl AVYlh (7393)
AVYlh mWLCLXfJj (2808)
mWLCLXfJj WwLcWW (7153)
WwLcWW WBZH (1305)
WBZH Al (2135)
Al LDkF (2280)
LDkF pgAYJ (9117)
* Query 15
lSlBDK jgu (19052)
jgu MepD (1808)
MepD v (3138)
v AWlrbWzl (7099)
AWlrbWzl EMqKa (73)
EMqKa zDjrpiNQ (10416)
zDjrpiNQ dxTM (7091)
dxTM HsmEOttb (5136)
HsmEOttb QBws (10346)
QBws Qq (6374)
Qq V (9414)
V LJlIDcl (1734)
LJlIDcl AVYlh (7393)
AVYlh mWLCLXfJj (2808)
mWLCLXfJj WwLcWW (7153)
WwLcWW WBZH (1305)
WBZH Al (2135)
Al LrYxdEY (17949)
* Query 16
D exgTtN (3492)
exgTtN v (6280)
v AWlrbWzl (7099)
AWlrbWzl EMqKa (73)
EMqKa zDjrpiNQ (10416)
zDjrpiNQ dxTM (7091)
dxTM HsmEOttb (5136)
HsmEOttb QBws (10346)
QBws Qq (6374)
Qq V (9414)
V LJlIDcl (1734)
LJlIDcl AVYlh (7393)
AVYlh mWLCLXfJj (2808)
mWLCLXfJj WwLcWW (7153)
WwLcWW WBZH (1305)
WBZH Al (2135)
Al LDkF (2280)
LDkF pgAYJ (9117)
pgAYJ Eg (8741)
Eg Egh (134)
Egh pTOHlzt (3591)
pTOHlzt pEwth (7433)
pEwth teNmGY (10876)
* Query 17
HsmEOttb dxTM (5136)
dxTM RmxjsIfJfi (7395)
RmxjsIfJfi SNo (4817)
* Query 18
Ok Eg (3381)
Eg pgAYJ (8741)
pgAYJ LDkF (9117)
LDkF Al (2280)
Al WBZH (2135)
WBZH WwLcWW (1305)
WwLcWW mWLCLXfJj (7153)
mWLCLXfJj AVYlh (2808)
AVYlh LJlIDcl (7393)
LJlIDcl V (1734)
V Qq (9414)
Qq QBws (6374)
QBws HsmEOttb (10346)
HsmEOttb dxTM (5136)
dxTM zDjrpiNQ (7091)
zDjrpiNQ EaAEzWLd (12066)
EaAEzWLd USluZv (7893)
Case 13:
* Query 1
OgA AQEyAbLZYH (11388)
AQEyAbLZYH abeLbLE (21286)
abeLbLE AtkinM (13287)
AtkinM MyxIYoHQD (14431)
MyxIYoHQD MnsVPiA (13873)
MnsVPiA U (9682)
* Query 2
SiBhuhN EkLw (50168)
EkLw U (12849)
* Query 3
RQeRPWayuf AQEyAbLZYH (21797)
AQEyAbLZYH abeLbLE (21286)
abeLbLE AtkinM (13287)
AtkinM DIAiZaw (2718)
DIAiZaw fNd (94)
* Query 4
uKmIDc lifK (30526)
lifK o (20680)
o AQEyAbLZYH (11133)
AQEyAbLZYH YQHLIaWh (13982)
YQHLIaWh T (18022)
T aMPD (8476)
aMPD ZFNLY (10692)
ZFNLY RsdqJ (5693)
RsdqJ lFnwk (15522)
lFnwk KiNumyul (6393)
KiNumyul X (4814)
X TnOpQzEGv (8995)
TnOpQzEGv lpnv (23368)
lpnv cTdOlOCRm (14502)
cTdOlOCRm FpWL (2166)
FpWL ncZ (437)
ncZ lRJvS (10736)
lRJvS NsofuKvhD (10085)
* Query 5
IVhJi oVGc (34148)
oVGc JJZSPgIi (4596)
JJZSPgIi TnOpQzEGv (3203)
TnOpQzEGv X (8995)
X KiNumyul (4814)
KiNumyul lFnwk (6393)
lFnwk RsdqJ (15522)
RsdqJ ZFNLY (5693)
ZFNLY aMPD (10692)
aMPD T (8476)
T YQHLIaWh (18022)
YQHLIaWh AQEyAbLZYH (13982)
AQEyAbLZYH abeLbLE (21286)
abeLbLE AtkinM (13287)
* Query 6
UlCGeILiAL PIsc (28825)
PIsc RQeRPWayuf (1038)
RQeRPWayuf AQEyAbLZYH (21797)
AQEyAbLZYH YQHLIaWh (13982)
YQHLIaWh T (18022)
T aMPD (8476)
aMPD ZFNLY (10692)
ZFNLY RsdqJ (5693)
RsdqJ lFnwk (15522)
lFnwk KiNumyul (6393)
KiNumyul X (4814)
* Query 7
FpWL cTdOlOCRm (2166)
cTdOlOCRm lpnv (14502)
lpnv TnOpQzEGv (23368)
TnOpQzEGv JJZSPgIi (3203)
JJZSPgIi oVGc (4596)
oVGc yBZr (42744)
* Query 8
DIAiZaw AtkinM (2718)
AtkinM abeLbLE (13287)
abeLbLE AQEyAbLZYH (21286)
AQEyAbLZYH YQHLIaWh (13982)
YQHLIaWh T (18022)
T aMPD (8476)
aMPD ZFNLY (10692)
ZFNLY RsdqJ (5693)
RsdqJ lFnwk (15522)
lFnwk KiNumyul (6393)
KiNumyul X (4814)
X TnOpQzEGv (8995)
TnOpQzEGv JJZSPgIi (3203)
JJZSPgIi bfACkUbLwT (32536)
* Query 9
NaPIHFkGTn oVGc (25143)
oVGc JJZSPgIi (4596)
JJZSPgIi TnOpQzEGv (3203)
TnOpQzEGv X (8995)
X KiNumyul (4814)
KiNumyul lFnwk (6393)
lFnwk RsdqJ (15522)
RsdqJ ZFNLY (5693)
ZFNLY aMPD (10692)
aMPD T (8476)
T YQHLIaWh (18022)
YQHLIaWh AQEyAbLZYH (13982)
AQEyAbLZYH abeLbLE (21286)
abeLbLE AtkinM (13287)
AtkinM MyxIYoHQD (14431)
MyxIYoHQD MnsVPiA (13873)
* Query 10
dSoNBGh lRJvS (20720)
lRJvS ncZ (10736)
ncZ FpWL (437)
FpWL cTdOlOCRm (2166)
cTdOlOCRm lpnv (14502)
lpnv TnOpQzEGv (23368)
TnOpQzEGv X (8995)
X KiNumyul (4814)
KiNumyul lFnwk (6393)
lFnwk RsdqJ (15522)
RsdqJ ZFNLY (5693)
ZFNLY aMPD (10692)
aMPD T (8476)
T YQHLIaWh (18022)
YQHLIaWh AQEyAbLZYH (13982)
AQEyAbLZYH abeLbLE (21286)
abeLbLE AtkinM (13287)
* Query 11
T aMPD (8476)
aMPD ZFNLY (10692)
ZFNLY RsdqJ (5693)
RsdqJ lFnwk (15522)
lFnwk KiNumyul (6393)
KiNumyul X (4814)
X TnOpQzEGv (8995)
TnOpQzEGv lpnv (23368)
lpnv cTdOlOCRm (14502)
cTdOlOCRm FpWL (2166)
* Query 12
Btu aMPD (32742)
aMPD T (8476)
T YQHLIaWh (18022)
YQHLIaWh AQEyAbLZYH (13982)
AQEyAbLZYH o (11133)
o mxPZEBUp (278)
* Query 13
sdu KCpCNtqYP (3692)
KCpCNtqYP qxIUEg (357)
qxIUEg abeLbLE (19927)
abeLbLE AQEyAbLZYH (21286)
AQEyAbLZYH YQHLIaWh (13982)
YQHLIaWh T (18022)
T aMPD (8476)
aMPD ZFNLY (10692)
ZFNLY RsdqJ (5693)
RsdqJ lFnwk (15522)
lFnwk KiNumyul (6393)
KiNumyul X (4814)
X TnOpQzEGv (8995)
TnOpQzEGv lpnv (23368)
lpnv cTdOlOCRm (14502)
cTdOlOCRm FpWL (2166)
FpWL yaGiooxae (25315)
* Query 14
aMPD T (8476)
T YQHLIaWh (18022)
YQHLIaWh AQEyAbLZYH (13982)
AQEyAbLZYH o (11133)
o zYEPdGiS (77316)
* Query 15
wVgdKBgc YvSGLpb (12688)
YvSGLpb PIsc (22516)
PIsc RQeRPWayuf (1038)
RQeRPWayuf AQEyAbLZYH (21797)
AQEyAbLZYH YQHLIaWh (13982)
YQHLIaWh T (18022)
T aMPD (8476)
aMPD ZFNLY (10692)
ZFNLY RsdqJ (5693)
RsdqJ lFnwk (15522)
lFnwk KiNumyul (6393)
KiNumyul X (4814)
X TnOpQzEGv (8995)
TnOpQzEGv lpnv (23368)
* Query 16
obM o (19327)
o AQEyAbLZYH (11133)
AQEyAbLZYH YQHLIaWh (13982)
YQHLIaWh T (18022)
T aMPD (8476)
aMPD ZFNLY (10692)
ZFNLY RsdqJ (5693)
RsdqJ lFnwk (15522)
lFnwk KiNumyul (6393)
KiNumyul X (4814)
X TnOpQzEGv (8995)
TnOpQzEGv JJZSPgIi (3203)
JJZSPgIi oVGc (4596)
Case 14:
* Query 1
nvxgN mMDzpkb (1177)
mMDzpkb sYoj (200)
sYoj Fujfw (1358)
Fujfw dWvZGr (1093)
dWvZGr z (645)
* Query 2
sYoj gr (70)
* Query 3
Fujfw sYoj (1358)
sYoj mMDzpkb (200)
mMDzpkb nvxgN (1177)
* Query 4
nvxgN mMDzpkb (1177)
mMDzpkb sYoj (200)
sYoj Fujfw (1358)
Fujfw CbThVyRmzv (2698)
Case 15:
* Query 1
BbEMSD LzAD (639)
LzAD V (533)
V iek (3221)
iek XRo (2767)
XRo SVOaejEzSx (324)
SVOaejEzSx ECDXvwFePL (1336)
ECDXvwFePL Zi (1608)
Zi qjzgYnX (1930)
qjzgYnX yE (1962)
yE TmpncsTpO (1726)
TmpncsTpO AcoIlQsjsh (2062)
* Query 2
W ITIf (1043)
ITIf qjzgYnX (1510)
qjzgYnX Zi (1930)
Zi ECDXvwFePL (1608)
ECDXvwFePL SVOaejEzSx (1336)
* Query 3
yE qjzgYnX (1962)
qjzgYnX Zi (1930)
Zi ECDXvwFePL (1608)
ECDXvwFePL SVOaejEzSx (1336)
* Query 4
V iek (3221)
iek XRo (2767)
XRo SVOaejEzSx (324)
SVOaejEzSx JpdTZ (2551)
* Query 5
zXogXYdKgj SVOaejEzSx (217)
SVOaejEzSx XRo (324)
XRo iek (2767)
iek V (3221)
V LpbA (2783)
* Query 6
eCPQFYHg TmpncsTpO (3550)
TmpncsTpO yE (1726)
yE qjzgYnX (1962)
qjzgYnX Zi (1930)
Zi ECDXvwFePL (1608)
ECDXvwFePL SVOaejEzSx (1336)
SVOaejEzSx JpdTZ (2551)
* Query 7
SVOaejEzSx zXogXYdKgj (217)
zXogXYdKgj RzyydioCE (1151)
* Query 8
z yjniYtCRim (5173)
yjniYtCRim KmQPgpUkG (8095)
KmQPgpUkG iek (2018)
* Query 9
ilHPev ITIf (1220)
ITIf qjzgYnX (1510)
qjzgYnX yE (1962)
yE TmpncsTpO (1726)
TmpncsTpO eCPQFYHg (3550)
Case 16:
* Query 1
PVCmGvmBX BtktwARe (56466)
BtktwARe AIkntCYJ (9289)
AIkntCYJ XVYnjnr (31072)
XVYnjnr yJlpBmV (78161)
* Query 2
ObiHFBAPEI pnParuzYDm (16476)
pnParuzYDm NJZdlUBn (19255)
NJZdlUBn htdikVgEo (8956)
htdikVgEo amyxNqP (16242)
amyxNqP uFb (50333)
uFb VWGiPw (4604)
VWGiPw zOXNfLbXft (85753)
zOXNfLbXft hpO (41441)
hpO ZXjD (30728)
* Query 3
lU xfltTIO (12344)
xfltTIO TGdaRO (15135)
TGdaRO XVYnjnr (11514)
XVYnjnr AIkntCYJ (31072)
AIkntCYJ BtktwARe (9289)
BtktwARe KZzHcvA (14259)
KZzHcvA ag (67056)
ag jkjBWhh (14500)
* Query 4
zFrxFW qxc (37273)
qxc JPUwWoDSSL (96095)
JPUwWoDSSL DL (88002)
DL PWhqcjjE (63425)
PWhqcjjE KZzHcvA (44789)
KZzHcvA BtktwARe (14259)
BtktwARe AIkntCYJ (9289)
AIkntCYJ XVYnjnr (31072)
XVYnjnr zOXNfLbXft (46544)
zOXNfLbXft VWGiPw (85753)
VWGiPw uFb (4604)
uFb amyxNqP (50333)
amyxNqP htdikVgEo (16242)
htdikVgEo NJZdlUBn (8956)
NJZdlUBn pnParuzYDm (19255)
pnParuzYDm ObiHFBAPEI (16476)
ObiHFBAPEI brPEB (67545)
brPEB HPUa (51390)
HPUa aPdtAnqe (57896)
* Query 5
az LfxUzQJ (52381)
LfxUzQJ nnTsp (20977)
nnTsp XfYYck (18977)
XfYYck AIkntCYJ (6820)
AIkntCYJ XVYnjnr (31072)
XVYnjnr zOXNfLbXft (46544)
zOXNfLbXft VWGiPw (85753)
VWGiPw uFb (4604)
* Query 6
AewzH VXDn (74360)
VXDn XfYYck (54540)
XfYYck AIkntCYJ (6820)
AIkntCYJ XVYnjnr (31072)
XVYnjnr fAXD (82029)
fAXD fNTdoDIYiM (2552)
* Query 7
HPUa brPEB (51390)
brPEB ObiHFBAPEI (67545)
ObiHFBAPEI pnParuzYDm (16476)
pnParuzYDm NJZdlUBn (19255)
NJZdlUBn htdikVgEo (8956)
htdikVgEo amyxNqP (16242)
amyxNqP uFb (50333)
uFb VWGiPw (4604)
VWGiPw zOXNfLbXft (85753)
zOXNfLbXft XVYnjnr (46544)
XVYnjnr Sf (50737)
Sf JTARFx (52528)
* Query 8
t nnTsp (94009)
nnTsp XfYYck (18977)
XfYYck AIkntCYJ (6820)
AIkntCYJ XVYnjnr (31072)
XVYnjnr hSJk (98819)
* Query 9
YtfwL uFb (6878)
uFb VWGiPw (4604)
VWGiPw zOXNfLbXft (85753)
zOXNfLbXft hpO (41441)
hpO k (12585)
* Query 10
VWGiPw uFb (4604)
uFb amyxNqP (50333)
amyxNqP htdikVgEo (16242)
htdikVgEo nmr (84659)
nmr YJiurlgg (24451)
YJiurlgg zGzOcCNn (59629)
* Query 11
sifdr TGdaRO (91265)
TGdaRO XVYnjnr (11514)
XVYnjnr AIkntCYJ (31072)
AIkntCYJ XfYYck (6820)
XfYYck VXDn (54540)
VXDn AewzH (74360)
AewzH XvHeJOn (9502)
XvHeJOn W (84860)
* Query 12
jkjBWhh ag (14500)
ag KZzHcvA (67056)
KZzHcvA BtktwARe (14259)
BtktwARe AIkntCYJ (9289)
AIkntCYJ XVYnjnr (31072)
XVYnjnr Rrs (43824)
* Query 13
IUz ZXjD (6513)
ZXjD hpO (30728)
hpO zOXNfLbXft (41441)
zOXNfLbXft XVYnjnr (46544)
XVYnjnr fAXD (82029)
fAXD fNTdoDIYiM (2552)
* Query 14
x PVCmGvmBX (16621)
PVCmGvmBX BtktwARe (56466)
BtktwARe KZzHcvA (14259)
* Query 15
Cf bLuUUi (70593)
bLuUUi DL (40242)
DL PWhqcjjE (63425)
PWhqcjjE KZzHcvA (44789)
KZzHcvA BtktwARe (14259)
BtktwARe AIkntCYJ (9289)
AIkntCYJ XVYnjnr (31072)
XVYnjnr fAXD (82029)
fAXD VVb (85367)
* Query 16
hpaJYMBDpk W (79828)
W XvHeJOn (84860)
XvHeJOn AewzH (9502)
AewzH VXDn (74360)
VXDn XfYYck (54540)
XfYYck AIkntCYJ (6820)
AIkntCYJ BtktwARe (9289)
BtktwARe KZzHcvA (14259)
KZzHcvA PWhqcjjE (44789)
PWhqcjjE DL (63425)
DL bLuUUi (40242)
* Query 17
iI BtktwARe (29071)
BtktwARe KZzHcvA (14259)
KZzHcvA ag (67056)
* Query 18
KZzHcvA BtktwARe (14259)
BtktwARe AIkntCYJ (9289)
AIkntCYJ XVYnjnr (31072)
XVYnjnr zOXNfLbXft (46544)
zOXNfLbXft VWGiPw (85753)
VWGiPw uFb (4604)
uFb amyxNqP (50333)
amyxNqP htdikVgEo (16242)
htdikVgEo NJZdlUBn (8956)
NJZdlUBn pnParuzYDm (19255)
pnParuzYDm ObiHFBAPEI (16476)
ObiHFBAPEI LQz (96231)
Case 17:
* Query 1
SI eBALIdMT (429)
eBALIdMT QHOHSMAfv (1989)
QHOHSMAfv PCZVdPs (2224)
PCZVdPs vagXCpA (527)
vagXCpA X (1978)
X uciEAG (2471)
uciEAG bkSxhrDogn (877)
* Query 2
SI eBALIdMT (429)
eBALIdMT QHOHSMAfv (1989)
QHOHSMAfv PCZVdPs (2224)
PCZVdPs vagXCpA (527)
vagXCpA X (1978)
X oakVF (2371)
* Query 3
tTduVkJZt rk (483)
rk X (2446)
X uciEAG (2471)
uciEAG bkSxhrDogn (877)
bkSxhrDogn ViEzBYUtSy (6198)
* Query 4
U dY (5265)
dY eBALIdMT (4256)
eBALIdMT QHOHSMAfv (1989)
QHOHSMAfv PCZVdPs (2224)
PCZVdPs vagXCpA (527)
vagXCpA X (1978)
X rk (2446)
* Query 5
uciEAG X (2471)
X vagXCpA (1978)
vagXCpA PCZVdPs (527)
PCZVdPs QHOHSMAfv (2224)
QHOHSMAfv eBALIdMT (1989)
eBALIdMT dY (4256)
Case 18:
* Query 1
sxgLrA wQB (14906)
wQB MyZ (131)
MyZ GWFSkWJ (8684)
GWFSkWJ CJqK (11091)
CJqK bmmdYet (13127)
* Query 2
AgAMGIeav eoKxnpkOct (16316)
eoKxnpkOct nGs (2613)
nGs jYSW (3232)
jYSW QqOQ (3978)
QqOQ wQB (8234)
wQB MyZ (131)
MyZ GWFSkWJ (8684)
GWFSkWJ tqskDEoCBf (14388)
tqskDEoCBf v (17148)
v x (952)
* Query 3
smTmNYndQ QqOQ (12927)
QqOQ jYSW (3978)
jYSW nGs (3232)
nGs eoKxnpkOct (2613)
* Query 4
sxgLrA wQB (14906)
wQB MyZ (131)
MyZ GWFSkWJ (8684)
GWFSkWJ CJqK (11091)
CJqK bmmdYet (13127)
* Query 5
nU eoKxnpkOct (5440)
eoKxnpkOct nGs (2613)
nGs jYSW (3232)
jYSW QqOQ (3978)
QqOQ wQB (8234)
wQB MyZ (131)
MyZ GWFSkWJ (8684)
GWFSkWJ tqskDEoCBf (14388)
tqskDEoCBf v (17148)
v EeuVCQP (17127)
* Query 6
EeuVCQP v (17127)
v tqskDEoCBf (17148)
tqskDEoCBf GWFSkWJ (14388)
GWFSkWJ MyZ (8684)
MyZ wQB (131)
wQB QqOQ (8234)
QqOQ jYSW (3978)
jYSW nGs (3232)
nGs eoKxnpkOct (2613)
eoKxnpkOct nU (5440)
* Query 7
QqOQ NSwhBPIW (16403)
NSwhBPIW R (11627)
R xe (443)
* Query 8
nU eoKxnpkOct (5440)
eoKxnpkOct nGs (2613)
nGs jYSW (3232)
jYSW QqOQ (3978)
QqOQ wQB (8234)
wQB MyZ (131)
MyZ GWFSkWJ (8684)
GWFSkWJ CJqK (11091)
CJqK cLVkei (10173)
* Query 9
smTmNYndQ QqOQ (12927)
QqOQ jYSW (3978)
jYSW nGs (3232)
nGs eoKxnpkOct (2613)
eoKxnpkOct nU (5440)
nU GI (565)
Case 19:
* Query 1
eJyf HUAmUCnSGm (234)
* Query 2
eJyf DLJAyj (1452)
* Query 3
DLJAyj eJyf (1452)
eJyf REsV (39)
REsV GkpcAfiM (789)
GkpcAfiM jKQrnj (2335)
jKQrnj h (4828)
* Query 4
uRiw kdvWsIcVIP (233)
kdvWsIcVIP HUAmUCnSGm (566)
HUAmUCnSGm eJyf (234)
eJyf DLJAyj (1452)
* Query 5
kdvWsIcVIP HUAmUCnSGm (566)
HUAmUCnSGm eJyf (234)
* Query 6
GVuPG eJyf (1332)
Case 20:
* Query 1
iGQw ZGDe (9262)
ZGDe D (3395)
* Query 2
SVEvJ xLr (1358)
xLr D (4114)
D ZGDe (3395)
ZGDe iGQw (9262)
* Query 3
AiTJCfhq pPyhKpu (843)
pPyhKpu xLr (526)
xLr D (4114)
D ZGDe (3395)
ZGDe iGQw (9262)
* Query 4
ZGDe D (3395)
D xLr (4114)
xLr pPyhKpu (526)
pPyhKpu AiTJCfhq (843)
AiTJCfhq hoteUsTtp (3569)
* Query 5
AiTJCfhq pPyhKpu (843)
pPyhKpu xLr (526)
* Query 6
pPyhKpu xLr (526)
xLr D (4114)
* Query 7
iGQw ZGDe (9262)
ZGDe nEiQ (1830)
* Query 8
AiTJCfhq hoteUsTtp (3569)
* Query 9
D ZGDe (3395)
ZGDe iGQw (9262)
* Query 10
hoteUsTtp AiTJCfhq (3569)
* Query 11
iGQw ZGDe (9262)
ZGDe nEiQ (1830)
* Query 12
hoteUsTtp AiTJCfhq (3569)
AiTJCfhq pPyhKpu (843)
pPyhKpu xLr (526)
xLr D (4114)
* Query 13
hoteUsTtp AiTJCfhq (3569)
AiTJCfhq pPyhKpu (843)
pPyhKpu xLr (526)
xLr D (4114)
* Query 14
SVEvJ xLr (1358)
xLr D (4114)
D ZGDe (3395)
ZGDe iGQw (9262)
* Query 15
nEiQ ZGDe (1830)
ZGDe D (3395)
* Query 16
nEiQ ZGDe (1830)
ZGDe D (3395)
D xLr (4114)
xLr SVEvJ (1358)
Case 21:
* Query 1
TvBlA pyr (2185)
pyr dqv (4892)
dqv yAuFMQCh (6072)
yAuFMQCh jSDwYkvwI (11296)
* Query 2
yqNUSfmdzK RhGzyypb (17240)
RhGzyypb dqv (2904)
dqv rsaGuKwz (8221)
rsaGuKwz jiUALPpJm (2438)
jiUALPpJm Uhb (6985)
Uhb dbWWlgNS (3324)
* Query 3
mYyjbLnw mufyoU (3664)
mufyoU crC (4720)
crC gyXUhxQQig (2318)
gyXUhxQQig rdQuifqFc (1183)
rdQuifqFc EJOsUP (4731)
EJOsUP JHOlSt (5035)
JHOlSt qUFyOAelV (7417)
qUFyOAelV dqv (9797)
dqv rsaGuKwz (8221)
rsaGuKwz jiUALPpJm (2438)
jiUALPpJm Uhb (6985)
Uhb JViYSFDr (11983)
JViYSFDr rXI (16294)
rXI J (16269)
* Query 4
yAuFMQCh dqv (6072)
dqv qUFyOAelV (9797)
qUFyOAelV JHOlSt (7417)
JHOlSt EJOsUP (5035)
EJOsUP rdQuifqFc (4731)
rdQuifqFc gyXUhxQQig (1183)
* Query 5
mYyjbLnw mufyoU (3664)
mufyoU crC (4720)
crC gyXUhxQQig (2318)
gyXUhxQQig rdQuifqFc (1183)
rdQuifqFc EJOsUP (4731)
* Query 6
gyXUhxQQig rdQuifqFc (1183)
* Query 7
Wr rdQuifqFc (7634)
rdQuifqFc gyXUhxQQig (1183)
gyXUhxQQig crC (2318)
crC UFWJavzMTg (3121)
UFWJavzMTg wDPDTd (18929)
* Query 8
yypQR oGTbGEDPx (2714)
oGTbGEDPx JHOlSt (13403)
JHOlSt qUFyOAelV (7417)
qUFyOAelV dqv (9797)
dqv pyr (4892)
pyr TvBlA (2185)
TvBlA sVqzGjX (8236)
sVqzGjX OvPcBbj (14115)
* Query 9
mLDgzozOJ rdQuifqFc (4837)
rdQuifqFc EJOsUP (4731)
EJOsUP JHOlSt (5035)
JHOlSt qUFyOAelV (7417)
qUFyOAelV dqv (9797)
dqv RhGzyypb (2904)
* Query 10
gyXUhxQQig rdQuifqFc (1183)
rdQuifqFc EJOsUP (4731)
EJOsUP JHOlSt (5035)
JHOlSt qUFyOAelV (7417)
* Query 11
JViYSFDr Uhb (11983)
Uhb jiUALPpJm (6985)
jiUALPpJm rsaGuKwz (2438)
rsaGuKwz dqv (8221)
dqv qUFyOAelV (9797)
qUFyOAelV JHOlSt (7417)
JHOlSt EJOsUP (5035)
EJOsUP rdQuifqFc (4731)
rdQuifqFc Wr (7634)
Case 22:
* Query 1
WszM yLrC (11339)
yLrC Ds (14592)
Ds tlqaRGWeW (2856)
tlqaRGWeW JMeSsctenV (22117)
JMeSsctenV taSJh (7322)
taSJh TfdgHpTPW (7318)
TfdgHpTPW ZjglHviJVa (347)
ZjglHviJVa R (11578)
R ZI (1069)
* Query 2
Q dg (14128)
dg NZFQz (12406)
NZFQz JoRpOgt (6699)
JoRpOgt NAGpOzE (5753)
NAGpOzE INE (13075)
INE GlLvPFUP (8883)
GlLvPFUP fnJFIBXtIt (4767)
fnJFIBXtIt APad (11824)
APad zOkWxhBlpn (8043)
zOkWxhBlpn eFbR (21891)
* Query 3
mzVR GlLvPFUP (13791)
GlLvPFUP INE (8883)
* Query 4
XsIaGWqutl tlqaRGWeW (22751)
tlqaRGWeW JMeSsctenV (22117)
JMeSsctenV taSJh (7322)
taSJh TfdgHpTPW (7318)
TfdgHpTPW eiLmbnxnj (4016)
* Query 5
ZI R (1069)
R ZjglHviJVa (11578)
ZjglHviJVa TfdgHpTPW (347)
TfdgHpTPW INE (2114)
INE GlLvPFUP (8883)
GlLvPFUP fnJFIBXtIt (4767)
fnJFIBXtIt APad (11824)
APad zOkWxhBlpn (8043)
zOkWxhBlpn eFbR (21891)
eFbR AlC (6164)
AlC fAtylODl (21247)
Case 23:
* Query 1
XTPO QxRYNdGClZ (59)
QxRYNdGClZ qd (5832)
qd zwS (6547)
zwS jnMoGU (4361)
* Query 2
DZAPHAZLsg oyC (6767)
oyC Pwss (6639)
* Query 3
Ywzu WkHSpXMNj (5839)
WkHSpXMNj XMIyj (5400)
XMIyj HZyqQZM (5392)
HZyqQZM HZ (3212)
HZ zwS (6163)
* Query 4
DZAPHAZLsg oyC (6767)
oyC Pwss (6639)
Pwss Mku (2529)
Mku y (1845)
y VqgdJnJoyj (7102)
VqgdJnJoyj s (7022)
s UmUvZzgcI (3187)
UmUvZzgcI zwS (609)
zwS jnMoGU (4361)
jnMoGU XmiiiNEyg (7057)
XmiiiNEyg WZSB (1849)
* Query 5
oyC Pwss (6639)
Pwss Mku (2529)
Mku y (1845)
y ws (800)
ws ugdPBg (4235)
* Query 6
XMIyj HZyqQZM (5392)
HZyqQZM HZ (3212)
HZ zwS (6163)
zwS UmUvZzgcI (609)
UmUvZzgcI s (3187)
s VqgdJnJoyj (7022)
VqgdJnJoyj y (7102)
y Mku (1845)
Mku Pwss (2529)
Pwss oyC (6639)
* Query 7
Ywzu WkHSpXMNj (5839)
WkHSpXMNj XMIyj (5400)
XMIyj HZyqQZM (5392)
HZyqQZM spyCp (6488)
* Query 8
Mku y (1845)
y VqgdJnJoyj (7102)
VqgdJnJoyj s (7022)
s UmUvZzgcI (3187)
UmUvZzgcI zwS (609)
zwS HZ (6163)
HZ HZyqQZM (3212)
HZyqQZM spyCp (6488)
* Query 9
XMIyj HZyqQZM (5392)
HZyqQZM HZ (3212)
HZ zwS (6163)
zwS UmUvZzgcI (609)
UmUvZzgcI s (3187)
s VqgdJnJoyj (7022)
VqgdJnJoyj y (7102)
y ws (800)
* Query 10
Cx WkHSpXMNj (511)
WkHSpXMNj XMIyj (5400)
XMIyj HZyqQZM (5392)
HZyqQZM HZ (3212)
HZ zwS (6163)
zwS UmUvZzgcI (609)
UmUvZzgcI s (3187)
s VqgdJnJoyj (7022)
VqgdJnJoyj y (7102)
* Query 11
gx Zib (2473)
Zib Mku (6840)
Mku y (1845)
y VqgdJnJoyj (7102)
VqgdJnJoyj s (7022)
s UmUvZzgcI (3187)
UmUvZzgcI zwS (609)
zwS HZ (6163)
* Query 12
zwS jnMoGU (4361)
jnMoGU XmiiiNEyg (7057)
* Query 13
UmUvZzgcI s (3187)
s VqgdJnJoyj (7022)
VqgdJnJoyj y (7102)
y Mku (1845)
Mku Pwss (2529)
Pwss oyC (6639)
* Query 14
gx Zib (2473)
Zib Mku (6840)
Mku y (1845)
y VqgdJnJoyj (7102)
VqgdJnJoyj s (7022)
s UmUvZzgcI (3187)
UmUvZzgcI zwS (609)
zwS jnMoGU (4361)
jnMoGU XmiiiNEyg (7057)
XmiiiNEyg WZSB (1849)
* Query 15
Cx WkHSpXMNj (511)
WkHSpXMNj Ywzu (5839)
* Query 16
Ywzu WkHSpXMNj (5839)
WkHSpXMNj dQNBT (1973)
* Query 17
spyCp HZyqQZM (6488)
HZyqQZM HZ (3212)
HZ zwS (6163)
zwS UmUvZzgcI (609)
UmUvZzgcI s (3187)
s VqgdJnJoyj (7022)
* Query 18
Mku y (1845)
y VqgdJnJoyj (7102)
VqgdJnJoyj JU (4851)
Case 24:
* Query 1
wSCyvPi DYmSXXud (423)
DYmSXXud DFWg (1062)
DFWg P (1776)
* Query 2
FGVj sPT (4632)
sPT SbM (808)
* Query 3
M pCKx (2795)
pCKx Mph (651)
Mph Iw (797)
Iw DYmSXXud (1981)
DYmSXXud wSCyvPi (423)
* Query 4
DYmSXXud DFWg (1062)
DFWg z (2728)
z cut (2352)
Case 25:
* Query 1
rgRXORgkc ppbAFEWv (3459)
ppbAFEWv Xvp (9573)
Xvp oFasrj (8352)
oFasrj M (10789)
M PgR (10425)
PgR GTeWsKGx (19073)
* Query 2
MbReZAA g (177)
g wCRNwGTQ (475)
wCRNwGTQ QoQTSM (15528)
QoQTSM cQPJZu (1924)
cQPJZu wx (16501)
wx oFasrj (4045)
oFasrj Xvp (8352)
Xvp ppbAFEWv (9573)
ppbAFEWv rgRXORgkc (3459)
rgRXORgkc fJLe (12015)
* Query 3
Zp QoQTSM (20684)
QoQTSM cQPJZu (1924)
* Query 4
yWloA zgKRfSd (19728)
zgKRfSd xHTgjjct (12304)
xHTgjjct aqAHywM (12260)
aqAHywM fNvHl (14428)
fNvHl cQPJZu (14854)
cQPJZu QoQTSM (1924)
QoQTSM kUcHyNmy (8228)
kUcHyNmy uHcGZaEJ (5619)
* Query 5
rgRXORgkc ppbAFEWv (3459)
ppbAFEWv Xvp (9573)
Xvp oFasrj (8352)
oFasrj wx (4045)
wx cQPJZu (16501)
cQPJZu QoQTSM (1924)
QoQTSM kUcHyNmy (8228)
kUcHyNmy uHcGZaEJ (5619)
uHcGZaEJ xRODqxz (2134)
xRODqxz EsHyHi (12334)
EsHyHi xhbfDTeOUT (2962)
xhbfDTeOUT ZG (12299)
ZG QNHVVL (1034)
QNHVVL f (15425)
f mpqpD (8207)
mpqpD OqsKrviw (16521)
* Query 6
PNL uqnSEiP (15570)
uqnSEiP p (15130)
p jYKsObim (8985)
jYKsObim JVwUBFkTM (8032)
JVwUBFkTM mhkWinoJ (1861)
mhkWinoJ QNHVVL (6980)
QNHVVL ZG (1034)
ZG xhbfDTeOUT (12299)
xhbfDTeOUT EsHyHi (2962)
EsHyHi xRODqxz (12334)
xRODqxz uHcGZaEJ (2134)
uHcGZaEJ kUcHyNmy (5619)
kUcHyNmy QoQTSM (8228)
QoQTSM cQPJZu (1924)
cQPJZu wx (16501)
wx oFasrj (4045)
oFasrj M (10789)
* Query 7
jZ hpvRyqJe (10080)
hpvRyqJe xRODqxz (11469)
xRODqxz biHdhwB (15739)
* Query 8
jainWOXr Xvrrb (35066)
Xvrrb P (11023)
P jYKsObim (2510)
jYKsObim p (8985)
p uqnSEiP (15130)
uqnSEiP PNL (15570)
* Query 9
UeI bvuvgYP (1500)
bvuvgYP HKhF (4009)
HKhF uHcGZaEJ (8201)
uHcGZaEJ xRODqxz (2134)
xRODqxz GUEtATeyS (15240)
* Query 10
MbReZAA g (177)
g wCRNwGTQ (475)
wCRNwGTQ QoQTSM (15528)
QoQTSM cQPJZu (1924)
cQPJZu wx (16501)
wx oFasrj (4045)
oFasrj M (10789)
* Query 11
iB P (8011)
* Query 12
TxvtFs biHdhwB (1094)
biHdhwB xRODqxz (15739)
xRODqxz EsHyHi (12334)
EsHyHi xhbfDTeOUT (2962)
xhbfDTeOUT ZG (12299)
ZG QNHVVL (1034)
QNHVVL mhkWinoJ (6980)
mhkWinoJ BQgsSUi (23443)
* Query 13
jYKsObim JVwUBFkTM (8032)
JVwUBFkTM mhkWinoJ (1861)
mhkWinoJ BQgsSUi (23443)
