Case 1:
0 0 0 0 0 0
0 0 0 0 0 0
0 0 0 0 0 0
Case 2:
50 50 50 50 50 50
50 50 50 50 50 50
50 50 50 50 50 50
Case 3:
50 50 50 50 50 50
10 10 10 10 10 10
1 1 1 1 1 1
Case 4:
0 1 2 25 25 50
1 2 3 5 20 25
3 3 10 20 20 50
Case 5:
0 0 1 2 3 20
3 5 5 10 20 25
3 3 5 5 10 20
Case 6:
0 0 1 5 25 50
1 1 3 5 25 50
1 3 10 20 50 50
Case 7:
0 0 0 0 1 20
0 3 3 5 10 20
10 10 25 25 25 25
Case 8:
0 1 5 25 50 50
1 2 3 3 25 50
3 3 3 10 20 25
Case 9:
0 0 1 3 20 50
0 2 10 10 25 25
1 10 25 25 50 50
Case 10:
0 1 2 10 20 50
1 2 5 10 10 50
3 10 10 20 25 50
Case 11:
1 1 5 20 50 50
3 3 10 20 50 50
2 2 5 10 20 50
Case 12:
1 1 3 3 25 25
3 3 5 5 20 20
2 2 5 10 20 25
Case 13:
0 0 1 2 10 50
1 1 3 3 5 20
1 2 2 10 20 50
Case 14:
0 0 3 3 10 25
1 2 3 20 20 50
1 20 20 25 25 25
Case 15:
0 0 1 2 5 50
1 1 20 20 25 25
1 3 3 20 25 25
Case 16:
0 0 3 20 25 50
1 1 2 3 3 5
2 2 10 20 20 50
Case 17:
0 1 5 25 50 50
0 1 3 3 10 25
2 2 5 10 10 25
Case 18:
0 0 1 20 25 50
1 1 2 3 10 25
2 2 5 5 10 10
Case 19:
0 0 2 5 5 50
1 1 3 3 20 25
2 2 20 20 25 50
Case 20:
0 0 5 5 50 50
10 10 10 20 25 50
1 1 3 25 25 25
Case 21:
1 2 5 10 50 50
2 20 20 25 25 50
0 10 20 20 20 25
Case 22:
0 0 1 1 5 20
2 3 5 10 10 20
0 0 0 1 1 3
Case 23:
0 1 3 5 25 50
0 1 2 3 20 50
0 2 2 10 10 20
Case 24:
0 0 0 1 50 50
0 5 20 25 50 50
1 5 20 20 20 25
Case 25:
0 2 20 25 25 50
1 3 5 20 25 25
0 2 3 10 10 20
Case 26:
0 0 0 1 5 50
2 3 25 25 50 50
1 3 3 5 20 50
Case 27:
0 0 3 5 20 50
1 5 10 20 25 50
25 25 25 25 25 25
Case 28:
1 3 5 10 25 50
0 1 2 3 5 10
2 3 10 25 25 50
Case 29:
0 0 1 2 50 50
3 5 20 25 25 50
1 2 3 5 5 20
Case 30:
1 1 2 3 10 25
1 2 2 3 3 20
5 10 10 25 25 25
Case 31:
0 1 3 5 25 50
0 0 2 5 10 50
3 10 20 20 25 50
Case 32:
1 1 1 10 20 50
1 10 20 20 25 50
2 2 3 3 10 25
Case 33:
0 2 5 10 25 50
2 3 5 5 25 50
5 5 10 20 25 25
Case 34:
0 0 0 10 20 50
1 1 1 3 20 50
1 1 2 3 10 25
Case 35:
0 1 2 5 50 50
3 3 25 25 25 50
1 3 10 25 25 50
Case 36:
0 1 2 10 25 50
0 2 10 20 20 25
2 3 10 20 25 25
Case 37:
0 0 1 2 2 25
5 5 5 5 5 25
1 2 10 10 10 25
Case 38:
1 2 5 5 25 50
3 3 3 5 20 50
2 2 10 10 20 50
Case 39:
0 1 1 5 5 10
2 5 10 20 20 20
1 1 2 2 3 5
Case 40:
0 1 3 25 50 50
2 3 5 10 25 25
1 1 1 2 2 10
Case 41:
1 1 5 5 10 25
5 20 20 25 50 50
3 3 3 5 5 20
Case 42:
0 0 0 0 20 50
2 5 5 10 20 25
10 10 10 10 20 50
Case 43:
0 2 2 5 10 50
0 5 10 20 25 50
1 1 1 5 10 50
Case 44:
1 5 25 50 50 50
0 0 1 10 20 25
1 3 3 3 20 20
Case 45:
0 0 0 3 5 50
1 1 1 3 20 20
1 2 3 10 10 50
Case 46:
0 0 3 5 50 50
0 1 1 2 10 20
1 2 3 25 25 25
Case 47:
0 1 3 5 5 10
0 2 2 25 50 50
1 2 5 20 25 50
Case 48:
0 0 2 20 20 20
1 1 2 2 5 10
1 1 1 2 5 10
Case 49:
1 3 20 50 50 50
0 0 10 20 20 50
1 2 2 2 2 25
Case 50:
2 2 5 5 25 50
3 10 10 25 25 25
5 10 20 25 25 25
Case 51:
0 1 3 5 5 20
3 5 10 10 10 50
1 1 1 2 50 50
Case 52:
0 0 3 10 25 50
0 5 5 20 20 50
2 2 10 10 50 50
Case 53:
0 0 1 3 5 20
1 2 3 10 10 10
3 10 10 25 50 50
Case 54:
0 0 0 2 3 50
1 2 3 5 20 50
5 20 25 25 25 50
Case 55:
0 0 0 5 20 25
0 2 3 20 20 50
2 10 20 20 20 50
Case 56:
0 2 10 20 50 50
0 2 3 3 3 20
2 3 10 10 25 25
Case 57:
0 0 0 5 10 50
1 5 10 25 50 50
2 2 3 3 3 3
Case 58:
0 3 5 20 25 25
2 3 5 5 20 20
1 3 5 5 5 5
Case 59:
0 0 1 3 5 25
0 2 3 10 25 50
0 2 2 3 3 50
Case 60:
0 0 3 5 25 50
0 2 3 20 25 50
1 1 2 20 25 25
Case 61:
0 0 0 2 10 25
2 5 5 5 20 20
1 1 2 3 5 5
Case 62:
0 0 0 1 25 50
0 5 25 50 50 50
2 3 3 5 20 20
Case 63:
0 3 20 20 50 50
1 2 3 50 50 50
2 5 5 20 20 25
Case 64:
0 1 3 3 5 5
0 1 2 2 2 20
2 2 2 2 50 50
Case 65:
0 0 1 3 5 50
0 0 2 5 25 50
1 1 3 20 20 20
Case 66:
0 1 2 3 5 20
1 3 3 5 5 10
3 5 10 10 20 20
Case 67:
0 1 2 3 10 50
0 10 10 20 25 25
0 10 10 25 25 25
Case 68:
0 0 0 0 25 25
0 1 2 5 10 20
2 2 3 3 10 20
Case 69:
0 2 5 5 25 50
1 5 5 25 25 50
0 0 1 1 2 25
Case 70:
0 0 2 2 20 20
0 1 1 5 10 20
1 2 10 10 20 50
Case 71:
0 2 5 10 50 50
1 1 20 20 20 25
0 1 3 25 25 50
Case 72:
0 5 20 20 50 50
1 1 2 5 5 10
2 2 3 3 20 25
Case 73:
0 2 3 5 10 50
1 5 20 25 25 50
2 2 25 25 25 50
Case 74:
0 0 1 3 10 50
2 3 5 25 25 50
1 1 2 5 5 25
Case 75:
0 0 1 3 5 5
0 1 3 5 5 20
1 1 2 2 5 50
Case 76:
0 0 0 1 3 5
0 3 20 25 25 50
1 2 2 2 3 25
Case 77:
0 2 3 5 10 50
1 1 1 2 20 25
1 2 2 3 20 20
Case 78:
3 20 25 25 25 50
2 20 20 50 50 50
0 0 1 2 2 3
Case 79:
0 1 1 1 10 50
1 2 3 3 10 20
3 3 5 10 20 50
Case 80:
0 0 1 5 5 25
0 1 2 3 3 20
1 2 2 3 20 50
Case 81:
0 3 3 5 10 50
5 5 5 25 50 50
0 2 5 5 25 25
Case 82:
3 5 10 10 10 50
0 1 5 5 10 10
1 3 3 5 10 50
Case 83:
1 10 20 20 50 50
0 1 10 10 25 50
3 3 10 10 50 50
Case 84:
0 0 0 10 20 25
1 3 5 10 10 20
1 2 5 5 5 10
Case 85:
0 0 5 5 10 50
1 2 3 3 50 50
3 10 10 20 25 25
Case 86:
0 1 2 3 25 25
1 5 5 5 5 20
1 3 5 5 25 25
Case 87:
1 1 1 2 25 50
5 5 5 20 20 20
3 3 3 5 10 50
Case 88:
0 1 5 25 50 50
0 1 3 3 5 10
2 10 20 20 25 50
Case 89:
0 2 5 10 10 25
1 20 20 50 50 50
1 1 3 10 25 50
Case 90:
1 2 3 25 50 50
2 3 5 25 25 50
1 3 10 25 50 50
Case 91:
0 0 1 3 10 25
1 2 3 3 5 50
1 2 20 25 25 25
Case 92:
0 2 5 5 10 50
1 20 25 25 25 50
0 1 2 5 25 25
Case 93:
0 1 5 20 25 50
1 2 3 10 50 50
1 1 3 5 20 20
Case 94:
0 1 5 25 50 50
1 3 10 20 20 50
2 2 5 20 20 50
Case 95:
0 3 3 20 20 50
2 2 2 3 10 20
0 0 10 20 20 50
Case 96:
0 1 5 5 50 50
0 1 5 20 25 25
2 2 3 3 20 20
Case 97:
0 0 2 25 50 50
2 2 3 3 10 25
3 5 5 10 20 25
Case 98:
0 1 2 20 20 25
1 2 3 3 3 20
1 2 2 2 10 50
Case 99:
0 5 20 20 50 50
0 2 3 3 3 20
1 10 20 20 25 25
Case 100:
0 0 1 5 25 50
2 20 20 25 50 50
2 3 3 3 5 20
Case 101:
0 0 3 5 25 50
0 1 2 5 25 25
3 3 10 20 50 50
Case 102:
0 0 0 3 10 50
1 2 3 10 20 25
1 2 10 20 25 50
Case 103:
0 1 2 5 5 50
0 2 5 5 25 25
1 1 1 1 1 20
Case 104:
0 0 1 10 25 50
1 1 3 3 5 5
3 10 20 25 25 25
Case 105:
0 20 25 25 25 50
1 10 20 25 25 50
1 1 3 10 20 50
Case 106:
0 0 0 1 3 10
0 2 2 5 20 25
1 2 2 2 5 50
Case 107:
0 1 1 3 25 50
3 5 20 20 25 50
2 2 2 20 50 50
Case 108:
0 1 5 5 50 50
0 1 2 5 50 50
0 2 2 2 20 50
Case 109:
1 1 1 25 25 25
1 3 5 10 20 20
2 2 3 5 10 20
Case 110:
0 1 1 3 10 50
2 5 20 25 25 25
1 1 1 2 2 10
Case 111:
1 5 5 5 20 50
3 10 10 10 10 50
1 3 20 20 20 25
Case 112:
0 0 0 3 20 25
2 2 3 3 50 50
3 5 5 5 10 50
Case 113:
0 0 0 2 5 25
3 10 10 20 50 50
1 1 1 20 20 50
Case 114:
0 0 1 5 25 25
0 0 2 3 10 10
1 3 10 10 20 50
Case 115:
0 0 0 3 10 25
0 3 5 10 20 50
1 2 5 5 10 10
Case 116:
0 0 2 25 25 50
0 0 2 3 10 10
3 5 5 10 20 25
Case 117:
0 3 3 5 5 20
2 3 10 20 20 50
0 2 2 3 3 50
Case 118:
0 1 2 3 5 50
1 5 10 10 20 20
3 3 20 25 50 50
Case 119:
0 0 2 5 10 50
1 1 2 25 50 50
2 3 10 20 25 25
Case 120:
0 0 1 5 20 50
0 1 2 5 10 50
2 3 3 5 10 10
Case 121:
0 0 3 5 25 50
1 1 1 2 25 50
1 2 2 3 3 10
Case 122:
1 1 1 5 10 25
1 2 2 10 50 50
0 1 5 5 10 25
Case 123:
0 0 1 1 20 20
2 5 5 5 25 25
2 5 10 10 20 25
Case 124:
0 1 3 10 25 50
0 2 3 5 20 25
2 2 2 2 20 25
Case 125:
0 0 0 3 25 50
1 3 10 20 25 25
2 2 5 5 10 20
Case 126:
0 0 5 5 50 50
1 3 3 10 25 25
2 2 5 10 25 50
Case 127:
2 3 20 25 50 50
2 5 5 5 10 25
3 10 10 20 20 25
Case 128:
1 2 2 5 50 50
1 10 10 10 20 25
3 20 25 25 50 50
Case 129:
0 1 5 5 50 50
1 2 5 5 25 50
1 2 20 20 50 50
Case 130:
0 0 1 5 25 25
3 5 10 20 25 25
0 0 1 2 10 20
Case 131:
0 0 0 10 10 20
1 2 3 10 50 50
1 2 3 5 5 20
Case 132:
0 0 1 3 5 50
3 3 20 25 25 50
2 3 10 20 20 50
Case 133:
0 3 5 25 25 50
0 1 5 20 20 20
1 2 3 10 10 10
Case 134:
0 0 1 2 5 50
1 2 5 10 20 20
3 20 20 25 25 50
Case 135:
0 0 1 10 25 50
0 3 5 5 20 25
3 3 5 5 20 20
Case 136:
0 2 2 3 5 10
0 1 1 2 25 50
2 2 3 5 25 50
Case 137:
0 5 5 10 50 50
2 10 20 20 50 50
1 1 2 3 5 10
Case 138:
0 1 1 1 20 20
2 2 2 3 10 10
3 3 5 5 10 25
Case 139:
0 0 5 10 10 25
1 10 10 10 10 50
1 2 2 10 25 50
Case 140:
0 0 0 3 20 20
0 2 3 20 20 20
1 2 3 20 20 20
Case 141:
0 0 3 10 20 50
0 0 0 3 20 50
1 2 3 20 50 50
Case 142:
0 1 3 10 50 50
0 5 10 25 25 25
1 1 3 3 5 5
Case 143:
0 0 1 3 10 50
1 5 10 25 25 50
1 1 1 1 20 50
Case 144:
0 0 1 2 2 5
0 5 5 10 25 50
1 2 10 10 20 25
Case 145:
0 2 5 5 10 25
2 5 5 20 50 50
1 2 2 2 2 3
Case 146:
1 1 1 3 10 10
1 1 5 5 5 50
1 2 2 2 10 10
Case 147:
0 1 3 20 25 50
0 1 3 10 10 20
2 3 20 20 25 50
Case 148:
0 1 3 20 50 50
0 1 2 20 20 25
0 1 2 2 5 20
Case 149:
3 5 10 25 50 50
0 0 20 25 25 50
1 2 3 10 10 10
Case 150:
0 0 1 5 5 25
1 1 2 2 25 50
3 3 3 10 25 50
Case 151:
0 1 3 5 25 50
0 3 10 20 50 50
0 10 20 25 25 50
Case 152:
0 1 5 10 10 25
1 1 2 2 10 25
1 2 10 20 50 50
Case 153:
1 3 5 10 50 50
0 0 5 10 20 20
1 1 2 3 3 25
Case 154:
0 0 0 2 3 20
2 3 3 5 5 50
1 3 10 10 10 10
Case 155:
0 1 2 5 20 50
1 2 3 5 10 25
3 3 5 5 20 50
Case 156:
0 0 1 1 20 50
1 3 5 10 25 50
2 3 5 10 10 50
Case 157:
0 0 0 5 10 50
2 2 5 10 20 20
0 1 1 1 2 5
Case 158:
1 1 10 25 50 50
2 3 5 25 25 50
1 2 2 10 20 25
Case 159:
0 1 2 3 20 20
2 2 3 10 25 25
1 5 5 20 20 20
Case 160:
0 0 3 20 20 50
1 2 2 10 25 25
2 3 3 3 10 25
Case 161:
0 0 1 10 20 50
10 10 10 10 25 50
2 2 25 25 50 50
Case 162:
0 1 20 20 20 25
0 1 1 3 10 20
1 10 10 10 10 10
Case 163:
0 0 0 1 20 50
1 1 2 3 20 25
3 3 5 5 10 25
Case 164:
0 0 2 2 5 50
1 5 10 50 50 50
2 5 20 20 25 50
Case 165:
1 2 3 3 5 50
0 1 1 25 25 50
1 20 20 25 50 50
Case 166:
0 0 0 1 25 50
10 10 10 10 20 20
1 3 3 20 25 25
Case 167:
0 0 0 1 2 20
2 3 3 20 20 50
2 3 5 5 10 10
Case 168:
0 0 2 3 5 50
1 2 2 2 5 20
3 3 5 5 25 25
Case 169:
0 0 2 5 50 50
0 2 3 5 5 50
10 10 10 20 25 25
Case 170:
0 1 5 5 25 25
3 5 25 50 50 50
1 2 3 10 10 20
Case 171:
0 0 3 20 50 50
1 2 2 10 25 50
3 3 5 20 25 50
Case 172:
0 3 5 25 50 50
0 2 2 3 5 20
0 1 1 1 2 2
Case 173:
1 1 1 5 25 50
1 1 5 25 25 25
1 2 5 10 25 50
Case 174:
0 0 0 0 1 25
0 1 2 3 20 20
5 10 10 10 20 50
Case 175:
0 0 5 25 50 50
1 1 2 3 10 50
2 3 5 20 25 50
Case 176:
0 0 0 2 25 50
1 2 3 3 10 20
5 10 10 20 20 50
Case 177:
2 2 20 20 25 50
2 2 5 5 25 50
1 1 25 25 50 50
Case 178:
0 0 3 5 25 50
1 2 3 10 20 20
2 3 3 20 25 25
Case 179:
0 0 3 5 25 50
3 5 10 10 20 50
1 1 5 10 20 50
Case 180:
0 0 0 0 3 10
0 1 3 5 5 50
3 5 5 20 25 50
Case 181:
0 0 1 1 2 25
2 5 10 20 20 50
5 10 10 10 50 50
Case 182:
0 0 1 1 1 50
2 5 10 25 50 50
0 5 5 20 25 25
Case 183:
0 0 1 10 25 50
0 0 2 2 5 10
2 3 5 10 20 50
Case 184:
1 1 2 2 25 50
2 2 3 5 5 10
3 3 3 10 10 20
Case 185:
1 3 10 25 50 50
2 3 3 3 10 20
0 0 0 1 2 50
Case 186:
0 1 3 5 50 50
0 1 2 3 10 10
2 2 3 5 25 50
Case 187:
0 0 2 20 20 50
1 5 5 10 20 50
1 2 10 20 20 50
Case 188:
0 1 3 20 20 50
0 0 2 2 3 50
5 25 25 25 25 25
Case 189:
0 1 2 2 2 50
2 5 10 10 20 20
3 3 3 10 25 50
Case 190:
0 1 5 5 25 50
10 20 25 25 25 50
3 3 10 10 20 20
Case 191:
0 0 0 0 20 20
1 2 3 5 25 50
1 10 10 10 10 25
Case 192:
0 0 3 5 50 50
0 0 1 2 25 50
1 1 1 5 20 20
Case 193:
0 2 3 3 5 5
5 10 25 25 50 50
1 1 2 2 20 25
Case 194:
0 1 1 10 25 50
1 2 5 5 50 50
3 3 10 20 25 50
Case 195:
0 3 3 5 20 50
2 2 5 10 10 20
0 0 3 10 10 10
Case 196:
0 0 3 20 25 50
0 2 3 5 50 50
2 3 5 10 10 25
Case 197:
1 3 5 10 25 50
0 1 3 5 50 50
1 2 2 2 10 20
Case 198:
0 0 0 3 20 25
0 0 1 1 2 25
2 2 5 20 20 20
Case 199:
0 1 1 2 20 20
2 2 3 3 5 50
2 5 10 10 10 25
Case 200:
0 1 2 3 5 20
0 1 2 10 50 50
1 1 2 2 10 10
Case 201:
0 1 1 3 10 50
2 2 5 20 25 25
2 2 2 10 10 10
Case 202:
1 1 3 5 5 50
1 5 10 20 25 25
3 3 5 10 20 20
Case 203:
0 2 10 20 25 50
0 0 10 20 20 25
2 3 3 3 10 25
Case 204:
1 5 10 20 25 50
1 1 3 10 20 50
1 5 10 10 20 50
Case 205:
0 0 0 3 3 10
1 2 2 20 50 50
1 2 10 20 20 50
Case 206:
0 0 2 2 50 50
2 3 20 25 50 50
5 10 25 25 25 50
Case 207:
0 0 1 2 25 50
1 2 5 10 10 20
10 10 10 20 20 25
Case 208:
0 0 0 2 10 25
0 0 2 3 20 20
1 1 2 5 10 50
Case 209:
0 0 2 20 25 25
0 2 3 20 20 25
1 1 1 1 20 25
Case 210:
0 2 5 10 50 50
3 10 20 25 25 50
1 2 10 10 10 20
Case 211:
0 0 5 5 10 50
0 2 3 50 50 50
0 2 2 25 25 50
Case 212:
0 2 25 25 25 50
1 2 3 10 20 20
1 3 5 5 10 20
Case 213:
0 2 10 20 50 50
0 1 3 10 20 50
1 2 2 3 3 3
Case 214:
0 2 3 25 50 50
1 1 3 5 25 50
2 2 20 20 25 25
Case 215:
0 2 5 10 50 50
1 2 5 25 50 50
0 1 10 20 20 25
Case 216:
0 2 5 20 25 50
3 3 5 20 25 50
3 10 20 25 25 25
Case 217:
0 1 1 10 25 50
2 5 10 25 25 25
2 10 20 20 20 50
Case 218:
0 2 2 10 25 50
0 3 5 5 5 20
3 20 25 50 50 50
Case 219:
0 0 0 1 3 20
0 1 3 20 25 50
5 10 20 25 25 25
Case 220:
0 0 3 5 25 50
1 2 5 10 20 20
0 10 10 50 50 50
Case 221:
0 0 1 5 10 25
3 5 5 20 25 50
1 3 3 10 20 20
Case 222:
1 10 25 25 50 50
1 2 2 25 25 50
1 2 5 10 10 50
Case 223:
0 1 5 25 50 50
1 3 5 20 50 50
2 2 3 3 25 25
Case 224:
0 1 1 1 5 20
3 5 20 25 50 50
3 3 5 5 20 25
Case 225:
0 1 1 2 5 25
1 2 20 25 50 50
2 3 10 10 20 20
Case 226:
0 0 2 3 50 50
5 5 5 10 10 50
1 1 20 20 20 25
Case 227:
1 10 20 20 50 50
1 2 3 20 25 50
1 2 3 10 10 50
Case 228:
0 0 5 20 25 50
0 2 3 5 10 50
1 2 3 3 3 5
Case 229:
0 0 3 3 3 10
0 0 0 1 2 20
2 3 20 50 50 50
Case 230:
0 0 2 3 10 10
1 2 5 10 25 25
2 3 3 5 5 5
Case 231:
0 0 0 0 0 10
0 5 20 25 50 50
5 5 5 5 10 50
Case 232:
0 2 2 10 25 25
2 2 10 25 25 50
0 0 2 2 3 10
Case 233:
0 0 3 5 50 50
1 2 2 10 50 50
5 10 20 20 20 25
Case 234:
5 5 10 50 50 50
1 1 2 5 10 20
1 2 2 5 20 50
Case 235:
0 0 0 1 5 25
0 2 3 3 20 50
3 5 5 10 20 25
Case 236:
0 1 2 5 10 50
0 2 10 20 25 50
2 5 5 20 20 20
Case 237:
0 1 5 5 25 50
0 2 2 20 25 50
2 2 3 3 3 20
Case 238:
2 3 5 25 50 50
1 2 2 5 20 50
2 3 10 25 25 25
Case 239:
0 0 0 5 50 50
2 2 5 10 20 25
2 10 10 25 25 50
Case 240:
0 0 1 20 50 50
1 1 5 25 25 25
1 10 10 10 20 25
Case 241:
0 3 5 10 50 50
0 3 10 10 25 50
1 1 1 1 2 50
Case 242:
0 0 1 3 20 20
0 1 5 20 25 50
5 10 10 10 10 25
Case 243:
0 1 5 5 10 10
5 5 10 10 20 50
1 2 3 3 3 50
Case 244:
0 0 0 0 3 20
0 0 3 20 25 50
2 2 3 5 5 10
Case 245:
0 2 2 10 25 50
1 5 5 25 25 50
1 1 1 1 10 50
Case 246:
0 2 3 10 20 25
1 1 1 10 25 25
2 2 20 20 20 20
Case 247:
0 0 1 5 50 50
0 1 10 10 25 25
20 20 20 20 20 25
Case 248:
1 50 50 50 50 50
1 3 20 20 20 50
0 2 3 20 50 50
Case 249:
1 5 10 10 25 25
1 20 25 50 50 50
3 3 3 10 10 20
Case 250:
0 0 1 2 5 50
0 1 1 20 25 25
2 2 3 3 10 50
Case 251:
0 0 2 25 25 50
1 3 5 20 25 50
1 5 20 20 25 50
Case 252:
0 0 10 25 50 50
0 1 1 10 20 50
1 1 1 3 25 25
Case 253:
1 3 10 10 20 50
1 2 5 5 10 50
1 1 2 3 3 50
Case 254:
0 0 1 5 10 25
0 2 3 5 10 50
1 2 5 5 5 20
Case 255:
0 1 25 25 25 50
0 1 1 3 5 25
2 2 5 10 20 20
Case 256:
0 0 0 10 25 50
1 1 2 5 25 25
1 2 5 10 20 20
Case 257:
0 0 1 1 10 50
1 1 2 2 25 50
3 5 25 25 50 50
Case 258:
0 2 5 5 5 25
10 20 20 20 25 50
1 3 3 5 50 50
Case 259:
1 1 5 5 50 50
0 1 1 1 25 25
2 2 2 5 25 25
Case 260:
0 0 2 5 20 50
0 3 5 10 10 50
2 3 10 10 10 50
Case 261:
0 2 5 20 50 50
5 10 10 25 50 50
20 20 20 25 25 25
Case 262:
0 1 1 20 20 50
1 3 3 3 25 50
2 10 10 10 25 50
Case 263:
0 0 0 25 25 50
1 1 2 5 10 25
3 3 3 20 50 50
Case 264:
0 2 5 25 25 25
0 1 10 10 20 20
1 2 2 3 5 20
Case 265:
0 0 0 2 5 50
0 2 2 3 20 25
2 2 5 20 25 50
Case 266:
2 2 5 20 20 50
0 5 5 10 10 20
5 5 5 10 10 20
Case 267:
0 0 2 10 10 20
1 1 3 25 50 50
3 3 3 5 10 20
Case 268:
0 0 2 3 10 10
1 1 1 2 10 50
1 1 3 5 5 50
Case 269:
0 1 3 5 25 50
1 1 2 3 10 20
1 2 5 10 20 20
Case 270:
0 0 3 50 50 50
0 2 5 25 25 50
0 3 3 10 20 20
Case 271:
0 2 25 50 50 50
0 0 2 2 5 25
0 2 10 20 20 50
Case 272:
0 0 0 0 5 5
1 1 3 3 50 50
2 3 3 3 25 25
Case 273:
1 2 5 5 20 25
1 3 20 25 50 50
1 3 5 20 50 50
Case 274:
0 0 3 10 25 50
1 1 1 3 3 50
2 10 20 25 25 50
Case 275:
2 2 20 20 25 50
0 0 1 1 2 10
10 10 20 20 25 50
Case 276:
0 0 5 25 25 50
1 3 20 20 20 25
2 3 3 3 20 20
Case 277:
0 0 0 2 2 50
0 2 5 50 50 50
3 5 20 25 25 50
Case 278:
2 3 5 5 25 50
1 10 20 20 25 50
3 3 3 5 5 20
Case 279:
0 0 0 1 3 50
3 3 5 20 25 25
2 2 5 10 10 10
Case 280:
0 1 5 25 25 50
0 2 5 10 20 20
3 3 3 10 25 25
Case 281:
0 3 5 5 20 50
2 3 20 50 50 50
1 2 3 50 50 50
Case 282:
2 3 5 5 5 25
2 5 5 5 25 50
3 3 3 10 10 25
Case 283:
0 0 2 50 50 50
10 20 20 25 25 25
1 5 5 5 5 20
Case 284:
0 0 0 1 5 10
1 2 5 20 25 50
1 2 3 3 5 10
Case 285:
0 0 3 10 10 50
1 5 5 25 25 50
1 3 25 25 25 50
Case 286:
0 1 1 5 5 25
1 2 3 5 5 50
2 2 3 20 50 50
Case 287:
0 0 0 0 1 25
0 3 3 3 10 20
1 1 1 2 2 10
Case 288:
2 2 3 5 5 50
3 5 5 20 20 25
1 5 5 20 20 25
Case 289:
0 0 0 2 2 25
0 2 20 20 50 50
0 0 5 5 10 20
Case 290:
0 1 1 2 2 50
2 3 3 20 25 25
5 5 5 20 20 25
Case 291:
0 1 1 20 20 25
2 3 3 25 25 50
3 3 10 20 20 20
Case 292:
1 1 1 3 50 50
2 5 10 25 50 50
0 10 10 10 20 50
Case 293:
0 0 0 2 10 50
2 3 5 5 20 25
1 1 3 3 3 20
Case 294:
0 0 3 5 20 20
1 1 2 10 10 10
2 2 5 5 5 50
Case 295:
1 1 2 5 5 20
3 5 5 10 10 50
3 5 10 10 20 50
Case 296:
0 0 2 25 25 50
1 2 2 5 20 50
3 3 3 10 10 50
Case 297:
0 0 0 1 10 50
1 3 5 20 25 25
1 5 5 20 25 50
Case 298:
0 0 1 2 5 50
0 5 10 20 25 25
1 1 3 20 50 50
Case 299:
0 0 0 0 20 50
1 2 5 10 20 25
1 3 3 5 10 10
Case 300:
0 1 3 3 5 50
2 5 5 20 25 50
2 2 2 2 10 50
Case 301:
0 1 2 25 25 50
3 5 20 20 25 50
2 2 5 10 10 20
Case 302:
0 2 3 5 25 50
1 2 25 25 25 50
3 5 10 10 20 25
Case 303:
0 0 0 10 20 50
0 0 2 3 25 50
2 3 10 10 25 50
Case 304:
0 0 1 3 5 20
0 1 2 2 5 20
0 1 1 1 1 5
Case 305:
0 2 25 50 50 50
0 0 0 1 10 20
0 0 1 2 5 5
Case 306:
0 0 3 5 10 50
0 0 1 25 25 50
1 2 2 10 25 25
Case 307:
0 20 25 25 25 50
0 10 20 20 20 20
3 3 5 10 10 10
Case 308:
0 0 2 3 10 25
1 5 10 10 10 25
1 1 1 1 10 10
Case 309:
1 1 25 25 25 50
2 2 3 5 25 50
2 3 5 20 20 25
Case 310:
0 0 0 2 10 50
1 5 5 5 10 10
1 1 2 5 25 25
Case 311:
0 0 2 3 20 25
1 2 3 10 20 25
2 2 3 3 10 10
Case 312:
3 3 10 10 25 50
2 2 3 3 5 25
3 5 10 10 20 50
Case 313:
1 1 3 5 10 10
1 3 10 25 25 25
1 3 10 20 25 25
Case 314:
0 0 1 3 25 50
1 2 25 25 25 25
3 5 5 10 20 20
Case 315:
0 1 3 10 50 50
1 3 3 5 20 25
2 5 25 25 25 25
Case 316:
0 0 3 5 25 25
3 3 5 5 25 25
2 10 10 10 20 25
Case 317:
0 1 1 3 3 50
3 20 20 20 20 25
3 5 5 5 10 25
Case 318:
0 2 3 5 50 50
1 3 5 25 25 25
2 2 5 10 20 25
Case 319:
0 0 0 0 50 50
1 1 5 20 25 50
1 2 2 3 20 20
Case 320:
2 2 10 10 20 25
0 1 1 1 2 10
1 2 5 5 10 10
Case 321:
0 1 2 5 10 50
1 2 5 10 25 50
3 5 5 20 20 25
Case 322:
0 5 25 25 50 50
1 3 5 25 25 50
1 10 20 20 25 25
Case 323:
1 1 2 3 20 50
2 5 10 10 10 25
2 2 10 10 20 50
Case 324:
0 0 1 2 5 25
0 2 10 10 10 50
2 3 5 10 50 50
Case 325:
0 2 2 3 10 25
3 10 20 25 25 50
1 5 5 5 5 20
Case 326:
0 3 5 25 25 25
0 0 1 3 10 25
1 2 2 10 20 20
Case 327:
0 1 10 25 25 50
0 0 3 5 10 20
1 2 5 10 10 10
Case 328:
0 1 3 3 5 25
2 5 20 20 25 50
3 10 25 25 50 50
Case 329:
0 1 1 1 20 50
2 2 10 10 50 50
5 5 20 20 25 25
Case 330:
2 3 5 20 25 25
2 2 10 20 25 50
2 3 5 10 10 20
Case 331:
1 1 1 1 2 25
1 3 5 5 20 20
3 3 10 10 25 50
Case 332:
0 2 3 5 5 10
1 2 25 25 50 50
1 3 5 20 20 50
Case 333:
0 1 1 10 20 25
1 2 3 3 3 10
2 5 5 10 20 50
Case 334:
0 3 5 25 50 50
0 1 2 5 10 20
0 1 2 10 20 50
Case 335:
0 0 1 20 25 50
3 3 3 10 25 50
3 10 20 20 20 50
Case 336:
0 0 0 2 5 50
0 0 1 2 3 25
1 5 5 5 20 20
Case 337:
0 1 2 3 3 20
3 3 10 10 10 50
5 5 5 10 10 25
Case 338:
0 0 1 2 20 50
5 5 5 20 25 50
1 3 3 10 10 20
Case 339:
0 0 1 5 25 50
0 2 3 5 20 25
3 5 10 20 20 20
Case 340:
0 1 3 25 50 50
3 3 3 10 20 20
0 3 5 5 10 50
Case 341:
1 2 3 10 20 50
1 2 3 5 10 20
2 2 2 3 50 50
Case 342:
0 0 0 0 20 50
0 1 3 10 20 25
3 5 10 20 20 20
Case 343:
0 2 5 5 20 50
1 1 1 3 3 5
0 3 3 50 50 50
Case 344:
0 1 10 25 25 50
0 1 2 5 20 20
3 3 5 10 10 10
Case 345:
1 5 10 25 25 50
2 5 25 50 50 50
0 2 3 5 10 20
Case 346:
0 2 3 3 20 50
3 3 3 10 10 25
0 1 3 10 50 50
Case 347:
0 0 2 5 5 25
1 2 2 5 5 50
2 10 10 50 50 50
Case 348:
0 1 1 50 50 50
2 20 20 20 20 20
1 2 2 10 10 50
Case 349:
0 2 5 5 5 20
0 1 1 3 3 20
3 3 20 20 25 50
Case 350:
0 0 1 20 25 50
3 5 25 25 25 25
1 2 2 10 10 10
Case 351:
0 5 10 10 20 50
0 2 3 3 10 10
2 3 3 3 10 50
Case 352:
0 1 2 10 25 50
1 3 5 5 20 20
1 5 10 10 25 50
Case 353:
1 1 2 20 50 50
2 2 2 20 20 50
3 3 3 25 25 25
Case 354:
0 0 1 1 5 50
3 10 20 25 25 50
1 1 3 3 3 25
Case 355:
0 0 5 10 20 20
2 20 25 25 50 50
1 2 20 20 25 50
Case 356:
0 0 1 2 25 50
1 1 2 3 25 25
2 2 5 5 5 20
Case 357:
1 1 1 5 20 50
1 2 2 3 5 25
2 3 10 25 25 25
Case 358:
0 0 1 1 3 10
2 2 3 25 25 25
2 5 10 10 10 20
Case 359:
0 1 2 5 10 50
1 1 3 3 5 50
3 5 10 20 25 50
Case 360:
0 0 5 5 10 10
1 1 1 10 50 50
2 3 3 3 5 50
Case 361:
0 2 3 5 20 20
1 1 1 3 10 20
2 2 2 3 10 20
Case 362:
0 0 3 5 20 20
1 2 3 3 10 20
0 1 2 2 20 50
Case 363:
0 2 3 5 10 25
1 5 10 10 50 50
3 10 10 20 25 50
Case 364:
0 1 2 5 10 50
1 3 5 10 25 50
3 5 20 20 20 50
Case 365:
2 5 20 20 50 50
0 2 3 5 10 50
5 10 10 20 50 50
Case 366:
0 0 3 3 3 3
1 2 3 20 50 50
1 2 2 3 10 25
Case 367:
0 0 2 20 25 50
0 1 5 10 25 25
0 0 1 1 2 25
Case 368:
1 2 5 5 25 50
0 2 5 5 5 50
0 1 1 2 5 20
Case 369:
0 0 0 1 20 25
3 5 5 10 20 25
2 2 3 5 10 20
Case 370:
0 0 0 2 10 25
0 0 2 10 10 25
2 5 5 20 25 50
Case 371:
0 0 0 2 5 20
0 1 2 3 5 50
1 2 2 3 10 20
Case 372:
0 1 3 5 10 25
0 2 2 5 5 10
5 5 10 20 25 50
Case 373:
0 0 2 3 25 50
2 5 5 25 25 50
3 5 10 20 20 50
Case 374:
0 0 0 0 5 20
1 2 2 10 10 10
2 2 3 3 3 20
Case 375:
0 1 3 3 25 50
0 3 3 10 25 50
5 10 10 10 25 25
Case 376:
2 2 5 50 50 50
2 20 20 20 25 50
2 2 3 5 10 25
Case 377:
0 0 0 1 5 25
2 3 5 20 20 20
1 5 10 10 10 50
Case 378:
1 5 10 50 50 50
0 0 1 3 5 10
2 2 5 20 25 50
Case 379:
1 1 1 3 10 25
2 5 10 50 50 50
3 5 5 5 20 25
Case 380:
0 20 50 50 50 50
0 2 10 20 20 25
2 10 25 25 25 50
Case 381:
1 3 5 5 25 50
3 3 3 10 20 50
1 1 10 20 20 20
Case 382:
1 3 10 25 50 50
0 0 2 3 20 50
1 1 5 5 20 50
Case 383:
0 2 3 10 25 50
0 1 1 1 2 10
2 2 2 3 5 50
Case 384:
0 0 0 0 10 50
2 5 25 25 25 25
5 10 20 25 25 25
Case 385:
1 5 10 25 50 50
3 3 20 20 20 50
1 3 10 20 20 50
Case 386:
0 0 2 3 10 50
1 1 2 10 10 20
1 2 5 20 50 50
Case 387:
0 1 3 20 25 25
0 0 1 1 5 25
1 1 1 2 10 25
Case 388:
1 3 10 10 20 25
0 1 2 3 10 10
1 2 2 3 10 25
Case 389:
2 3 3 3 5 50
1 3 3 20 25 50
3 5 10 25 50 50
Case 390:
1 1 2 25 25 50
2 2 10 10 25 50
1 2 2 5 50 50
Case 391:
1 3 10 20 50 50
0 0 1 3 5 50
0 1 2 2 50 50
Case 392:
0 1 3 5 5 20
1 3 10 10 20 25
1 10 20 20 25 50
Case 393:
1 3 50 50 50 50
0 0 5 10 20 25
0 2 3 5 10 20
Case 394:
0 0 1 10 25 50
3 3 5 5 25 50
3 5 5 10 10 20
Case 395:
0 1 1 3 5 50
1 2 5 10 20 50
3 3 5 5 10 20
Case 396:
0 1 3 5 20 50
0 0 5 10 10 10
1 1 3 3 20 20
Case 397:
0 1 1 5 10 50
2 10 10 10 10 25
1 20 20 20 25 25
Case 398:
1 2 5 25 25 50
1 2 2 5 25 25
3 5 10 20 20 25
Case 399:
2 2 5 25 25 50
0 0 2 3 3 5
2 5 10 20 25 50
Case 400:
0 0 1 5 20 20
2 2 5 20 25 50
2 3 5 5 10 25
Case 401:
0 1 3 3 25 50
5 5 5 20 25 25
2 2 2 10 20 50
Case 402:
0 3 10 20 50 50
1 1 2 3 5 5
1 3 10 25 25 50
Case 403:
2 2 3 5 10 25
3 10 10 20 20 50
3 5 5 10 20 20
Case 404:
1 5 10 50 50 50
0 0 1 2 25 50
2 10 20 20 20 20
Case 405:
0 1 5 10 20 50
1 3 3 20 25 50
1 3 10 25 25 50
Case 406:
0 0 1 2 20 50
1 3 5 10 25 25
2 2 5 20 50 50
Case 407:
0 1 20 20 20 25
1 5 10 10 10 10
3 3 3 10 20 25
Case 408:
0 0 0 1 10 50
1 3 10 10 20 25
0 1 3 3 5 5
Case 409:
0 1 10 25 50 50
0 1 2 2 5 50
2 3 5 10 50 50
Case 410:
1 3 5 20 25 50
0 5 5 20 50 50
3 10 20 20 50 50
Case 411:
0 0 0 3 10 50
0 2 3 20 25 50
1 2 2 2 3 20
Case 412:
0 1 3 20 20 50
1 3 10 20 20 25
10 20 20 25 25 25
Case 413:
0 3 5 25 25 50
0 1 1 2 2 5
2 3 5 10 20 20
Case 414:
0 0 0 2 10 25
3 3 5 5 10 25
1 2 2 3 20 25
Case 415:
0 1 3 3 5 10
1 1 2 2 20 50
2 3 5 10 20 50
Case 416:
1 1 2 20 50 50
3 3 5 5 5 5
1 3 10 10 10 25
Case 417:
0 0 0 25 25 50
1 2 5 20 20 20
1 2 2 3 10 20
Case 418:
0 3 20 25 50 50
1 3 3 20 25 50
2 2 2 10 10 25
Case 419:
0 2 2 5 25 50
5 10 20 25 25 50
1 1 25 25 25 50
Case 420:
0 0 0 1 10 50
2 5 10 10 25 50
3 20 20 20 25 25
Case 421:
0 1 1 25 25 25
3 3 20 20 20 50
1 1 1 1 2 50
Case 422:
0 0 1 2 20 20
2 3 5 5 10 25
1 1 3 3 5 25
Case 423:
0 0 0 2 10 50
3 20 20 20 20 25
1 5 10 10 10 20
Case 424:
0 0 0 1 3 50
5 5 10 20 50 50
3 10 10 25 25 50
Case 425:
0 3 10 20 20 50
0 1 2 2 10 10
1 2 2 5 5 20
Case 426:
0 1 2 20 20 25
1 2 5 20 25 25
1 10 10 10 10 25
Case 427:
0 1 2 10 25 25
0 1 2 2 25 25
1 1 5 20 20 25
Case 428:
0 0 1 20 20 50
2 3 3 5 10 50
2 3 3 10 20 25
Case 429:
1 1 1 5 5 10
2 3 3 5 50 50
0 3 3 20 20 50
Case 430:
0 0 0 1 20 50
0 3 20 25 25 50
0 2 3 5 5 10
Case 431:
0 0 0 1 3 50
0 2 2 2 5 50
1 1 10 20 20 50
Case 432:
0 0 1 2 20 25
0 2 5 20 20 20
2 10 10 10 10 10
Case 433:
0 0 2 3 50 50
0 3 20 20 25 25
0 2 10 10 20 25
Case 434:
1 1 2 3 5 10
1 3 3 10 20 25
1 1 20 25 25 25
Case 435:
0 0 5 10 50 50
1 10 20 25 50 50
2 10 10 20 25 50
Case 436:
0 0 2 10 50 50
2 3 5 10 20 50
2 2 25 25 25 50
Case 437:
0 0 20 25 50 50
0 1 2 3 20 25
5 10 10 20 20 25
Case 438:
0 0 3 5 25 50
5 10 10 20 25 50
2 2 2 10 20 20
Case 439:
0 0 0 1 25 25
1 3 5 5 5 25
1 10 10 10 10 10
Case 440:
0 1 1 10 25 50
1 1 5 5 10 25
1 2 3 3 3 20
Case 441:
0 1 3 20 25 50
2 3 5 10 25 50
2 2 2 5 25 50
Case 442:
0 0 0 5 25 50
2 2 3 10 20 20
2 5 10 10 20 50
Case 443:
0 0 0 2 20 20
5 10 20 20 25 50
1 3 10 10 25 50
Case 444:
0 0 1 3 5 25
1 1 1 2 20 50
1 1 3 10 50 50
Case 445:
0 1 2 5 10 50
1 2 3 10 25 25
3 5 10 25 50 50
Case 446:
0 0 1 20 50 50
3 3 3 5 20 25
0 5 10 10 20 20
Case 447:
0 0 1 1 2 5
1 1 2 10 25 50
3 3 3 3 3 50
Case 448:
1 1 2 10 20 20
1 2 5 20 50 50
2 2 2 5 5 5
Case 449:
0 0 0 0 2 50
1 10 10 10 25 50
3 3 3 5 10 50
Case 450:
1 5 5 5 20 20
0 0 2 5 50 50
3 10 10 10 25 50
Case 451:
0 0 1 10 25 50
0 2 3 10 25 25
2 2 3 3 20 50
Case 452:
0 1 3 10 25 50
0 1 2 5 20 25
2 2 10 10 25 25
Case 453:
0 0 1 1 10 25
1 1 2 2 5 20
3 3 3 5 5 20
Case 454:
0 0 1 5 20 50
1 5 25 25 25 25
1 2 10 10 20 25
Case 455:
0 0 5 5 5 10
1 2 10 20 20 50
2 2 25 25 50 50
Case 456:
0 1 1 2 50 50
1 3 25 25 25 50
3 3 3 20 50 50
Case 457:
3 10 20 25 50 50
2 10 20 20 50 50
0 10 20 20 50 50
Case 458:
1 2 3 10 10 50
3 5 20 20 20 25
3 5 5 5 10 10
Case 459:
0 1 5 10 25 50
1 2 5 25 50 50
1 2 2 3 10 10
Case 460:
0 3 20 20 50 50
0 5 10 10 25 50
3 5 5 5 5 50
Case 461:
0 0 2 20 20 50
5 5 10 10 25 25
5 10 10 20 50 50
Case 462:
0 0 1 3 5 25
1 2 3 20 20 50
2 2 3 3 10 10
Case 463:
0 3 20 20 25 50
0 1 1 2 25 50
1 2 3 20 50 50
Case 464:
0 0 1 2 25 50
3 5 5 25 25 25
3 5 10 10 20 20
Case 465:
1 2 3 20 20 50
1 1 10 20 25 25
1 3 5 10 50 50
Case 466:
0 1 3 5 25 25
0 2 5 10 25 25
1 2 3 20 20 25
Case 467:
0 1 20 25 25 50
1 5 20 25 50 50
1 2 5 20 25 50
Case 468:
0 0 3 10 50 50
2 2 5 20 20 20
1 1 1 2 10 10
Case 469:
1 3 3 5 25 50
0 0 20 25 50 50
2 2 20 20 25 25
Case 470:
0 20 25 25 25 50
1 1 1 3 10 50
1 2 2 3 10 20
Case 471:
1 2 5 20 25 50
2 3 5 5 20 20
1 3 10 10 25 25
Case 472:
0 0 2 5 5 10
1 1 1 2 3 25
2 3 3 5 20 50
Case 473:
0 2 5 20 25 50
3 5 10 20 20 25
2 10 10 10 10 20
Case 474:
0 0 10 10 50 50
3 5 5 5 10 50
0 2 3 5 25 25
Case 475:
0 1 1 10 20 25
2 2 2 10 10 25
1 1 1 5 10 50
Case 476:
0 0 3 5 20 25
2 2 3 5 10 25
2 3 3 5 20 20
Case 477:
0 0 1 20 25 50
0 2 3 20 20 50
0 3 3 10 10 20
Case 478:
0 1 2 5 5 25
1 2 10 20 20 25
2 3 5 5 10 10
Case 479:
0 2 20 25 25 50
3 3 5 5 5 10
2 3 20 20 20 50
Case 480:
0 0 0 5 25 50
0 1 1 10 20 20
3 20 20 25 25 25
Case 481:
0 3 5 10 50 50
1 2 2 10 25 25
0 10 20 20 20 25
Case 482:
0 1 3 5 25 50
1 2 2 10 20 25
1 5 5 10 20 20
Case 483:
0 0 2 5 20 25
2 5 10 20 20 50
0 1 3 5 5 10
Case 484:
0 0 1 2 25 50
1 3 5 10 25 25
2 3 3 5 20 20
Case 485:
0 0 5 5 10 50
1 1 2 2 5 50
1 5 5 10 20 20
Case 486:
0 1 2 5 25 50
2 20 25 25 25 50
0 2 2 20 20 25
Case 487:
0 0 2 20 25 25
0 0 1 1 2 2
3 5 10 10 10 25
Case 488:
0 0 2 3 5 50
3 3 10 10 10 10
1 1 2 3 3 50
Case 489:
0 1 3 3 10 25
2 2 2 5 10 50
1 1 1 1 25 50
Case 490:
0 0 5 10 50 50
1 2 5 20 25 25
1 5 5 25 25 25
Case 491:
0 1 1 10 10 25
2 2 3 3 25 50
2 3 5 5 50 50
Case 492:
0 0 1 1 3 25
1 5 10 10 10 50
2 3 3 3 10 50
Case 493:
0 5 5 25 25 25
1 1 3 3 50 50
1 3 10 20 50 50
Case 494:
2 3 5 25 25 25
2 5 25 25 25 50
2 2 10 10 20 50
Case 495:
0 0 3 10 20 50
1 10 10 50 50 50
1 1 2 20 25 25
Case 496:
0 3 5 25 25 50
2 5 10 20 20 50
1 1 2 2 2 20
Case 497:
0 1 2 10 10 20
2 2 5 10 10 50
3 10 20 20 20 25
Case 498:
1 2 5 5 25 50
3 5 10 10 25 50
20 25 25 50 50 50
Case 499:
0 0 1 20 25 25
1 1 5 5 10 50
1 3 20 20 25 50
Case 500:
0 0 1 2 3 10
0 1 10 10 50 50
2 5 5 20 25 50
Case 501:
0 0 3 5 10 50
0 2 3 3 10 25
5 5 10 25 25 50
Case 502:
1 1 2 3 20 25
1 1 5 20 25 50
3 5 10 10 25 50
Case 503:
0 0 2 3 5 50
1 1 1 3 5 5
2 3 20 25 25 25
Case 504:
0 0 1 5 5 10
1 1 2 3 20 50
0 0 1 1 50 50
Case 505:
0 0 3 10 50 50
0 1 2 5 25 50
1 1 2 20 25 25
Case 506:
0 0 20 25 25 25
3 5 20 20 20 20
1 2 3 10 10 10
Case 507:
1 1 2 5 50 50
1 2 2 2 10 50
10 10 20 25 25 25
Case 508:
0 0 1 10 25 50
0 2 2 3 10 50
5 5 5 5 20 25
Case 509:
0 2 5 20 20 50
2 5 10 10 10 50
1 1 5 10 10 50
Case 510:
0 1 2 3 20 50
1 5 10 10 10 25
3 3 5 25 25 25
Case 511:
0 0 1 5 20 50
1 1 5 25 25 25
1 3 20 50 50 50
Case 512:
0 0 25 25 25 50
2 20 25 25 50 50
5 5 5 10 20 20
Case 513:
0 0 0 2 3 10
1 1 2 3 20 50
3 3 5 20 20 25
Case 514:
0 0 0 2 20 25
0 0 1 3 10 20
1 2 3 5 5 5
Case 515:
0 1 3 5 5 50
2 10 20 20 20 20
1 1 1 3 10 25
Case 516:
0 0 20 50 50 50
0 0 5 25 25 50
0 0 1 2 10 20
Case 517:
0 0 1 3 10 20
1 1 3 20 25 50
0 1 3 3 10 10
Case 518:
0 0 2 5 25 25
0 0 0 5 5 20
1 3 3 3 10 25
Case 519:
0 1 5 5 25 50
2 3 5 25 50 50
10 10 20 20 20 50
Case 520:
0 0 0 0 0 5
0 0 0 3 25 50
1 2 5 5 20 20
Case 521:
2 3 5 50 50 50
3 5 5 25 25 25
10 20 25 25 50 50
Case 522:
0 0 2 25 25 50
0 3 3 10 10 10
2 20 20 20 25 50
Case 523:
0 0 3 3 3 5
0 1 2 2 20 20
1 1 1 25 25 50
Case 524:
0 1 1 1 5 20
10 10 10 25 25 25
2 2 2 2 3 50
Case 525:
0 1 2 3 3 20
1 2 3 10 10 25
2 20 20 25 25 25
Case 526:
1 5 10 25 50 50
1 3 5 10 20 50
1 3 3 20 25 50
Case 527:
0 1 3 5 25 50
0 2 5 10 20 20
2 5 5 20 20 50
Case 528:
0 1 1 1 10 25
1 1 1 5 5 5
3 3 10 10 20 50
Case 529:
1 3 3 20 20 20
2 3 5 10 10 50
20 20 25 25 50 50
Case 530:
0 0 0 25 25 50
1 1 1 5 10 50
3 5 5 20 20 25
Case 531:
0 0 1 2 20 20
0 1 5 10 10 50
1 1 10 25 50 50
Case 532:
0 1 25 25 50 50
3 5 5 5 25 25
0 1 3 3 25 25
Case 533:
0 0 5 5 50 50
1 10 10 20 20 20
1 2 20 25 25 25
Case 534:
0 1 2 5 25 50
3 3 3 10 50 50
1 2 2 3 20 25
Case 535:
0 3 10 50 50 50
0 2 20 20 50 50
2 5 10 10 50 50
Case 536:
0 1 5 5 25 50
0 1 2 2 25 50
3 3 20 20 20 20
Case 537:
0 0 5 5 20 25
1 1 1 1 5 20
2 2 2 3 10 10
Case 538:
0 0 5 20 20 50
1 2 3 5 10 20
1 2 5 5 5 10
Case 539:
0 20 20 25 50 50
0 0 2 5 20 25
2 3 5 10 10 25
Case 540:
0 0 0 5 20 50
2 2 2 5 5 25
2 5 10 20 25 25
Case 541:
0 2 5 25 50 50
1 1 2 3 3 50
2 10 10 20 25 25
Case 542:
1 20 20 20 50 50
1 1 3 5 5 20
2 2 3 3 50 50
Case 543:
1 1 2 3 3 20
2 5 5 5 10 50
2 10 10 20 25 25
Case 544:
0 1 2 10 25 50
1 1 50 50 50 50
1 2 20 20 20 25
Case 545:
0 0 5 20 20 20
0 1 1 3 20 20
2 2 2 10 10 20
Case 546:
0 0 0 1 10 25
0 1 3 5 10 20
2 2 3 5 20 20
Case 547:
0 1 1 1 3 10
1 2 5 5 25 25
2 3 3 3 5 25
Case 548:
0 0 0 3 5 50
1 2 3 3 5 20
1 1 2 3 10 50
Case 549:
3 5 5 10 25 50
1 1 5 5 10 25
1 5 10 10 25 50
Case 550:
0 1 1 2 25 50
0 20 25 50 50 50
1 1 5 25 50 50
Case 551:
0 1 1 3 50 50
3 5 25 25 25 25
2 2 10 10 10 20
Case 552:
0 0 1 1 20 25
3 3 10 10 10 25
2 5 5 5 5 25
Case 553:
0 1 1 50 50 50
2 2 3 10 10 25
3 3 10 10 20 20
Case 554:
0 0 0 1 2 20
1 2 5 20 25 50
1 3 10 10 20 25
Case 555:
0 0 1 3 5 50
1 3 5 10 20 25
10 20 20 20 20 25
Case 556:
0 1 2 20 20 20
3 5 10 10 20 50
0 1 2 2 2 5
Case 557:
1 3 10 25 50 50
0 3 5 10 25 50
1 1 2 2 10 25
Case 558:
0 1 5 10 10 50
5 5 5 10 20 50
2 5 10 20 50 50
Case 559:
0 0 1 5 20 50
5 5 20 20 20 25
1 1 25 25 25 25
Case 560:
1 2 3 10 20 25
0 0 2 2 10 50
1 10 25 25 50 50
Case 561:
0 1 1 2 3 50
1 3 3 3 3 25
2 5 10 20 20 50
Case 562:
0 0 3 3 3 50
1 1 1 1 3 20
2 5 5 10 25 25
Case 563:
0 1 2 10 20 20
3 5 5 5 20 50
10 10 10 10 10 10
Case 564:
0 1 3 10 25 25
0 1 20 20 20 25
0 0 2 2 20 20
Case 565:
0 0 1 5 10 25
1 2 5 5 20 50
2 2 2 20 25 25
Case 566:
0 2 5 25 50 50
0 3 10 10 20 50
1 2 3 5 5 5
Case 567:
0 1 3 20 50 50
1 3 3 10 25 25
3 3 10 20 20 50
Case 568:
0 1 2 3 5 25
3 5 5 10 20 25
10 10 10 10 20 25
Case 569:
0 0 1 10 10 50
1 3 20 20 50 50
2 3 5 5 5 10
Case 570:
0 0 3 3 3 25
1 2 3 3 50 50
2 5 10 20 20 20
Case 571:
0 0 1 2 20 50
2 2 5 20 25 50
5 5 10 25 25 25
Case 572:
0 2 3 5 25 50
1 2 5 10 20 50
3 10 10 25 25 25
Case 573:
0 0 3 20 50 50
1 2 10 10 10 50
3 3 3 5 25 25
Case 574:
1 1 10 25 25 25
2 3 3 3 20 20
1 2 2 10 20 50
Case 575:
0 0 1 20 25 50
0 3 5 5 10 20
2 2 2 3 10 20
Case 576:
0 0 3 3 5 10
0 0 3 20 25 50
0 3 5 50 50 50
Case 577:
0 0 0 2 5 5
1 1 3 20 50 50
1 5 5 10 20 50
Case 578:
1 5 10 25 50 50
0 10 10 25 25 50
1 3 5 5 5 20
Case 579:
0 0 0 25 25 50
1 2 3 10 10 10
3 5 5 10 10 50
Case 580:
0 0 0 10 25 25
2 3 10 10 20 50
2 3 5 20 20 50
Case 581:
0 0 2 5 10 50
1 3 3 5 25 25
0 0 0 1 20 25
Case 582:
0 0 1 1 2 5
2 2 5 10 20 50
1 2 2 2 10 50
Case 583:
0 10 10 50 50 50
1 3 20 20 20 25
2 2 5 10 10 25
Case 584:
0 3 20 20 50 50
0 5 5 20 20 50
1 2 10 10 10 50
Case 585:
0 0 1 2 25 25
2 3 5 5 10 10
1 3 5 5 10 50
Case 586:
0 0 2 5 50 50
1 1 5 10 20 50
0 0 5 5 50 50
Case 587:
0 0 1 5 20 25
2 2 5 5 25 25
2 10 10 10 20 50
Case 588:
0 0 1 5 10 50
3 5 10 20 25 50
1 10 20 25 25 25
Case 589:
0 0 0 3 10 50
0 0 1 2 5 5
0 25 25 25 50 50
Case 590:
0 0 0 0 10 50
1 1 1 3 5 25
2 2 2 3 20 50
Case 591:
2 10 25 50 50 50
0 5 5 5 20 50
2 2 2 3 3 20
Case 592:
1 2 5 20 50 50
1 20 20 25 25 25
1 3 5 5 10 10
Case 593:
0 0 0 0 2 20
1 1 3 5 5 50
3 10 10 10 25 25
Case 594:
0 3 5 20 20 50
0 0 1 1 5 5
2 5 5 10 10 25
Case 595:
0 1 5 10 50 50
0 0 0 2 10 10
1 1 3 5 10 25
Case 596:
10 10 10 20 50 50
0 1 2 10 10 25
1 2 5 10 20 50
Case 597:
0 0 1 2 2 25
3 10 10 10 10 20
5 20 20 50 50 50
Case 598:
0 0 1 5 10 50
0 2 5 25 25 50
1 1 2 3 3 3
Case 599:
0 1 1 1 10 50
1 2 2 2 5 25
2 3 3 20 25 25
Case 600:
0 0 0 1 2 10
1 5 5 25 25 50
0 1 1 1 2 25
Case 601:
0 0 0 1 5 25
1 1 5 25 50 50
2 2 3 20 20 25
Case 602:
1 3 5 5 25 25
2 3 3 10 20 20
2 2 3 10 10 10
Case 603:
0 0 2 10 20 50
1 1 5 5 10 10
3 10 25 25 25 25
Case 604:
0 0 1 1 2 50
3 3 5 5 10 20
5 10 20 20 20 50
Case 605:
0 0 1 1 20 50
1 1 2 3 3 10
2 2 3 5 5 10
Case 606:
0 1 1 2 3 20
10 10 20 20 50 50
1 10 10 25 50 50
Case 607:
0 1 3 20 25 50
0 3 5 5 25 50
1 2 2 2 3 50
Case 608:
0 0 1 10 50 50
1 5 5 20 25 50
1 2 10 20 20 50
Case 609:
0 0 0 5 10 25
1 3 3 10 10 20
1 2 3 3 10 25
Case 610:
0 2 3 10 20 50
3 3 20 20 50 50
0 0 3 10 50 50
Case 611:
0 0 3 5 20 25
0 1 1 3 20 50
0 1 1 3 20 50
Case 612:
0 1 3 5 5 50
1 2 2 3 3 25
3 5 25 25 25 25
Case 613:
0 1 1 1 3 20
3 10 10 25 25 50
2 2 2 3 3 20
Case 614:
0 0 0 3 10 25
1 1 1 10 10 25
2 3 5 10 20 50
Case 615:
0 0 2 3 3 50
0 1 2 20 25 50
1 10 10 10 25 25
Case 616:
0 0 0 0 25 50
1 5 5 20 50 50
1 1 2 3 3 50
Case 617:
0 0 5 20 50 50
1 10 25 25 25 25
2 3 3 5 10 50
Case 618:
0 0 2 3 10 25
1 1 1 3 10 50
1 2 5 5 20 25
Case 619:
0 0 0 0 5 20
1 2 5 20 20 50
1 2 3 3 10 50
Case 620:
0 2 5 10 20 20
1 2 3 5 5 10
3 3 5 10 10 10
Case 621:
1 3 5 5 20 20
5 5 10 10 25 25
0 1 2 2 3 3
Case 622:
0 5 5 20 50 50
1 1 3 5 20 20
1 1 10 25 25 25
Case 623:
0 2 3 10 25 25
1 1 2 2 5 25
2 5 5 5 20 25
Case 624:
0 0 1 3 5 25
0 0 3 20 25 50
2 5 10 10 10 20
Case 625:
0 2 5 5 20 20
1 2 5 10 25 50
3 5 5 5 10 20
Case 626:
0 0 0 1 50 50
5 5 5 25 25 50
1 10 20 20 20 20
Case 627:
0 0 3 5 10 50
0 2 3 10 50 50
1 3 5 10 25 25
Case 628:
0 1 2 5 50 50
3 5 10 20 25 25
1 3 20 25 25 25
Case 629:
0 0 1 10 25 50
1 2 3 25 25 50
5 5 5 5 20 20
Case 630:
0 1 2 5 25 50
1 1 1 5 20 50
1 2 3 3 10 25
Case 631:
0 0 0 5 25 50
3 10 10 10 10 20
3 5 5 10 10 10
Case 632:
0 0 2 3 3 10
3 5 5 5 10 25
2 3 5 25 25 25
Case 633:
0 0 2 3 20 25
2 5 5 10 50 50
1 1 2 2 25 50
Case 634:
0 0 5 25 50 50
1 3 10 10 10 25
0 1 3 5 10 10
Case 635:
0 1 1 20 25 25
2 3 5 5 10 20
2 2 3 5 5 50
Case 636:
0 1 3 5 10 25
1 1 2 2 50 50
0 1 5 20 25 50
Case 637:
0 1 1 2 10 25
2 3 3 3 5 20
2 20 20 25 25 25
Case 638:
1 3 5 10 50 50
1 3 5 25 25 50
2 3 3 3 5 5
Case 639:
0 0 0 1 2 50
1 1 3 5 5 25
3 5 10 10 20 25
Case 640:
0 3 3 5 10 50
0 0 2 3 10 50
2 3 5 20 20 25
Case 641:
0 0 3 20 20 50
1 1 3 10 25 50
2 2 5 10 10 10
Case 642:
0 2 5 50 50 50
2 2 25 25 25 25
0 5 10 10 20 25
Case 643:
0 1 2 10 25 25
2 3 20 20 25 25
1 2 3 5 20 25
Case 644:
0 0 0 1 10 50
0 3 5 5 5 25
1 5 10 20 20 25
Case 645:
0 2 20 20 20 25
0 0 0 1 3 10
5 10 10 10 10 10
Case 646:
0 0 2 10 10 50
1 2 2 3 5 50
0 2 10 10 50 50
Case 647:
0 0 1 3 25 50
1 3 3 10 25 50
5 5 10 10 50 50
Case 648:
0 0 0 25 50 50
2 20 20 20 20 50
2 10 10 20 20 50
Case 649:
0 0 1 25 25 25
2 3 5 20 25 25
3 3 5 10 25 25
Case 650:
0 0 0 1 1 5
1 1 5 5 10 20
2 2 2 2 5 20
Case 651:
2 2 3 5 20 25
3 5 5 5 20 50
1 10 10 10 10 50
Case 652:
0 1 3 5 25 50
0 1 2 10 20 25
1 5 10 20 20 50
Case 653:
0 0 3 5 10 25
1 5 10 10 50 50
1 1 5 20 20 50
Case 654:
0 1 3 20 25 50
0 1 1 5 10 10
1 5 10 20 50 50
Case 655:
2 2 2 3 20 50
2 3 10 10 25 50
3 3 3 25 50 50
Case 656:
1 1 2 3 5 50
1 2 5 5 5 20
1 1 2 3 5 20
Case 657:
0 1 3 10 20 25
1 3 3 5 5 5
2 2 5 5 5 5
Case 658:
0 1 3 5 50 50
0 1 10 20 20 25
1 1 25 25 25 25
Case 659:
0 0 3 5 10 10
1 10 20 20 25 50
2 2 3 3 3 10
Case 660:
0 0 1 5 10 50
2 20 20 20 25 25
1 3 3 3 50 50
Case 661:
0 1 1 5 20 50
0 1 5 5 10 50
3 20 25 25 50 50
Case 662:
0 1 5 20 25 50
0 1 5 5 10 50
1 5 10 10 10 50
Case 663:
0 0 5 20 20 25
0 1 1 3 3 20
1 1 3 10 10 50
Case 664:
0 0 2 10 10 50
5 5 20 20 50 50
1 20 20 25 25 50
Case 665:
1 3 10 20 25 50
0 2 3 10 20 25
1 2 3 10 20 25
Case 666:
0 0 2 5 25 50
0 0 3 5 20 50
1 1 3 3 5 20
Case 667:
0 1 5 10 50 50
2 2 2 3 20 50
2 2 3 25 50 50
Case 668:
0 1 3 20 25 50
2 3 25 50 50 50
5 5 20 20 25 50
Case 669:
0 0 3 10 25 25
2 3 3 25 25 25
1 2 3 20 20 25
Case 670:
0 2 2 20 50 50
2 2 3 10 25 50
2 10 10 20 25 25
Case 671:
0 0 0 2 5 25
0 0 0 10 20 20
2 3 3 5 5 5
Case 672:
2 2 2 3 50 50
0 2 10 20 20 25
0 1 2 2 10 10
Case 673:
0 1 3 25 50 50
2 3 3 10 10 10
0 2 10 10 25 50
Case 674:
2 2 3 10 25 50
0 1 2 25 25 50
2 10 20 20 50 50
Case 675:
0 2 2 10 10 50
2 5 5 20 25 50
2 5 5 10 20 25
Case 676:
0 0 1 3 25 50
0 1 1 1 5 25
1 1 2 20 25 25
Case 677:
5 5 20 20 25 50
1 1 2 5 20 20
2 3 10 10 20 20
Case 678:
0 0 2 3 20 25
3 5 10 10 10 25
0 1 1 2 2 10
Case 679:
0 0 5 10 25 50
0 5 10 20 50 50
1 2 3 5 10 50
Case 680:
3 10 25 25 50 50
1 3 3 10 20 50
1 1 3 10 20 50
Case 681:
0 1 3 5 10 50
20 25 25 25 50 50
1 10 10 10 10 10
Case 682:
0 1 3 5 50 50
0 2 3 10 20 50
1 3 3 5 5 50
Case 683:
0 0 1 2 25 50
3 3 5 10 20 20
1 1 10 10 20 50
Case 684:
2 2 10 25 25 50
2 2 3 10 25 50
0 1 2 25 25 25
Case 685:
0 0 0 3 5 50
0 1 3 10 20 25
1 1 2 3 5 10
Case 686:
0 1 3 20 25 50
1 3 5 10 25 25
3 3 3 10 25 50
Case 687:
0 2 3 10 20 25
1 2 2 2 10 25
2 3 3 20 20 20
Case 688:
0 2 2 3 50 50
5 10 10 10 20 25
2 10 20 20 25 25
Case 689:
0 1 2 3 25 50
1 2 5 10 25 50
1 1 1 1 5 25
Case 690:
2 2 5 25 50 50
0 3 10 10 25 25
2 3 5 25 25 50
Case 691:
0 0 0 2 5 50
0 1 2 3 5 50
2 2 3 5 20 25
Case 692:
0 0 2 5 50 50
1 1 20 20 25 25
2 5 5 10 10 25
Case 693:
1 2 3 50 50 50
1 10 50 50 50 50
2 10 20 20 25 50
Case 694:
0 1 3 5 5 10
1 1 3 3 10 20
1 10 20 25 25 50
Case 695:
0 0 2 20 20 50
3 3 5 5 20 20
2 5 5 5 10 10
Case 696:
0 1 5 10 25 50
1 2 3 5 20 20
1 2 20 20 20 50
Case 697:
1 1 5 5 10 50
2 2 10 25 25 50
3 3 20 20 20 20
Case 698:
0 1 3 5 20 25
0 1 3 5 5 20
2 2 2 5 20 50
Case 699:
0 1 3 10 10 50
1 2 2 2 5 5
1 2 2 10 10 25
Case 700:
0 1 10 25 50 50
3 5 25 25 25 50
1 3 3 10 20 25
Case 701:
1 3 5 25 50 50
0 1 10 10 10 20
1 1 2 3 10 50
Case 702:
0 1 3 3 25 50
2 2 5 5 5 20
1 20 25 25 25 25
Case 703:
1 1 3 5 20 20
0 1 3 5 10 20
1 3 5 20 20 20
Case 704:
0 2 2 10 20 20
2 3 5 5 20 50
1 1 2 5 5 5
Case 705:
0 1 1 1 3 25
1 2 2 3 5 20
1 5 5 10 10 20
Case 706:
2 5 5 20 50 50
2 2 3 3 3 10
2 10 20 25 25 50
Case 707:
0 0 2 20 50 50
1 1 2 2 3 10
3 5 20 25 25 25
Case 708:
0 1 2 25 25 50
2 20 25 25 50 50
2 5 10 20 25 50
Case 709:
0 0 1 2 5 25
0 0 2 20 20 50
0 1 2 10 10 25
Case 710:
0 0 20 50 50 50
2 5 10 25 25 50
1 5 10 20 50 50
Case 711:
0 2 3 3 5 50
2 5 20 20 50 50
2 5 10 20 20 20
Case 712:
0 0 0 5 20 50
1 2 5 5 10 20
1 2 2 10 10 10
Case 713:
1 2 2 5 50 50
2 5 10 25 50 50
3 20 20 25 25 50
Case 714:
0 1 1 5 20 20
2 10 10 10 25 50
1 2 3 3 3 20
Case 715:
0 0 5 10 20 20
1 2 5 5 5 50
3 3 10 10 10 20
Case 716:
0 0 3 5 25 50
1 1 2 2 20 20
2 5 10 10 20 25
Case 717:
0 5 5 20 25 50
1 2 3 10 20 50
10 20 20 20 20 50
Case 718:
0 0 1 3 5 5
2 2 2 3 3 50
2 2 3 20 25 25
Case 719:
0 1 3 10 25 25
0 1 3 5 10 20
0 1 2 5 10 20
Case 720:
0 0 1 2 20 25
2 3 5 5 25 25
3 3 10 10 10 10
Case 721:
1 1 1 5 10 50
2 2 3 5 10 50
2 3 3 3 10 25
Case 722:
0 1 3 25 50 50
1 1 2 2 3 10
5 5 5 10 20 25
Case 723:
0 1 2 10 25 25
1 5 10 20 20 25
3 5 10 10 20 20
Case 724:
0 2 10 20 25 50
3 25 25 25 50 50
0 0 10 10 10 20
Case 725:
1 1 1 10 25 50
2 2 5 20 25 50
3 3 5 5 5 20
Case 726:
0 0 0 1 1 5
0 0 3 5 10 25
0 0 1 10 20 50
Case 727:
0 0 1 2 20 20
5 5 10 25 50 50
3 5 5 10 20 20
Case 728:
0 20 20 25 25 50
0 0 1 5 25 25
0 10 10 10 10 20
Case 729:
0 0 0 3 20 20
1 2 5 25 25 50
10 10 10 10 20 20
Case 730:
0 0 2 5 25 50
0 0 0 10 20 20
1 1 5 5 5 5
Case 731:
1 2 3 10 20 50
1 1 3 10 20 50
1 1 3 10 50 50
Case 732:
0 0 1 5 25 50
0 3 10 20 20 50
1 1 2 2 3 50
Case 733:
0 1 5 5 10 25
0 1 1 2 3 5
5 10 10 10 10 25
Case 734:
0 0 0 10 20 25
0 1 1 1 5 5
1 3 3 10 20 50
Case 735:
0 0 2 5 50 50
0 1 5 5 5 50
3 3 5 10 20 25
Case 736:
0 0 1 1 50 50
1 2 3 3 25 50
1 1 1 2 3 25
Case 737:
0 0 0 2 25 50
1 1 1 3 25 25
5 10 10 20 20 20
Case 738:
0 0 2 20 25 50
1 3 10 10 25 25
1 1 3 20 50 50
Case 739:
0 1 3 5 10 50
1 2 5 10 10 20
0 0 2 2 5 50
Case 740:
0 0 2 5 25 25
1 5 10 20 20 20
0 2 3 5 10 10
Case 741:
0 0 0 5 25 25
1 1 1 2 2 3
1 5 10 50 50 50
Case 742:
0 3 10 10 25 50
1 2 3 10 50 50
5 5 5 10 50 50
Case 743:
0 0 0 0 20 20
1 1 3 5 25 50
1 1 2 10 10 25
Case 744:
0 0 2 5 10 50
0 1 1 3 10 50
1 1 1 1 5 10
Case 745:
0 2 3 5 10 20
1 2 3 5 10 10
5 10 10 20 50 50
Case 746:
5 25 25 25 50 50
1 3 10 10 20 50
0 1 3 5 5 10
Case 747:
0 0 3 20 20 50
1 5 25 25 25 50
2 10 10 10 10 50
Case 748:
2 2 20 25 50 50
0 0 1 5 10 10
2 5 5 20 25 50
Case 749:
0 0 1 1 3 25
1 1 3 20 20 25
0 1 3 3 25 50
Case 750:
0 1 5 10 50 50
5 5 20 20 20 25
1 1 2 2 10 25
Case 751:
1 1 2 2 5 50
1 5 10 25 25 50
3 10 10 20 20 50
Case 752:
0 0 1 5 5 25
1 2 10 10 25 50
1 2 3 5 20 50
Case 753:
0 0 0 3 10 25
1 3 5 5 50 50
2 5 10 10 20 20
Case 754:
0 1 1 3 20 25
2 3 5 20 25 50
1 2 5 5 20 50
Case 755:
0 0 1 5 10 50
0 0 2 20 20 25
1 3 3 5 10 10
Case 756:
0 0 2 10 10 25
0 0 2 2 25 50
0 2 3 5 5 10
Case 757:
1 10 25 25 25 50
0 1 3 20 25 25
0 2 5 5 10 20
Case 758:
0 3 3 3 5 25
0 3 3 3 25 50
3 5 5 5 20 20
Case 759:
0 0 0 1 10 10
1 2 2 3 20 50
3 3 5 25 25 25
Case 760:
0 1 3 3 3 10
0 0 0 25 25 50
2 3 5 20 20 50
Case 761:
0 1 10 25 25 25
0 10 10 20 20 20
1 2 5 20 20 20
Case 762:
1 3 3 3 5 5
1 2 2 3 25 25
0 2 20 20 25 25
Case 763:
1 5 5 20 20 25
5 10 20 20 20 20
0 3 3 3 5 50
Case 764:
2 3 3 10 25 50
0 1 1 3 25 50
1 1 3 25 50 50
Case 765:
0 1 3 5 5 25
0 20 20 20 50 50
1 1 3 10 20 20
Case 766:
0 0 0 2 5 50
0 0 0 0 2 25
1 1 1 3 10 10
Case 767:
0 0 1 10 20 50
3 3 5 10 10 50
0 2 25 25 50 50
Case 768:
0 10 20 25 50 50
3 3 5 10 20 20
3 25 25 25 25 25
Case 769:
1 3 5 20 25 25
0 2 3 3 10 10
2 5 5 5 20 20
Case 770:
0 3 5 10 50 50
0 0 1 1 5 50
2 2 3 5 5 20
Case 771:
0 3 5 50 50 50
2 10 20 20 25 25
1 2 2 10 20 25
Case 772:
2 2 5 25 25 50
2 2 3 3 3 20
0 10 10 10 10 20
Case 773:
1 2 3 5 50 50
1 5 5 10 10 50
3 3 3 5 20 50
Case 774:
0 0 0 0 25 25
1 1 1 2 10 25
1 1 3 5 5 20
Case 775:
0 0 10 25 50 50
0 5 5 10 20 20
2 2 3 20 20 50
Case 776:
0 0 3 10 25 50
0 0 1 2 5 20
0 1 1 2 10 20
Case 777:
1 1 2 20 50 50
1 1 3 50 50 50
5 5 10 20 20 25
Case 778:
1 2 3 3 5 50
0 1 1 25 50 50
0 0 1 20 25 25
Case 779:
1 1 3 5 50 50
5 5 5 10 10 20
2 20 20 20 25 25
Case 780:
0 3 5 10 25 50
2 2 10 20 20 25
2 2 2 5 5 20
Case 781:
0 1 3 5 20 25
1 5 10 10 25 50
1 2 5 5 50 50
Case 782:
0 2 5 25 50 50
5 5 10 25 50 50
1 1 20 20 20 25
Case 783:
1 1 2 3 25 25
5 10 10 20 20 50
5 10 20 20 20 20
Case 784:
0 3 10 50 50 50
0 2 3 3 25 50
1 2 2 2 50 50
Case 785:
0 3 5 5 5 25
1 1 5 10 20 20
0 3 3 5 5 50
Case 786:
0 1 2 10 25 50
1 1 3 10 25 25
1 3 10 20 20 50
Case 787:
1 2 5 10 25 50
2 2 3 5 20 25
5 5 10 10 25 25
Case 788:
0 0 3 10 10 50
2 5 10 20 25 50
3 5 5 5 5 20
Case 789:
0 2 2 5 50 50
0 2 5 5 50 50
2 3 25 25 25 50
Case 790:
0 0 0 3 25 50
1 5 20 25 50 50
3 3 3 3 5 20
Case 791:
0 2 2 2 3 5
0 2 10 50 50 50
2 2 2 3 20 25
Case 792:
0 5 25 25 50 50
1 1 10 20 20 20
0 1 5 5 10 10
Case 793:
0 0 1 2 10 50
3 3 5 5 5 20
1 3 10 20 20 25
Case 794:
0 0 0 2 3 25
0 1 1 2 2 25
2 2 2 5 5 25
Case 795:
0 0 2 5 25 50
1 5 5 20 25 25
3 5 10 10 20 20
Case 796:
2 5 10 10 25 50
1 3 20 20 25 25
1 2 3 3 3 3
Case 797:
0 0 0 1 2 20
1 2 10 10 25 50
3 5 5 10 25 50
Case 798:
0 0 1 2 20 20
3 5 5 25 50 50
2 3 3 5 10 10
Case 799:
0 1 1 2 2 25
1 5 5 10 20 50
2 3 3 5 10 20
Case 800:
0 0 1 1 10 50
2 3 3 20 25 25
1 2 3 3 20 25
Case 801:
0 0 0 2 20 50
0 5 5 10 25 25
1 2 10 20 20 20
Case 802:
1 3 20 50 50 50
0 0 3 25 25 25
2 5 10 20 20 25
Case 803:
0 3 5 25 25 50
1 2 3 10 10 25
1 5 5 5 10 20
Case 804:
0 1 1 5 25 25
1 2 3 3 5 20
1 3 10 20 20 20
Case 805:
0 0 1 2 5 10
2 2 2 3 25 25
2 2 3 10 10 50
Case 806:
1 10 20 20 25 50
1 2 10 20 25 50
1 2 2 3 10 10
Case 807:
0 0 2 3 10 50
2 3 3 25 25 25
5 10 10 10 20 20
Case 808:
0 0 0 25 25 50
1 5 10 10 20 20
2 2 3 3 5 5
Case 809:
0 2 2 5 20 25
1 2 5 5 20 50
0 1 5 20 50 50
Case 810:
1 3 5 25 25 50
0 0 1 2 2 20
2 3 10 10 10 10
Case 811:
0 0 1 3 5 50
0 0 2 2 5 20
1 5 20 20 25 50
Case 812:
0 0 1 2 10 25
3 5 5 10 25 50
5 20 20 20 20 50
Case 813:
2 20 20 20 25 50
2 3 3 5 5 10
0 2 2 3 25 25
Case 814:
0 1 1 10 50 50
0 1 5 5 5 50
3 3 20 20 25 25
Case 815:
0 2 5 10 25 50
0 1 2 20 50 50
1 2 5 25 25 25
Case 816:
0 0 0 3 5 5
0 1 3 20 25 50
1 1 1 2 3 50
Case 817:
0 0 2 3 50 50
10 10 10 25 25 25
1 1 1 2 5 20
Case 818:
0 0 3 3 20 20
5 5 10 10 25 25
3 10 10 25 50 50
Case 819:
0 0 5 10 50 50
0 1 20 25 25 50
2 10 10 20 20 20
Case 820:
0 3 5 10 10 20
0 1 5 50 50 50
1 1 1 1 1 20
Case 821:
0 0 1 2 20 20
0 10 10 10 50 50
1 1 1 5 10 25
Case 822:
0 1 3 10 25 50
0 0 2 3 5 10
1 10 10 25 25 25
Case 823:
0 1 5 5 10 50
3 20 20 20 20 25
2 5 10 10 10 20
Case 824:
0 1 5 5 20 25
0 1 5 20 20 20
3 3 3 10 25 50
Case 825:
0 0 0 2 20 20
0 0 2 5 20 50
1 1 2 2 50 50
Case 826:
0 3 10 25 25 50
1 3 5 5 20 25
1 3 10 10 20 20
Case 827:
0 1 1 3 10 50
1 2 2 10 20 50
1 2 25 25 25 50
Case 828:
0 0 1 5 50 50
2 3 10 10 50 50
3 20 20 25 25 50
Case 829:
0 2 3 5 50 50
1 3 10 10 20 25
2 2 2 5 5 20
Case 830:
0 1 2 2 5 20
3 3 3 10 50 50
10 20 20 25 50 50
Case 831:
0 2 5 10 25 50
1 1 5 10 20 25
1 1 3 3 10 50
Case 832:
0 0 0 2 3 10
1 2 3 5 5 25
1 1 3 3 5 20
Case 833:
0 1 2 5 25 50
1 3 5 5 20 50
2 20 25 25 25 25
Case 834:
3 5 10 50 50 50
1 3 20 25 50 50
0 0 3 20 20 25
Case 835:
0 0 1 1 3 50
0 5 5 10 20 50
1 2 3 5 10 20
Case 836:
1 5 10 25 50 50
1 2 2 20 20 25
0 1 1 2 20 25
Case 837:
0 0 2 5 50 50
3 3 10 25 25 25
1 3 3 3 10 50
Case 838:
0 1 1 5 25 25
5 20 20 20 25 50
2 5 10 10 20 20
Case 839:
0 1 2 3 10 50
1 3 20 50 50 50
2 2 5 5 10 25
Case 840:
0 3 3 5 50 50
1 3 3 10 20 50
3 10 20 50 50 50
Case 841:
0 0 2 2 2 5
1 2 5 20 50 50
2 3 5 5 25 25
Case 842:
1 1 20 25 50 50
1 2 2 3 25 50
2 2 2 2 2 20
Case 843:
0 1 2 2 3 20
2 2 10 10 10 10
0 1 25 25 25 50
Case 844:
0 1 1 10 20 20
2 2 3 3 3 50
2 2 10 10 50 50
Case 845:
0 0 0 3 3 50
2 5 20 20 25 50
1 2 2 2 2 50
Case 846:
0 0 1 3 5 50
0 1 3 10 20 25
2 2 3 20 25 25
Case 847:
2 2 3 10 10 20
2 3 5 5 20 50
2 5 10 20 50 50
Case 848:
0 0 2 2 25 50
0 5 25 25 25 50
1 2 2 10 10 20
Case 849:
1 1 1 2 10 50
1 5 5 25 25 50
3 5 10 25 25 50
Case 850:
0 0 10 20 20 50
2 2 3 5 20 50
2 3 3 25 25 50
Case 851:
0 10 10 10 20 25
0 1 2 50 50 50
2 2 5 10 10 50
Case 852:
2 5 10 20 50 50
3 3 10 25 25 50
2 3 10 20 50 50
Case 853:
0 0 10 50 50 50
3 5 10 20 20 25
0 1 1 2 5 5
Case 854:
0 1 2 10 10 50
1 2 20 20 25 50
1 2 5 5 5 25
Case 855:
0 0 2 2 5 10
1 1 1 2 2 25
3 3 10 20 25 50
Case 856:
0 0 10 10 20 25
1 1 3 3 25 50
1 10 10 10 25 25
Case 857:
0 0 0 1 20 25
1 2 10 10 20 20
1 2 3 10 25 50
Case 858:
0 0 3 5 10 50
1 1 1 20 25 25
2 3 3 25 25 50
Case 859:
0 0 2 5 25 50
1 2 3 5 20 50
2 3 10 20 25 25
Case 860:
0 0 2 20 25 50
0 1 2 10 10 25
1 2 5 5 5 10
Case 861:
0 1 3 3 20 50
0 3 3 5 10 20
0 0 3 5 20 50
Case 862:
0 0 1 3 20 25
0 0 1 2 3 50
1 1 2 10 10 20
Case 863:
0 1 3 20 25 50
1 3 3 5 10 50
2 2 2 5 5 20
Case 864:
0 10 25 25 25 50
2 3 10 20 25 25
2 3 3 5 5 20
Case 865:
0 10 20 25 25 50
2 10 10 20 25 25
1 3 3 10 10 10
Case 866:
0 1 5 5 25 50
2 2 3 5 5 50
2 2 3 3 3 25
Case 867:
0 0 0 3 10 25
1 1 2 5 20 25
2 3 3 3 25 50
Case 868:
1 2 5 10 10 20
1 10 20 25 50 50
3 5 10 10 50 50
Case 869:
0 0 2 5 50 50
0 1 1 3 5 25
3 3 10 20 20 25
Case 870:
0 2 20 20 20 50
1 3 10 10 25 50
1 3 20 25 25 25
Case 871:
0 0 0 0 25 50
0 3 5 5 20 20
2 5 10 10 20 25
Case 872:
0 0 1 5 5 25
1 2 3 10 10 20
1 2 2 3 3 3
Case 873:
0 0 2 20 20 50
1 5 5 10 10 25
1 2 3 3 10 50
Case 874:
0 0 2 10 25 50
2 3 5 5 50 50
1 2 2 5 5 25
Case 875:
0 0 1 3 5 10
0 0 3 20 25 50
0 1 1 2 3 10
Case 876:
0 0 3 5 25 25
1 5 10 10 20 20
1 1 2 2 2 20
Case 877:
0 0 1 3 3 10
2 2 3 5 25 50
3 5 5 10 10 20
Case 878:
1 3 5 5 5 50
0 0 1 2 5 20
1 2 2 3 5 5
Case 879:
0 0 1 1 10 50
3 5 10 20 25 25
2 3 3 3 20 25
Case 880:
1 3 5 10 25 50
0 0 0 1 1 5
2 2 2 2 5 50
Case 881:
0 0 25 25 50 50
1 1 1 25 25 50
0 1 5 10 20 20
Case 882:
0 1 1 25 50 50
0 3 5 5 25 25
1 1 1 10 10 25
Case 883:
1 2 2 20 50 50
1 2 20 20 25 50
2 2 3 5 20 50
Case 884:
0 0 0 1 10 50
1 2 2 3 5 5
3 3 20 25 25 25
Case 885:
0 1 3 5 10 25
2 10 10 25 25 50
0 0 1 2 5 25
Case 886:
0 1 1 5 20 50
5 10 10 10 20 50
1 1 2 3 5 50
Case 887:
1 3 5 10 50 50
0 2 3 3 20 50
0 0 1 2 2 10
Case 888:
0 0 2 3 20 50
1 5 25 50 50 50
1 2 2 3 10 20
Case 889:
0 0 1 3 5 50
1 20 20 20 25 25
0 1 5 10 10 25
Case 890:
0 3 20 25 25 25
1 1 5 10 10 10
3 3 10 20 20 25
Case 891:
1 1 2 20 20 50
1 3 5 5 10 25
2 5 10 20 25 25
Case 892:
0 1 5 10 10 50
2 3 5 10 10 50
1 3 5 25 50 50
Case 893:
0 0 1 3 25 25
1 5 10 10 20 50
2 20 25 25 25 25
Case 894:
1 1 3 5 10 25
1 1 2 2 5 50
2 3 3 3 10 20
Case 895:
0 0 0 0 10 20
1 2 5 5 20 50
2 3 3 3 5 10
Case 896:
1 1 1 25 25 50
3 5 10 10 50 50
2 2 10 10 50 50
Case 897:
1 1 1 1 10 25
2 3 5 5 20 20
2 2 3 5 20 20
Case 898:
0 1 1 2 10 50
0 5 10 20 25 50
0 1 10 10 20 50
Case 899:
5 5 5 5 20 50
2 5 5 20 20 25
2 5 10 10 25 25
Case 900:
1 3 5 25 50 50
0 2 10 10 20 50
1 3 3 20 25 50
Case 901:
0 1 1 5 10 50
2 2 3 25 25 25
3 5 10 20 20 25
Case 902:
2 10 20 50 50 50
1 1 3 10 20 50
2 3 5 10 20 50
Case 903:
1 2 3 20 25 50
1 5 5 25 25 50
2 3 3 3 5 20
Case 904:
0 0 3 20 50 50
0 2 5 10 10 20
1 2 2 2 10 25
Case 905:
0 0 3 3 10 50
0 1 3 20 25 50
0 1 1 1 2 20
Case 906:
0 0 1 1 2 20
2 3 5 20 20 20
3 3 10 10 10 50
Case 907:
0 1 10 25 25 50
1 1 2 25 25 25
3 3 3 20 50 50
Case 908:
0 0 2 3 10 25
1 1 3 3 5 25
2 2 5 5 10 20
Case 909:
0 0 0 0 20 50
1 3 5 5 20 20
1 1 10 10 25 50
Case 910:
2 2 5 25 50 50
0 2 2 5 20 50
0 0 1 1 2 10
Case 911:
0 0 0 1 20 50
5 20 25 50 50 50
2 5 10 10 20 50
Case 912:
0 0 1 1 3 5
1 1 3 5 20 25
2 2 2 3 3 20
Case 913:
0 1 1 1 3 50
1 2 3 3 20 50
2 5 5 20 25 50
Case 914:
0 0 0 1 25 50
0 2 2 3 50 50
1 2 2 10 20 20
Case 915:
0 0 1 2 20 25
0 1 5 5 10 50
5 5 20 20 25 50
Case 916:
0 0 2 10 10 50
1 3 3 3 20 25
0 3 5 5 25 50
Case 917:
0 3 3 3 5 25
0 2 3 10 20 25
0 0 3 20 50 50
Case 918:
1 3 5 20 25 50
1 2 3 20 50 50
0 1 1 2 2 2
Case 919:
0 2 5 20 20 50
1 2 3 10 10 20
3 10 20 20 20 25
Case 920:
0 2 3 20 20 50
1 2 2 5 10 50
1 2 5 25 25 25
Case 921:
0 1 1 50 50 50
1 5 10 20 50 50
0 1 1 3 5 20
Case 922:
0 0 10 25 50 50
0 3 5 10 20 20
3 5 10 10 10 20
Case 923:
0 0 2 20 50 50
1 1 2 2 20 25
1 2 5 20 25 50
Case 924:
0 1 2 3 10 50
1 2 3 20 25 50
2 2 20 20 20 20
Case 925:
0 1 1 3 20 20
1 2 3 25 50 50
1 2 2 5 10 25
Case 926:
0 2 3 5 10 50
3 5 5 5 5 10
1 1 3 3 3 10
Case 927:
0 0 1 5 20 50
0 1 2 2 20 50
3 3 5 5 10 10
Case 928:
0 3 5 25 25 50
1 1 3 10 10 50
1 3 20 20 25 50
Case 929:
0 2 5 10 50 50
2 3 3 5 20 25
2 3 5 20 20 50
Case 930:
0 0 0 10 25 25
0 2 3 3 3 10
3 5 10 20 20 50
Case 931:
2 5 20 20 50 50
1 1 2 5 10 50
2 3 3 5 20 50
Case 932:
0 0 1 3 5 25
1 1 3 3 10 20
1 2 2 2 20 50
Case 933:
2 5 5 10 10 50
0 1 1 2 2 5
2 20 20 20 20 20
Case 934:
0 0 10 25 50 50
2 5 5 20 25 50
2 3 10 10 20 50
Case 935:
0 0 0 0 20 50
2 3 5 10 25 25
5 5 10 10 25 25
Case 936:
1 3 3 3 5 25
2 3 3 5 50 50
1 1 3 3 10 25
Case 937:
1 3 5 5 50 50
1 5 5 10 25 50
0 2 3 3 25 50
Case 938:
0 0 1 3 50 50
0 5 5 20 25 25
0 1 1 2 3 20
Case 939:
0 3 5 10 20 50
0 0 2 10 20 50
0 1 5 5 5 5
Case 940:
0 0 0 0 10 20
1 2 3 5 10 50
1 2 5 5 5 50
Case 941:
0 0 5 5 10 25
2 10 20 25 25 50
1 1 2 2 3 10
Case 942:
1 2 5 10 50 50
1 3 3 5 5 5
1 3 10 20 25 50
Case 943:
0 0 2 3 10 50
3 10 20 20 20 25
1 2 10 10 20 20
Case 944:
0 0 3 20 20 20
0 0 5 5 10 25
3 20 25 25 50 50
Case 945:
0 3 5 50 50 50
0 1 5 20 20 25
2 5 10 10 25 25
Case 946:
0 0 1 3 5 10
1 20 25 25 50 50
1 1 2 3 10 25
Case 947:
2 5 10 25 50 50
0 0 3 20 50 50
1 1 5 5 10 25
Case 948:
0 3 20 25 25 25
1 1 2 3 10 20
2 2 3 3 5 20
Case 949:
2 5 5 25 50 50
1 2 10 10 50 50
3 3 20 20 25 25
Case 950:
0 1 2 5 5 20
3 10 10 25 25 25
1 3 5 5 25 25
Case 951:
0 1 3 10 20 20
1 1 2 2 3 3
2 2 2 20 25 50
Case 952:
2 2 3 10 10 50
5 5 10 20 20 20
2 10 10 20 20 25
Case 953:
0 10 10 25 50 50
2 2 5 5 5 5
1 2 2 20 20 25
Case 954:
0 2 3 3 10 25
1 1 3 10 50 50
0 0 3 3 10 50
Case 955:
0 0 3 10 25 50
2 2 2 20 20 50
0 2 5 5 20 20
Case 956:
0 1 2 3 10 50
1 2 5 5 10 50
2 5 10 20 25 50
Case 957:
0 0 3 10 20 50
1 3 25 25 25 50
0 1 2 3 20 25
Case 958:
0 0 3 5 50 50
0 0 2 2 3 25
5 5 5 10 20 20
Case 959:
0 0 0 5 20 50
2 2 3 5 10 20
3 20 25 25 50 50
Case 960:
0 0 0 2 25 50
3 5 20 25 25 50
2 5 5 5 20 50
Case 961:
0 0 1 5 25 25
0 5 5 5 10 20
2 2 2 2 3 3
Case 962:
0 3 3 5 5 25
1 2 2 20 20 25
3 20 20 20 50 50
Case 963:
0 0 0 5 5 25
1 2 3 10 25 25
2 2 3 3 20 20
Case 964:
1 3 10 25 50 50
3 5 5 25 50 50
0 0 1 20 25 50
Case 965:
0 0 3 5 10 10
1 2 3 3 5 5
5 5 5 20 25 50
Case 966:
0 0 1 2 2 5
0 0 1 1 2 10
1 5 10 25 50 50
Case 967:
0 1 3 5 5 50
2 3 10 25 25 50
3 5 20 20 20 25
Case 968:
0 0 2 3 10 25
1 2 5 5 25 25
1 2 3 10 10 10
Case 969:
0 0 0 0 2 50
0 0 0 2 5 20
1 10 10 10 10 20
Case 970:
0 1 3 10 20 50
0 1 2 2 3 10
0 1 1 2 2 10
Case 971:
0 0 1 3 10 50
0 0 3 20 25 50
1 2 2 2 20 50
Case 972:
2 3 3 5 5 25
0 0 1 1 2 50
2 2 2 20 25 25
Case 973:
0 0 2 3 3 5
0 0 0 1 20 25
0 2 2 3 50 50
Case 974:
0 0 1 3 3 20
2 2 5 20 25 50
1 1 10 10 50 50
Case 975:
0 0 0 5 25 50
1 3 20 25 50 50
1 2 2 3 20 20
Case 976:
20 20 50 50 50 50
0 1 2 3 20 50
1 2 2 2 5 25
Case 977:
1 3 5 5 25 50
10 10 20 20 25 25
0 0 2 2 2 5
Case 978:
1 2 3 5 5 20
2 2 10 10 20 20
3 3 3 10 25 25
Case 979:
0 1 10 25 25 25
0 0 2 2 2 2
3 3 3 3 5 5
Case 980:
0 0 1 1 25 50
1 1 1 3 25 25
5 5 5 10 20 20
Case 981:
0 0 1 1 2 3
2 5 10 10 25 50
2 3 3 5 10 50
Case 982:
0 3 20 20 50 50
0 0 0 1 10 50
2 3 5 20 25 25
Case 983:
0 2 10 10 50 50
1 3 5 5 5 5
2 3 3 5 5 20
Case 984:
0 1 3 3 25 50
1 1 1 1 50 50
2 3 10 25 25 25
Case 985:
1 2 2 3 20 25
2 3 3 5 20 20
2 2 3 5 10 50
Case 986:
5 20 25 50 50 50
1 2 10 10 20 20
1 1 2 2 10 10
Case 987:
1 2 2 3 25 25
2 5 10 20 20 50
1 5 10 10 10 20
Case 988:
0 1 5 20 20 20
2 5 20 50 50 50
1 2 3 25 25 25
Case 989:
0 0 3 5 20 50
2 3 20 25 50 50
1 2 3 3 20 50
Case 990:
0 1 3 5 10 25
1 3 3 20 25 50
2 2 3 3 5 20
Case 991:
0 2 5 20 20 50
2 10 10 25 50 50
1 3 3 3 10 50
Case 992:
2 5 10 50 50 50
0 0 2 5 25 50
0 0 2 10 20 20
Case 993:
1 1 3 20 25 50
1 3 10 10 50 50
2 2 3 5 20 50
Case 994:
1 2 5 5 50 50
2 2 5 10 25 50
0 0 1 25 25 50
Case 995:
0 2 2 10 20 50
0 1 20 25 25 50
0 0 1 1 1 10
Case 996:
0 3 3 5 10 20
0 1 3 3 20 50
0 0 1 1 2 2
Case 997:
0 0 5 20 25 50
1 10 20 20 20 25
0 0 1 2 2 10
Case 998:
1 1 1 1 3 10
1 3 5 5 5 50
1 2 2 3 20 50
Case 999:
0 3 5 10 20 50
1 3 3 5 5 10
2 2 20 20 20 25
Case 1000:
0 2 5 5 10 50
1 2 2 2 3 3
3 5 20 20 25 50
