Case 1: 15
3 3
Case 2: 34
2 2
2 3
Case 3: 34
4 4
2 4
Case 4: 2001
1 1
3 2
5 3
Case 5: 2001
1 3
2 2
3 1
Case 6: 1695
1 10
14 12
8 6
13 6
10 12
8 13
15 9
11 13
2 9
1 9
11 1
3 14
8 14
Case 7: 671
10 8
10 3
6 10
2 8
4 11
5 9
9 9
Case 8: 369
8 9
5 4
4 9
9 6
6 5
7 8
6 9
Case 9: 1695
9 1
Case 10: 1105
12 2
10 6
12 13
13 4
12 10
2 10
1 8
Case 11: 175
7 6
Case 12: 1695
4 7
3 8
Case 13: 369
1 8
5 4
Case 14: 65
1 4
5 3
Case 15: 1695
2 14
13 8
1 11
1 4
2 10
11 1
10 6
Case 16: 671
10 4
8 5
7 6
6 1
Case 17: 65
1 5
2 3
Case 18: 1695
10 13
9 12
13 3
3 8
8 3
10 11
15 2
7 1
7 2
1 5
Case 19: 175
6 4
3 1
5 5
7 3
Case 20: 15
2 3
Case 21: 369
8 3
5 3
3 3
5 1
4 5
6 8
Case 22: 1695
5 4
11 6
1 13
Case 23: 369
4 1
9 4
4 8
6 8
Case 24: 15
3 2
Case 25: 369
3 6
Case 26: 1695
11 12
1 3
14 7
15 11
11 9
Case 27: 1105
10 13
9 12
9 6
9 3
7 2
2 8
8 3
8 6
Case 28: 369
4 9
4 4
6 3
4 8
8 5
6 1
9 2
Case 29: 1105
5 1
3 12
3 10
5 12
8 1
11 6
13 12
3 13
9 5
Case 30: 1105
3 6
5 12
2 4
2 13
Case 31: 1105
7 5
12 13
5 7
13 4
12 1
3 3
Case 32: 1695
7 3
5 13
7 14
4 3
10 12
15 11
4 15
3 1
14 8
2 14
7 8
Case 33: 175
6 6
Case 34: 175
6 2
7 1
6 4
4 7
3 2
Case 35: 1695
4 8
2 5
13 8
5 2
15 9
15 11
1 12
12 3
Case 36: 369
9 6
6 3
9 7
3 9
5 3
2 2
Case 37: 15
3 3
Case 38: 1695
10 10
3 7
12 3
6 3
3 15
6 7
12 12
2 5
11 15
7 11
Case 39: 1695
6 11
6 5
Case 40: 671
10 2
3 7
2 6
4 6
2 3
6 4
11 11
Case 41: 15
3 1
Case 42: 369
5 7
1 1
9 6
Case 43: 175
3 6
5 3
6 1
Case 44: 671
9 7
4 1
10 4
5 6
6 5
1 3
Case 45: 369
8 4
Case 46: 175
4 6
6 3
4 4
Case 47: 175
2 3
Case 48: 1695
11 7
1 14
12 4
10 9
15 6
7 13
6 15
12 2
1 1
11 10
Case 49: 65
5 3
Case 50: 369
7 9
3 6
2 1
9 8
6 6
Case 51: 175
4 2
3 6
5 6
4 1
Case 52: 65
5 1
2 5
Case 53: 175
4 7
5 6
5 7
3 3
Case 54: 1695
9 13
3 4
11 2
4 10
3 3
4 9
10 10
14 7
15 3
8 11
6 9
10 9
Case 55: 671
8 10
5 5
Case 56: 1695
3 8
3 13
2 6
6 11
8 11
Case 57: 65
3 1
Case 58: 175
3 4
Case 59: 671
8 4
7 7
1 11
9 10
5 9
Case 60: 369
6 4
3 2
9 6
7 2
9 5
Case 61: 15
2 1
Case 62: 1105
8 2
2 1
1 10
8 7
11 3
10 1
11 2
8 10
Case 63: 15
3 1
Case 64: 1695
12 1
11 7
15 2
11 6
10 14
2 5
Case 65: 369
2 3
Case 66: 369
1 7
Case 67: 175
1 7
Case 68: 671
2 1
8 8
7 1
10 4
1 9
7 3
5 6
10 3
Case 69: 1105
13 6
4 1
11 8
12 8
8 2
3 2
12 9
7 7
11 11
Case 70: 175
2 2
2 1
Case 71: 175
6 5
6 6
4 6
1 1
Case 72: 671
7 3
7 1
8 2
3 5
7 11
Case 73: 1695
4 12
7 3
Case 74: 671
10 10
8 1
8 5
10 5
3 5
5 7
6 1
Case 75: 369
3 6
Case 76: 175
1 4
3 3
5 1
7 3
7 4
Case 77: 65
2 2
1 3
Case 78: 175
5 1
Case 79: 65
2 5
1 4
Case 80: 1695
11 10
11 13
6 6
9 14
15 7
2 12
14 15
12 14
12 1
13 7
1 1
12 6
Case 81: 671
9 9
2 6
11 4
1 6
Case 82: 1105
8 5
13 9
7 4
5 12
10 10
Case 83: 1105
1 5
Case 84: 1105
2 6
13 5
Case 85: 1695
1 1
6 6
1 6
15 6
1 2
7 4
1 15
15 15
3 1
12 14
Case 86: 369
1 6
7 3
6 1
4 3
Case 87: 369
6 4
Case 88: 369
8 2
3 8
8 8
1 9
2 2
2 9
Case 89: 1695
9 11
7 10
11 11
3 2
6 9
15 2
14 8
6 10
8 8
15 7
7 12
10 3
12 7
Case 90: 369
5 1
Case 91: 65
1 5
Case 92: 369
7 9
8 2
2 7
7 8
5 4
Case 93: 175
2 5
6 6
5 5
3 7
Case 94: 1105
3 4
12 3
12 2
4 9
6 10
13 10
Case 95: 369
1 7
7 4
3 7
6 3
5 9
9 3
Case 96: 1695
11 2
5 10
15 9
7 5
15 8
1 15
11 11
2 3
14 3
Case 97: 369
4 5
1 3
5 3
4 3
7 3
Case 98: 369
1 9
6 8
8 1
8 4
5 6
7 6
8 5
Case 99: 175
7 3
6 4
Case 100: 15
3 3
Case 101: 65
3 2
3 4
5 3
Case 102: 369
8 1
Case 103: 1695
11 9
7 9
6 2
6 14
2 5
5 15
7 8
Case 104: 1695
2 3
8 1
15 11
4 11
9 9
4 6
2 14
Case 105: 65
3 3
Case 106: 1105
1 5
2 1
6 4
13 12
5 10
9 12
6 13
11 8
1 7
Case 107: 369
4 4
2 5
2 2
2 8
8 3
6 9
4 3
Case 108: 1105
13 3
12 5
2 11
12 4
6 7
5 7
Case 109: 65
1 1
Case 110: 369
3 4
4 6
4 5
1 4
2 4
4 7
Case 111: 175
2 2
7 6
4 6
3 1
6 5
Case 112: 1105
4 13
2 1
3 2
3 9
1 9
3 6
11 2
7 9
5 12
Case 113: 1105
9 11
7 6
1 1
11 6
13 12
Case 114: 369
7 1
Case 115: 369
3 7
5 8
9 3
Case 116: 175
3 7
2 4
7 4
5 7
1 7
Case 117: 671
8 8
1 11
8 7
4 3
Case 118: 1695
7 5
1 12
15 7
Case 119: 671
7 9
3 3
8 7
8 11
Case 120: 1695
10 14
8 3
4 15
2 11
6 15
8 13
12 7
12 6
11 11
7 1
12 4
Case 121: 1105
3 4
10 9
Case 122: 175
2 2
7 1
7 3
4 3
Case 123: 671
1 4
11 7
9 11
Case 124: 671
4 7
2 9
10 7
4 9
6 2
9 5
5 10
6 8
Case 125: 369
9 2
5 1
9 3
1 1
4 5
Case 126: 369
6 3
2 6
2 3
1 9
3 1
Case 127: 1695
7 15
14 1
5 1
7 13
3 10
14 13
11 13
Case 128: 1695
13 7
8 12
Case 129: 369
4 1
9 1
2 1
7 3
1 5
9 8
9 6
Case 130: 1105
12 10
4 2
12 8
12 6
5 7
2 6
7 13
5 2
6 2
2 8
Case 131: 65
3 3
Case 132: 65
2 1
3 5
Case 133: 671
6 4
2 8
11 9
1 3
8 4
3 7
8 7
2 11
Case 134: 15
3 2
Case 135: 175
1 1
4 1
4 5
Case 136: 1105
10 9
1 8
10 8
8 5
5 5
4 5
4 3
9 3
9 13
3 9
Case 137: 65
2 4
4 1
3 1
Case 138: 1105
13 5
6 7
12 11
13 4
4 6
Case 139: 369
4 8
Case 140: 1105
6 10
7 5
8 13
5 6
5 1
5 7
7 10
2 7
9 2
Case 141: 1105
1 3
6 1
Case 142: 65
1 4
Case 143: 369
7 7
8 6
Case 144: 671
5 9
Case 145: 1105
7 12
11 7
2 6
9 5
9 13
1 1
10 8
1 12
10 1
8 6
Case 146: 369
9 8
7 9
1 3
1 7
5 5
Case 147: 369
7 6
1 3
5 6
6 3
Case 148: 1695
12 11
3 4
4 14
15 13
11 1
10 8
1 12
12 10
Case 149: 15
1 2
Case 150: 65
2 3
Case 151: 1695
11 3
3 2
15 13
9 10
6 2
13 7
9 1
1 11
11 8
13 14
1 5
Case 152: 175
2 5
5 4
4 7
Case 153: 1105
3 12
1 9
6 9
4 11
2 12
3 7
9 11
Case 154: 175
2 7
1 1
3 5
4 6
Case 155: 15
2 3
Case 156: 369
2 9
Case 157: 671
1 2
11 7
1 6
9 4
3 3
1 4
Case 158: 369
1 1
6 5
4 6
2 3
Case 159: 1105
10 8
6 7
8 12
13 3
8 6
4 6
Case 160: 1695
3 3
Case 161: 15
2 3
Case 162: 369
9 8
4 9
5 7
7 2
7 8
8 2
Case 163: 1105
12 9
3 13
7 4
1 3
7 8
12 2
Case 164: 369
7 8
9 3
5 6
4 2
2 9
4 1
Case 165: 369
1 4
Case 166: 369
6 7
9 4
Case 167: 671
9 1
1 4
Case 168: 1105
3 9
13 3
Case 169: 15
1 3
Case 170: 1105
9 3
5 12
1 13
Case 171: 671
11 11
2 7
Case 172: 175
6 5
6 7
3 4
Case 173: 1105
10 7
5 5
12 10
5 1
11 1
10 2
10 11
1 6
1 7
2 6
Case 174: 175
6 6
5 4
Case 175: 65
3 5
Case 176: 175
6 1
1 3
3 4
4 3
6 3
Case 177: 369
1 7
7 4
5 5
1 3
2 2
Case 178: 65
4 4
2 1
Case 179: 175
3 7
Case 180: 671
2 11
11 7
1 6
2 6
Case 181: 671
1 4
5 2
6 5
7 2
4 10
8 11
11 1
Case 182: 1105
8 8
11 5
9 5
11 6
6 8
10 13
12 2
9 10
13 13
Case 183: 175
4 4
6 6
7 1
3 3
7 3
Case 184: 671
6 3
4 2
7 10
5 11
3 10
7 8
9 7
Case 185: 1105
11 4
9 1
1 7
3 2
1 12
13 12
4 4
Case 186: 671
3 2
7 5
11 2
1 6
9 10
10 3
Case 187: 1105
4 4
Case 188: 65
1 3
3 2
Case 189: 1105
8 10
9 9
4 1
Case 190: 671
8 6
4 11
1 1
10 11
Case 191: 369
6 5
2 8
2 6
Case 192: 1105
1 11
1 6
11 10
6 11
13 11
4 12
Case 193: 175
4 7
7 6
Case 194: 369
4 5
7 3
1 7
6 2
6 6
3 1
Case 195: 671
5 11
Case 196: 369
2 4
5 5
3 8
1 7
9 3
Case 197: 65
3 4
Case 198: 1105
1 1
12 11
Case 199: 671
4 9
9 3
10 8
8 10
Case 200: 65
2 2
5 1
5 2
Case 201: 671
11 9
4 2
Case 202: 1105
11 8
8 5
3 2
1 13
3 12
13 1
7 13
3 13
4 1
Case 203: 369
5 5
Case 204: 671
5 7
3 3
10 1
Case 205: 65
1 1
1 2
Case 206: 15
1 1
Case 207: 65
5 5
Case 208: 65
5 5
4 1
Case 209: 175
3 4
1 4
Case 210: 1695
15 13
12 7
14 9
Case 211: 1695
3 6
4 1
13 10
15 6
2 10
13 9
Case 212: 1105
13 10
2 8
10 3
7 4
8 13
1 9
7 8
Case 213: 671
11 11
7 10
Case 214: 175
3 7
3 4
3 1
Case 215: 15
1 2
Case 216: 65
3 1
Case 217: 1695
4 10
3 14
7 2
3 12
14 9
4 12
Case 218: 65
5 4
2 4
Case 219: 175
7 2
7 4
1 5
5 3
Case 220: 175
6 6
3 2
6 2
Case 221: 1695
9 4
14 11
4 10
8 12
12 11
4 7
10 4
5 14
8 8
12 3
Case 222: 671
10 10
5 5
7 4
5 11
Case 223: 369
1 8
1 7
2 1
9 1
Case 224: 1105
3 5
2 3
Case 225: 1695
11 1
11 4
14 11
2 14
4 11
Case 226: 369
8 8
Case 227: 1105
11 6
9 2
11 10
5 9
Case 228: 1695
1 11
3 14
Case 229: 671
4 6
9 3
11 1
3 11
4 11
6 7
2 6
6 8
Case 230: 1695
12 14
5 7
4 3
2 7
3 15
12 2
12 6
Case 231: 15
1 1
Case 232: 1105
9 12
3 9
2 3
5 6
1 4
3 13
13 8
4 10
12 8
4 6
Case 233: 65
1 3
2 1
Case 234: 1695
8 2
Case 235: 369
2 6
3 6
6 9
Case 236: 671
2 8
6 3
11 9
3 11
1 7
5 1
10 7
2 6
9 5
Case 237: 175
2 1
Case 238: 65
3 4
5 2
Case 239: 175
6 4
5 3
3 4
Case 240: 369
6 4
6 7
2 4
Case 241: 15
2 2
Case 242: 65
1 4
2 1
Case 243: 369
7 3
8 4
4 2
Case 244: 671
3 5
5 4
4 7
9 1
8 8
3 4
10 5
1 10
4 8
Case 245: 65
4 4
Case 246: 1695
11 14
Case 247: 369
4 6
2 7
8 8
1 1
5 7
3 7
Case 248: 369
8 7
1 2
6 1
7 6
Case 249: 1105
9 10
12 7
2 2
1 5
5 10
11 6
2 3
12 9
4 6
7 3
8 10
Case 250: 65
2 1
4 5
1 4
Case 251: 671
7 9
7 3
10 8
7 6
Case 252: 175
4 4
6 7
6 1
1 7
Case 253: 1695
9 10
9 9
Case 254: 65
5 1
5 4
1 3
Case 255: 1695
10 9
4 12
1 14
11 14
15 9
13 14
7 6
8 1
15 6
Case 256: 65
3 4
2 3
3 2
Case 257: 369
6 6
7 6
9 3
Case 258: 1695
13 13
Case 259: 1105
7 1
Case 260: 369
3 5
1 6
Case 261: 175
6 5
6 1
Case 262: 1105
2 1
2 3
7 12
7 5
8 1
5 2
7 1
13 13
7 6
Case 263: 1105
4 3
13 10
7 9
11 9
4 13
9 8
6 10
Case 264: 671
1 10
5 2
5 7
9 5
2 10
8 2
10 9
1 4
8 11
Case 265: 1105
7 1
11 2
12 7
Case 266: 175
5 6
Case 267: 1695
14 3
1 3
5 3
10 2
15 10
Case 268: 1105
1 2
7 13
5 6
6 10
5 3
6 11
13 4
10 8
13 12
12 13
Case 269: 1105
3 3
Case 270: 175
4 4
2 4
4 7
1 7
Case 271: 65
1 5
4 4
4 1
Case 272: 671
6 9
5 3
3 11
6 4
9 10
3 6
Case 273: 175
2 6
4 4
1 7
5 1
Case 274: 671
5 4
9 10
10 1
10 10
Case 275: 1695
2 12
12 13
14 2
11 7
Case 276: 1105
9 5
11 6
13 7
11 10
5 8
13 1
Case 277: 1695
6 2
11 7
14 7
12 4
15 7
10 5
Case 278: 1105
12 1
13 13
9 10
9 2
6 11
Case 279: 65
1 5
1 3
Case 280: 1105
3 8
7 5
5 5
12 8
12 12
9 13
12 4
11 7
6 3
Case 281: 369
5 5
5 1
1 8
4 3
Case 282: 1105
6 12
12 4
Case 283: 1105
11 2
4 5
Case 284: 175
6 2
2 6
4 7
3 2
Case 285: 1105
11 3
12 4
4 11
9 3
4 1
2 3
9 6
1 9
8 5
1 8
9 4
Case 286: 15
1 2
Case 287: 671
10 11
6 7
2 3
Case 288: 1695
14 15
12 7
1 12
11 1
2 1
10 14
3 2
8 10
15 15
14 8
6 2
14 12
15 7
Case 289: 369
9 9
9 5
4 7
3 8
5 4
Case 290: 1695
14 8
4 5
7 9
5 4
2 3
8 1
10 11
12 2
8 12
1 4
Case 291: 369
4 7
3 8
Case 292: 671
8 5
9 4
5 2
Case 293: 65
4 4
1 3
Case 294: 369
9 5
1 9
Case 295: 671
2 10
6 3
8 11
7 5
3 9
5 4
4 3
Case 296: 15
3 3
Case 297: 369
5 6
6 9
4 6
9 1
Case 298: 1695
4 11
Case 299: 369
8 6
Case 300: 1105
6 11
1 9
6 12
5 11
7 1
3 5
Case 301: 175
3 2
7 3
3 6
1 6
Case 302: 1695
7 7
9 7
3 15
14 8
4 14
1 7
Case 303: 671
1 8
Case 304: 671
5 2
6 9
6 11
4 6
2 4
7 2
Case 305: 1105
3 5
11 4
3 7
10 6
8 7
Case 306: 1695
14 15
2 7
7 4
5 6
14 9
14 1
1 13
1 7
1 15
13 1
9 13
Case 307: 175
3 2
2 5
6 5
Case 308: 369
1 2
7 7
4 9
Case 309: 1105
6 1
13 12
3 13
Case 310: 65
1 5
4 3
Case 311: 1105
8 6
5 6
Case 312: 15
1 3
Case 313: 65
3 2
2 5
Case 314: 369
3 9
9 4
Case 315: 1105
12 10
8 5
2 9
6 5
6 10
7 8
7 2
Case 316: 175
5 1
Case 317: 15
2 2
Case 318: 1105
13 6
9 7
11 10
4 5
3 11
3 9
8 12
Case 319: 1105
3 3
11 3
Case 320: 1105
8 11
7 2
10 8
8 7
Case 321: 15
2 2
Case 322: 369
2 1
9 4
6 6
4 1
1 4
Case 323: 175
5 3
6 1
Case 324: 369
5 6
2 6
8 5
Case 325: 65
1 2
3 4
Case 326: 1695
6 3
8 3
3 2
9 7
Case 327: 369
5 9
8 5
3 5
7 5
Case 328: 1695
5 12
10 8
Case 329: 65
5 5
Case 330: 369
2 4
Case 331: 671
1 11
9 8
9 4
5 6
1 5
Case 332: 671
7 9
5 2
11 2
5 3
4 5
Case 333: 369
6 6
3 2
8 1
9 7
Case 334: 65
4 2
Case 335: 1695
8 6
Case 336: 1695
14 6
Case 337: 1105
12 12
13 1
6 2
Case 338: 369
6 4
7 3
9 7
Case 339: 175
6 2
5 7
1 1
7 7
Case 340: 1105
7 12
10 1
Case 341: 1695
5 5
6 9
8 2
3 8
4 14
Case 342: 175
4 7
1 2
Case 343: 1695
12 2
14 10
6 2
13 2
4 3
13 9
3 5
2 5
12 13
10 11
Case 344: 369
6 6
4 7
6 4
2 9
Case 345: 1105
9 7
13 1
11 2
9 6
9 10
10 11
11 5
3 6
Case 346: 1695
14 4
9 8
Case 347: 175
4 4
3 2
5 7
Case 348: 1695
2 14
10 5
5 6
2 5
Case 349: 369
3 6
4 8
3 8
2 2
6 7
6 3
8 8
Case 350: 671
2 1
2 11
2 5
10 3
6 2
Case 351: 671
10 5
Case 352: 65
5 4
1 1
4 2
Case 353: 671
7 6
5 6
11 1
6 3
3 6
5 2
Case 354: 15
3 2
Case 355: 1695
4 2
5 15
13 8
4 10
10 5
12 14
7 13
1 12
10 12
4 15
3 9
Case 356: 369
5 7
1 9
7 5
9 9
Case 357: 175
7 2
1 3
3 6
7 6
5 5
Case 358: 175
6 1
5 5
Case 359: 175
2 1
6 1
Case 360: 369
7 1
2 3
3 1
2 4
Case 361: 369
6 1
1 5
Case 362: 671
3 2
4 1
2 7
Case 363: 369
9 1
7 9
Case 364: 671
1 1
Case 365: 175
7 7
5 2
4 3
Case 366: 175
5 5
Case 367: 369
8 6
1 5
5 2
3 3
Case 368: 671
5 1
3 1
5 3
Case 369: 1105
6 10
9 1
2 2
1 1
Case 370: 175
7 4
7 6
1 7
4 4
Case 371: 369
3 1
2 2
1 3
Case 372: 671
11 11
2 8
6 10
6 2
Case 373: 671
3 8
7 4
9 6
7 11
5 9
Case 374: 369
6 6
7 4
9 5
3 8
7 2
Case 375: 15
2 3
Case 376: 15
1 2
Case 377: 671
10 6
8 1
Case 378: 671
2 11
3 5
4 8
1 4
7 8
Case 379: 671
1 9
5 7
4 3
6 8
5 2
11 1
2 11
7 8
Case 380: 671
10 6
8 11
9 4
Case 381: 671
3 11
10 7
6 11
Case 382: 1105
5 3
6 10
12 4
3 7
5 2
11 2
9 8
11 13
2 7
Case 383: 1105
8 5
5 13
2 2
13 6
10 7
10 4
5 10
8 7
3 1
Case 384: 1105
12 12
6 13
5 3
3 10
9 12
1 13
11 5
3 13
8 8
Case 385: 175
6 6
2 2
4 7
2 1
Case 386: 65
2 3
Case 387: 175
4 4
6 7
7 1
Case 388: 65
4 2
1 1
3 4
Case 389: 671
2 9
5 8
10 4
3 11
5 10
5 9
2 6
Case 390: 65
5 3
5 2
1 3
Case 391: 1105
5 1
8 6
9 3
12 4
2 5
9 11
Case 392: 15
2 2
Case 393: 175
7 3
6 7
Case 394: 1695
14 4
7 14
4 9
1 10
9 15
9 3
8 10
15 14
2 7
4 6
10 13
Case 395: 175
3 2
6 3
7 6
Case 396: 65
5 4
Case 397: 369
7 9
Case 398: 175
4 7
2 2
2 3
Case 399: 1695
11 2
7 9
9 15
13 7
11 10
5 9
14 1
Case 400: 15
3 1
Case 401: 671
2 9
1 6
7 8
Case 402: 671
1 5
4 7
7 6
Case 403: 65
5 3
1 3
5 4
Case 404: 175
1 7
7 6
4 4
Case 405: 1695
1 8
Case 406: 175
2 5
Case 407: 1695
10 5
1 1
12 14
9 8
1 14
12 8
8 4
6 8
7 2
9 14
Case 408: 1105
4 12
6 5
4 8
12 9
6 11
2 11
10 12
Case 409: 15
2 2
Case 410: 65
3 3
5 1
Case 411: 369
2 1
Case 412: 369
9 7
8 8
Case 413: 1695
15 11
2 5
7 2
10 4
3 4
2 10
7 6
10 3
7 3
1 7
Case 414: 369
1 5
3 3
6 3
6 6
9 8
8 9
Case 415: 175
3 4
7 7
3 2
Case 416: 369
3 1
7 8
4 8
1 4
8 7
7 3
3 4
Case 417: 15
3 2
Case 418: 65
2 5
Case 419: 671
6 8
Case 420: 1105
1 6
11 9
1 5
4 4
8 7
9 7
1 8
12 3
10 11
Case 421: 369
7 9
9 4
Case 422: 1105
2 3
5 12
1 7
4 6
10 13
12 8
6 2
2 7
Case 423: 175
4 7
Case 424: 1105
3 3
9 5
1 10
10 7
10 10
1 13
Case 425: 65
5 1
Case 426: 175
5 6
4 7
6 4
Case 427: 15
1 2
Case 428: 1105
9 1
4 11
2 5
Case 429: 1105
10 12
9 11
10 3
Case 430: 175
3 2
Case 431: 671
2 11
10 10
5 10
8 10
7 9
Case 432: 175
6 1
3 6
5 6
4 6
Case 433: 65
1 5
3 5
Case 434: 65
4 3
5 3
1 1
Case 435: 369
3 6
9 7
6 5
9 9
6 2
8 5
Case 436: 1105
10 7
6 11
11 11
7 12
13 12
7 8
4 3
Case 437: 1105
10 8
5 5
6 13
9 3
7 7
4 5
9 2
11 3
12 8
Case 438: 1695
7 5
5 15
10 6
5 9
7 3
11 12
6 11
Case 439: 65
2 5
3 4
Case 440: 369
1 3
9 7
7 6
8 5
6 9
7 9
9 9
Case 441: 65
2 5
Case 442: 369
8 9
Case 443: 369
4 9
1 3
6 7
7 2
9 1
1 5
Case 444: 671
8 2
7 5
6 7
4 9
3 7
8 10
6 10
4 3
3 3
Case 445: 1105
9 5
1 13
Case 446: 1105
9 3
13 13
Case 447: 65
4 1
1 4
Case 448: 175
6 5
7 6
7 4
Case 449: 175
7 2
3 4
6 5
Case 450: 671
6 3
10 11
4 11
10 4
Case 451: 671
4 10
9 6
8 4
1 10
Case 452: 1695
7 12
3 15
10 15
8 15
11 2
8 13
11 7
8 5
1 9
8 12
Case 453: 65
1 3
Case 454: 369
8 3
9 5
3 4
2 6
6 4
1 9
1 7
Case 455: 369
4 4
6 7
4 6
3 3
Case 456: 671
8 7
5 8
3 8
9 4
2 3
3 9
9 3
Case 457: 175
1 6
4 5
2 1
Case 458: 175
4 4
3 3
4 6
5 1
1 7
Case 459: 1695
4 8
15 3
1 9
Case 460: 15
2 2
Case 461: 65
4 3
1 4
Case 462: 1695
4 12
3 13
9 2
14 4
9 5
Case 463: 369
4 4
5 1
6 9
Case 464: 175
4 7
Case 465: 65
1 4
1 3
Case 466: 175
3 3
1 3
6 3
7 7
Case 467: 175
6 2
4 1
1 1
6 6
Case 468: 65
2 4
4 4
Case 469: 1105
9 7
8 6
5 5
13 8
4 5
12 10
12 13
7 9
9 5
7 1
Case 470: 671
10 1
2 1
8 3
8 1
6 5
Case 471: 175
3 4
6 5
Case 472: 15
2 2
Case 473: 1695
13 4
Case 474: 671
1 10
11 6
Case 475: 1695
5 8
3 4
12 3
3 6
10 12
9 7
1 13
13 11
Case 476: 1695
3 4
3 9
10 14
3 12
4 11
13 8
3 15
4 14
2 6
4 4
Case 477: 1105
4 5
8 5
4 11
3 4
10 7
Case 478: 15
1 3
Case 479: 1105
7 9
11 4
3 6
8 1
7 10
5 12
3 2
5 6
Case 480: 1695
7 14
6 15
Case 481: 1695
6 7
11 12
6 10
4 2
12 6
7 9
9 6
Case 482: 1695
4 3
3 7
2 9
12 14
1 8
5 11
2 3
Case 483: 671
4 9
11 9
3 4
5 8
11 3
6 9
9 4
7 4
Case 484: 1105
3 2
7 4
6 3
4 4
Case 485: 1105
2 12
Case 486: 1105
1 6
4 2
2 8
13 2
4 10
1 5
9 7
8 2
Case 487: 1695
7 6
Case 488: 175
1 1
5 1
Case 489: 65
5 4
Case 490: 369
5 8
Case 491: 1695
12 13
11 3
3 2
15 10
15 8
Case 492: 671
3 11
Case 493: 671
3 10
1 4
6 11
10 8
2 9
8 8
Case 494: 175
6 1
6 7
3 2
2 5
Case 495: 1695
3 6
10 15
11 3
3 11
10 14
14 4
Case 496: 1695
6 7
15 7
13 13
7 11
2 15
8 13
7 5
3 10
Case 497: 15
1 3
Case 498: 1695
11 3
2 3
6 14
Case 499: 65
3 4
4 1
Case 500: 671
6 7
10 6
5 1
7 3
11 6
8 8
